[0.037s] Invoking command in '/Users/alessandrochinello/distrobox/ubuntu_ros/lab/Lab3/build/custom_action_interfaces': CMAKE_PREFIX_PATH=${CMAKE_PREFIX_PATH}:/opt/ros/jazzy CXXFLAGS=-I/opt/homebrew/Cellar/opencv/4.11.0_1/include/opencv4 /usr/bin/cmake --build /Users/alessandrochinello/distrobox/ubuntu_ros/lab/Lab3/build/custom_action_interfaces -- -j4 -l4
[0.249s] [  2%] Built target custom_action_interfaces__rosidl_generator_type_description
[0.304s] [  5%] Built target custom_action_interfaces__cpp
[0.320s] [  5%] Built target ament_cmake_python_copy_custom_action_interfaces
[0.431s] [ 20%] Built target custom_action_interfaces__rosidl_generator_c
[0.696s] running egg_info
[0.720s] writing custom_action_interfaces.egg-info/PKG-INFO
[0.722s] writing dependency_links to custom_action_interfaces.egg-info/dependency_links.txt
[0.724s] writing top-level names to custom_action_interfaces.egg-info/top_level.txt
[0.803s] reading manifest file 'custom_action_interfaces.egg-info/SOURCES.txt'
[0.810s] writing manifest file 'custom_action_interfaces.egg-info/SOURCES.txt'
[0.826s] [ 32%] Built target custom_action_interfaces__rosidl_typesupport_introspection_cpp
[0.830s] [ 38%] Built target custom_action_interfaces__rosidl_typesupport_cpp
[0.869s] [ 38%] Built target ament_cmake_python_build_custom_action_interfaces_egg
[0.891s] [ 47%] Built target custom_action_interfaces__rosidl_typesupport_fastrtps_cpp
[0.955s] [ 55%] Built target custom_action_interfaces__rosidl_typesupport_introspection_c
[0.976s] [ 64%] Built target custom_action_interfaces__rosidl_typesupport_c
[1.048s] [ 73%] Built target custom_action_interfaces__rosidl_typesupport_fastrtps_c
[1.079s] [ 73%] Built target custom_action_interfaces
[1.115s] [ 76%] Built target custom_action_interfaces__py
[1.281s] [ 82%] Built target custom_action_interfaces__rosidl_generator_py
[1.475s] [100%] Built target custom_action_interfaces_s__rosidl_typesupport_introspection_c
[1.476s] [100%] Built target custom_action_interfaces_s__rosidl_typesupport_fastrtps_c
[1.476s] [100%] Built target custom_action_interfaces_s__rosidl_typesupport_c
[1.499s] Invoked command in '/Users/alessandrochinello/distrobox/ubuntu_ros/lab/Lab3/build/custom_action_interfaces' returned '0': CMAKE_PREFIX_PATH=${CMAKE_PREFIX_PATH}:/opt/ros/jazzy CXXFLAGS=-I/opt/homebrew/Cellar/opencv/4.11.0_1/include/opencv4 /usr/bin/cmake --build /Users/alessandrochinello/distrobox/ubuntu_ros/lab/Lab3/build/custom_action_interfaces -- -j4 -l4
[1.518s] Invoking command in '/Users/alessandrochinello/distrobox/ubuntu_ros/lab/Lab3/build/custom_action_interfaces': CMAKE_PREFIX_PATH=${CMAKE_PREFIX_PATH}:/opt/ros/jazzy CXXFLAGS=-I/opt/homebrew/Cellar/opencv/4.11.0_1/include/opencv4 /usr/bin/cmake --install /Users/alessandrochinello/distrobox/ubuntu_ros/lab/Lab3/build/custom_action_interfaces
[1.533s] -- Install configuration: ""
[1.534s] -- Up-to-date: /Users/alessandrochinello/distrobox/ubuntu_ros/lab/Lab3/install/custom_action_interfaces/share/ament_index/resource_index/rosidl_interfaces/custom_action_interfaces
[1.535s] -- Up-to-date: /Users/alessandrochinello/distrobox/ubuntu_ros/lab/Lab3/install/custom_action_interfaces/share/custom_action_interfaces/action/Fibonacci.json
[1.535s] -- Up-to-date: /Users/alessandrochinello/distrobox/ubuntu_ros/lab/Lab3/install/custom_action_interfaces/include/custom_action_interfaces/custom_action_interfaces
[1.536s] -- Up-to-date: /Users/alessandrochinello/distrobox/ubuntu_ros/lab/Lab3/install/custom_action_interfaces/include/custom_action_interfaces/custom_action_interfaces/msg
[1.537s] -- Up-to-date: /Users/alessandrochinello/distrobox/ubuntu_ros/lab/Lab3/install/custom_action_interfaces/include/custom_action_interfaces/custom_action_interfaces/msg/rosidl_generator_c__visibility_control.h
[1.537s] -- Up-to-date: /Users/alessandrochinello/distrobox/ubuntu_ros/lab/Lab3/install/custom_action_interfaces/include/custom_action_interfaces/custom_action_interfaces/action
[1.538s] -- Up-to-date: /Users/alessandrochinello/distrobox/ubuntu_ros/lab/Lab3/install/custom_action_interfaces/include/custom_action_interfaces/custom_action_interfaces/action/detail
[1.539s] -- Up-to-date: /Users/alessandrochinello/distrobox/ubuntu_ros/lab/Lab3/install/custom_action_interfaces/include/custom_action_interfaces/custom_action_interfaces/action/detail/fibonacci__functions.c
[1.540s] -- Up-to-date: /Users/alessandrochinello/distrobox/ubuntu_ros/lab/Lab3/install/custom_action_interfaces/include/custom_action_interfaces/custom_action_interfaces/action/detail/fibonacci__type_support.h
[1.540s] -- Up-to-date: /Users/alessandrochinello/distrobox/ubuntu_ros/lab/Lab3/install/custom_action_interfaces/include/custom_action_interfaces/custom_action_interfaces/action/detail/fibonacci__struct.h
[1.541s] -- Installing: /Users/alessandrochinello/distrobox/ubuntu_ros/lab/Lab3/install/custom_action_interfaces/include/custom_action_interfaces/custom_action_interfaces/action/detail/fibonacci__type_support.c
[1.542s] -- Up-to-date: /Users/alessandrochinello/distrobox/ubuntu_ros/lab/Lab3/install/custom_action_interfaces/include/custom_action_interfaces/custom_action_interfaces/action/detail/fibonacci__functions.h
[1.542s] -- Up-to-date: /Users/alessandrochinello/distrobox/ubuntu_ros/lab/Lab3/install/custom_action_interfaces/include/custom_action_interfaces/custom_action_interfaces/action/detail/fibonacci__description.c
[1.543s] -- Up-to-date: /Users/alessandrochinello/distrobox/ubuntu_ros/lab/Lab3/install/custom_action_interfaces/include/custom_action_interfaces/custom_action_interfaces/action/fibonacci.h
[1.544s] -- Up-to-date: /Users/alessandrochinello/distrobox/ubuntu_ros/lab/Lab3/install/custom_action_interfaces/share/custom_action_interfaces/environment/library_path.sh
[1.544s] -- Up-to-date: /Users/alessandrochinello/distrobox/ubuntu_ros/lab/Lab3/install/custom_action_interfaces/share/custom_action_interfaces/environment/library_path.dsv
[1.545s] -- Up-to-date: /Users/alessandrochinello/distrobox/ubuntu_ros/lab/Lab3/install/custom_action_interfaces/lib/libcustom_action_interfaces__rosidl_generator_c.so
[1.546s] -- Up-to-date: /Users/alessandrochinello/distrobox/ubuntu_ros/lab/Lab3/install/custom_action_interfaces/include/custom_action_interfaces/custom_action_interfaces
[1.546s] -- Up-to-date: /Users/alessandrochinello/distrobox/ubuntu_ros/lab/Lab3/install/custom_action_interfaces/include/custom_action_interfaces/custom_action_interfaces/msg
[1.547s] -- Up-to-date: /Users/alessandrochinello/distrobox/ubuntu_ros/lab/Lab3/install/custom_action_interfaces/include/custom_action_interfaces/custom_action_interfaces/msg/rosidl_typesupport_fastrtps_c__visibility_control.h
[1.548s] -- Up-to-date: /Users/alessandrochinello/distrobox/ubuntu_ros/lab/Lab3/install/custom_action_interfaces/include/custom_action_interfaces/custom_action_interfaces/action
[1.548s] -- Up-to-date: /Users/alessandrochinello/distrobox/ubuntu_ros/lab/Lab3/install/custom_action_interfaces/include/custom_action_interfaces/custom_action_interfaces/action/detail
[1.549s] -- Up-to-date: /Users/alessandrochinello/distrobox/ubuntu_ros/lab/Lab3/install/custom_action_interfaces/include/custom_action_interfaces/custom_action_interfaces/action/detail/fibonacci__rosidl_typesupport_fastrtps_c.h
[1.549s] -- Up-to-date: /Users/alessandrochinello/distrobox/ubuntu_ros/lab/Lab3/install/custom_action_interfaces/lib/libcustom_action_interfaces__rosidl_typesupport_fastrtps_c.so
[1.550s] -- Up-to-date: /Users/alessandrochinello/distrobox/ubuntu_ros/lab/Lab3/install/custom_action_interfaces/include/custom_action_interfaces/custom_action_interfaces
[1.551s] -- Up-to-date: /Users/alessandrochinello/distrobox/ubuntu_ros/lab/Lab3/install/custom_action_interfaces/include/custom_action_interfaces/custom_action_interfaces/msg
[1.551s] -- Up-to-date: /Users/alessandrochinello/distrobox/ubuntu_ros/lab/Lab3/install/custom_action_interfaces/include/custom_action_interfaces/custom_action_interfaces/msg/rosidl_typesupport_introspection_c__visibility_control.h
[1.552s] -- Up-to-date: /Users/alessandrochinello/distrobox/ubuntu_ros/lab/Lab3/install/custom_action_interfaces/include/custom_action_interfaces/custom_action_interfaces/action
[1.553s] -- Up-to-date: /Users/alessandrochinello/distrobox/ubuntu_ros/lab/Lab3/install/custom_action_interfaces/include/custom_action_interfaces/custom_action_interfaces/action/detail
[1.553s] -- Installing: /Users/alessandrochinello/distrobox/ubuntu_ros/lab/Lab3/install/custom_action_interfaces/include/custom_action_interfaces/custom_action_interfaces/action/detail/fibonacci__type_support.c
[1.555s] -- Up-to-date: /Users/alessandrochinello/distrobox/ubuntu_ros/lab/Lab3/install/custom_action_interfaces/include/custom_action_interfaces/custom_action_interfaces/action/detail/fibonacci__rosidl_typesupport_introspection_c.h
[1.556s] -- Up-to-date: /Users/alessandrochinello/distrobox/ubuntu_ros/lab/Lab3/install/custom_action_interfaces/lib/libcustom_action_interfaces__rosidl_typesupport_introspection_c.so
[1.558s] -- Up-to-date: /Users/alessandrochinello/distrobox/ubuntu_ros/lab/Lab3/install/custom_action_interfaces/lib/libcustom_action_interfaces__rosidl_typesupport_c.so
[1.560s] -- Up-to-date: /Users/alessandrochinello/distrobox/ubuntu_ros/lab/Lab3/install/custom_action_interfaces/include/custom_action_interfaces/custom_action_interfaces
[1.560s] -- Up-to-date: /Users/alessandrochinello/distrobox/ubuntu_ros/lab/Lab3/install/custom_action_interfaces/include/custom_action_interfaces/custom_action_interfaces/msg
[1.561s] -- Up-to-date: /Users/alessandrochinello/distrobox/ubuntu_ros/lab/Lab3/install/custom_action_interfaces/include/custom_action_interfaces/custom_action_interfaces/msg/rosidl_generator_cpp__visibility_control.hpp
[1.562s] -- Up-to-date: /Users/alessandrochinello/distrobox/ubuntu_ros/lab/Lab3/install/custom_action_interfaces/include/custom_action_interfaces/custom_action_interfaces/action
[1.562s] -- Up-to-date: /Users/alessandrochinello/distrobox/ubuntu_ros/lab/Lab3/install/custom_action_interfaces/include/custom_action_interfaces/custom_action_interfaces/action/fibonacci.hpp
[1.563s] -- Up-to-date: /Users/alessandrochinello/distrobox/ubuntu_ros/lab/Lab3/install/custom_action_interfaces/include/custom_action_interfaces/custom_action_interfaces/action/detail
[1.564s] -- Up-to-date: /Users/alessandrochinello/distrobox/ubuntu_ros/lab/Lab3/install/custom_action_interfaces/include/custom_action_interfaces/custom_action_interfaces/action/detail/fibonacci__builder.hpp
[1.564s] -- Up-to-date: /Users/alessandrochinello/distrobox/ubuntu_ros/lab/Lab3/install/custom_action_interfaces/include/custom_action_interfaces/custom_action_interfaces/action/detail/fibonacci__struct.hpp
[1.565s] -- Up-to-date: /Users/alessandrochinello/distrobox/ubuntu_ros/lab/Lab3/install/custom_action_interfaces/include/custom_action_interfaces/custom_action_interfaces/action/detail/fibonacci__traits.hpp
[1.565s] -- Up-to-date: /Users/alessandrochinello/distrobox/ubuntu_ros/lab/Lab3/install/custom_action_interfaces/include/custom_action_interfaces/custom_action_interfaces/action/detail/fibonacci__type_support.hpp
[1.566s] -- Up-to-date: /Users/alessandrochinello/distrobox/ubuntu_ros/lab/Lab3/install/custom_action_interfaces/include/custom_action_interfaces/custom_action_interfaces
[1.567s] -- Up-to-date: /Users/alessandrochinello/distrobox/ubuntu_ros/lab/Lab3/install/custom_action_interfaces/include/custom_action_interfaces/custom_action_interfaces/msg
[1.567s] -- Up-to-date: /Users/alessandrochinello/distrobox/ubuntu_ros/lab/Lab3/install/custom_action_interfaces/include/custom_action_interfaces/custom_action_interfaces/msg/rosidl_typesupport_fastrtps_cpp__visibility_control.h
[1.568s] -- Up-to-date: /Users/alessandrochinello/distrobox/ubuntu_ros/lab/Lab3/install/custom_action_interfaces/include/custom_action_interfaces/custom_action_interfaces/action
[1.568s] -- Up-to-date: /Users/alessandrochinello/distrobox/ubuntu_ros/lab/Lab3/install/custom_action_interfaces/include/custom_action_interfaces/custom_action_interfaces/action/detail
[1.569s] -- Up-to-date: /Users/alessandrochinello/distrobox/ubuntu_ros/lab/Lab3/install/custom_action_interfaces/include/custom_action_interfaces/custom_action_interfaces/action/detail/fibonacci__rosidl_typesupport_fastrtps_cpp.hpp
[1.571s] -- Up-to-date: /Users/alessandrochinello/distrobox/ubuntu_ros/lab/Lab3/install/custom_action_interfaces/include/custom_action_interfaces/custom_action_interfaces/action/detail/dds_fastrtps
[1.571s] -- Up-to-date: /Users/alessandrochinello/distrobox/ubuntu_ros/lab/Lab3/install/custom_action_interfaces/lib/libcustom_action_interfaces__rosidl_typesupport_fastrtps_cpp.so
[1.572s] -- Up-to-date: /Users/alessandrochinello/distrobox/ubuntu_ros/lab/Lab3/install/custom_action_interfaces/include/custom_action_interfaces/custom_action_interfaces
[1.573s] -- Up-to-date: /Users/alessandrochinello/distrobox/ubuntu_ros/lab/Lab3/install/custom_action_interfaces/include/custom_action_interfaces/custom_action_interfaces/action
[1.573s] -- Up-to-date: /Users/alessandrochinello/distrobox/ubuntu_ros/lab/Lab3/install/custom_action_interfaces/include/custom_action_interfaces/custom_action_interfaces/action/detail
[1.574s] -- Up-to-date: /Users/alessandrochinello/distrobox/ubuntu_ros/lab/Lab3/install/custom_action_interfaces/include/custom_action_interfaces/custom_action_interfaces/action/detail/fibonacci__rosidl_typesupport_introspection_cpp.hpp
[1.574s] -- Up-to-date: /Users/alessandrochinello/distrobox/ubuntu_ros/lab/Lab3/install/custom_action_interfaces/include/custom_action_interfaces/custom_action_interfaces/action/detail/fibonacci__type_support.cpp
[1.575s] -- Up-to-date: /Users/alessandrochinello/distrobox/ubuntu_ros/lab/Lab3/install/custom_action_interfaces/lib/libcustom_action_interfaces__rosidl_typesupport_introspection_cpp.so
[1.575s] -- Up-to-date: /Users/alessandrochinello/distrobox/ubuntu_ros/lab/Lab3/install/custom_action_interfaces/lib/libcustom_action_interfaces__rosidl_typesupport_cpp.so
[1.576s] -- Up-to-date: /Users/alessandrochinello/distrobox/ubuntu_ros/lab/Lab3/install/custom_action_interfaces/share/custom_action_interfaces/environment/pythonpath.sh
[1.577s] -- Up-to-date: /Users/alessandrochinello/distrobox/ubuntu_ros/lab/Lab3/install/custom_action_interfaces/share/custom_action_interfaces/environment/pythonpath.dsv
[1.577s] -- Up-to-date: /Users/alessandrochinello/distrobox/ubuntu_ros/lab/Lab3/install/custom_action_interfaces/lib/python3.12/site-packages/custom_action_interfaces-0.0.0-py3.12.egg-info
[1.578s] -- Installing: /Users/alessandrochinello/distrobox/ubuntu_ros/lab/Lab3/install/custom_action_interfaces/lib/python3.12/site-packages/custom_action_interfaces-0.0.0-py3.12.egg-info/PKG-INFO
[1.579s] -- Installing: /Users/alessandrochinello/distrobox/ubuntu_ros/lab/Lab3/install/custom_action_interfaces/lib/python3.12/site-packages/custom_action_interfaces-0.0.0-py3.12.egg-info/SOURCES.txt
[1.579s] -- Installing: /Users/alessandrochinello/distrobox/ubuntu_ros/lab/Lab3/install/custom_action_interfaces/lib/python3.12/site-packages/custom_action_interfaces-0.0.0-py3.12.egg-info/top_level.txt
[1.582s] -- Installing: /Users/alessandrochinello/distrobox/ubuntu_ros/lab/Lab3/install/custom_action_interfaces/lib/python3.12/site-packages/custom_action_interfaces-0.0.0-py3.12.egg-info/dependency_links.txt
[1.584s] -- Up-to-date: /Users/alessandrochinello/distrobox/ubuntu_ros/lab/Lab3/install/custom_action_interfaces/lib/python3.12/site-packages/custom_action_interfaces
[1.585s] -- Up-to-date: /Users/alessandrochinello/distrobox/ubuntu_ros/lab/Lab3/install/custom_action_interfaces/lib/python3.12/site-packages/custom_action_interfaces/_custom_action_interfaces_s.ep.rosidl_typesupport_fastrtps_c.c
[1.585s] -- Up-to-date: /Users/alessandrochinello/distrobox/ubuntu_ros/lab/Lab3/install/custom_action_interfaces/lib/python3.12/site-packages/custom_action_interfaces/__init__.py
[1.586s] -- Up-to-date: /Users/alessandrochinello/distrobox/ubuntu_ros/lab/Lab3/install/custom_action_interfaces/lib/python3.12/site-packages/custom_action_interfaces/custom_action_interfaces_s__rosidl_typesupport_introspection_c.so
[1.586s] -- Up-to-date: /Users/alessandrochinello/distrobox/ubuntu_ros/lab/Lab3/install/custom_action_interfaces/lib/python3.12/site-packages/custom_action_interfaces/custom_action_interfaces_s__rosidl_typesupport_c.so
[1.587s] -- Up-to-date: /Users/alessandrochinello/distrobox/ubuntu_ros/lab/Lab3/install/custom_action_interfaces/lib/python3.12/site-packages/custom_action_interfaces/action
[1.588s] -- Up-to-date: /Users/alessandrochinello/distrobox/ubuntu_ros/lab/Lab3/install/custom_action_interfaces/lib/python3.12/site-packages/custom_action_interfaces/action/__init__.py
[1.588s] -- Up-to-date: /Users/alessandrochinello/distrobox/ubuntu_ros/lab/Lab3/install/custom_action_interfaces/lib/python3.12/site-packages/custom_action_interfaces/action/_fibonacci.py
[1.589s] -- Up-to-date: /Users/alessandrochinello/distrobox/ubuntu_ros/lab/Lab3/install/custom_action_interfaces/lib/python3.12/site-packages/custom_action_interfaces/action/_fibonacci_s.c
[1.590s] -- Up-to-date: /Users/alessandrochinello/distrobox/ubuntu_ros/lab/Lab3/install/custom_action_interfaces/lib/python3.12/site-packages/custom_action_interfaces/custom_action_interfaces_s__rosidl_typesupport_fastrtps_c.so
[1.590s] -- Up-to-date: /Users/alessandrochinello/distrobox/ubuntu_ros/lab/Lab3/install/custom_action_interfaces/lib/python3.12/site-packages/custom_action_interfaces/_custom_action_interfaces_s.ep.rosidl_typesupport_c.c
[1.591s] -- Up-to-date: /Users/alessandrochinello/distrobox/ubuntu_ros/lab/Lab3/install/custom_action_interfaces/lib/python3.12/site-packages/custom_action_interfaces/_custom_action_interfaces_s.ep.rosidl_typesupport_introspection_c.c
[1.638s] Listing '/Users/alessandrochinello/distrobox/ubuntu_ros/lab/Lab3/install/custom_action_interfaces/lib/python3.12/site-packages/custom_action_interfaces'...
[1.638s] Listing '/Users/alessandrochinello/distrobox/ubuntu_ros/lab/Lab3/install/custom_action_interfaces/lib/python3.12/site-packages/custom_action_interfaces/action'...
[1.646s] -- Up-to-date: /Users/alessandrochinello/distrobox/ubuntu_ros/lab/Lab3/install/custom_action_interfaces/lib/python3.12/site-packages/custom_action_interfaces/custom_action_interfaces_s__rosidl_typesupport_fastrtps_c.so
[1.647s] -- Up-to-date: /Users/alessandrochinello/distrobox/ubuntu_ros/lab/Lab3/install/custom_action_interfaces/lib/python3.12/site-packages/custom_action_interfaces/custom_action_interfaces_s__rosidl_typesupport_introspection_c.so
[1.649s] -- Up-to-date: /Users/alessandrochinello/distrobox/ubuntu_ros/lab/Lab3/install/custom_action_interfaces/lib/python3.12/site-packages/custom_action_interfaces/custom_action_interfaces_s__rosidl_typesupport_c.so
[1.651s] -- Up-to-date: /Users/alessandrochinello/distrobox/ubuntu_ros/lab/Lab3/install/custom_action_interfaces/lib/libcustom_action_interfaces__rosidl_generator_py.so
[1.652s] -- Up-to-date: /Users/alessandrochinello/distrobox/ubuntu_ros/lab/Lab3/install/custom_action_interfaces/share/custom_action_interfaces/action/Fibonacci.idl
[1.652s] -- Up-to-date: /Users/alessandrochinello/distrobox/ubuntu_ros/lab/Lab3/install/custom_action_interfaces/share/custom_action_interfaces/action/Fibonacci.action
[1.652s] -- Up-to-date: /Users/alessandrochinello/distrobox/ubuntu_ros/lab/Lab3/install/custom_action_interfaces/share/ament_index/resource_index/package_run_dependencies/custom_action_interfaces
[1.653s] -- Up-to-date: /Users/alessandrochinello/distrobox/ubuntu_ros/lab/Lab3/install/custom_action_interfaces/share/ament_index/resource_index/parent_prefix_path/custom_action_interfaces
[1.653s] -- Up-to-date: /Users/alessandrochinello/distrobox/ubuntu_ros/lab/Lab3/install/custom_action_interfaces/share/custom_action_interfaces/environment/ament_prefix_path.sh
[1.654s] -- Up-to-date: /Users/alessandrochinello/distrobox/ubuntu_ros/lab/Lab3/install/custom_action_interfaces/share/custom_action_interfaces/environment/ament_prefix_path.dsv
[1.654s] -- Up-to-date: /Users/alessandrochinello/distrobox/ubuntu_ros/lab/Lab3/install/custom_action_interfaces/share/custom_action_interfaces/environment/path.sh
[1.654s] -- Up-to-date: /Users/alessandrochinello/distrobox/ubuntu_ros/lab/Lab3/install/custom_action_interfaces/share/custom_action_interfaces/environment/path.dsv
[1.655s] -- Up-to-date: /Users/alessandrochinello/distrobox/ubuntu_ros/lab/Lab3/install/custom_action_interfaces/share/custom_action_interfaces/local_setup.bash
[1.655s] -- Up-to-date: /Users/alessandrochinello/distrobox/ubuntu_ros/lab/Lab3/install/custom_action_interfaces/share/custom_action_interfaces/local_setup.sh
[1.656s] -- Up-to-date: /Users/alessandrochinello/distrobox/ubuntu_ros/lab/Lab3/install/custom_action_interfaces/share/custom_action_interfaces/local_setup.zsh
[1.656s] -- Up-to-date: /Users/alessandrochinello/distrobox/ubuntu_ros/lab/Lab3/install/custom_action_interfaces/share/custom_action_interfaces/local_setup.dsv
[1.657s] -- Installing: /Users/alessandrochinello/distrobox/ubuntu_ros/lab/Lab3/install/custom_action_interfaces/share/custom_action_interfaces/package.dsv
[1.657s] -- Up-to-date: /Users/alessandrochinello/distrobox/ubuntu_ros/lab/Lab3/install/custom_action_interfaces/share/ament_index/resource_index/packages/custom_action_interfaces
[1.659s] -- Up-to-date: /Users/alessandrochinello/distrobox/ubuntu_ros/lab/Lab3/install/custom_action_interfaces/share/custom_action_interfaces/cmake/export_custom_action_interfaces__rosidl_generator_cExport.cmake
[1.660s] -- Up-to-date: /Users/alessandrochinello/distrobox/ubuntu_ros/lab/Lab3/install/custom_action_interfaces/share/custom_action_interfaces/cmake/export_custom_action_interfaces__rosidl_generator_cExport-noconfig.cmake
[1.661s] -- Up-to-date: /Users/alessandrochinello/distrobox/ubuntu_ros/lab/Lab3/install/custom_action_interfaces/share/custom_action_interfaces/cmake/export_custom_action_interfaces__rosidl_typesupport_fastrtps_cExport.cmake
[1.662s] -- Up-to-date: /Users/alessandrochinello/distrobox/ubuntu_ros/lab/Lab3/install/custom_action_interfaces/share/custom_action_interfaces/cmake/export_custom_action_interfaces__rosidl_typesupport_fastrtps_cExport-noconfig.cmake
[1.662s] -- Up-to-date: /Users/alessandrochinello/distrobox/ubuntu_ros/lab/Lab3/install/custom_action_interfaces/share/custom_action_interfaces/cmake/custom_action_interfaces__rosidl_typesupport_introspection_cExport.cmake
[1.663s] -- Up-to-date: /Users/alessandrochinello/distrobox/ubuntu_ros/lab/Lab3/install/custom_action_interfaces/share/custom_action_interfaces/cmake/custom_action_interfaces__rosidl_typesupport_introspection_cExport-noconfig.cmake
[1.664s] -- Up-to-date: /Users/alessandrochinello/distrobox/ubuntu_ros/lab/Lab3/install/custom_action_interfaces/share/custom_action_interfaces/cmake/custom_action_interfaces__rosidl_typesupport_cExport.cmake
[1.665s] -- Up-to-date: /Users/alessandrochinello/distrobox/ubuntu_ros/lab/Lab3/install/custom_action_interfaces/share/custom_action_interfaces/cmake/custom_action_interfaces__rosidl_typesupport_cExport-noconfig.cmake
[1.666s] -- Up-to-date: /Users/alessandrochinello/distrobox/ubuntu_ros/lab/Lab3/install/custom_action_interfaces/share/custom_action_interfaces/cmake/export_custom_action_interfaces__rosidl_generator_cppExport.cmake
[1.667s] -- Up-to-date: /Users/alessandrochinello/distrobox/ubuntu_ros/lab/Lab3/install/custom_action_interfaces/share/custom_action_interfaces/cmake/export_custom_action_interfaces__rosidl_typesupport_fastrtps_cppExport.cmake
[1.667s] -- Up-to-date: /Users/alessandrochinello/distrobox/ubuntu_ros/lab/Lab3/install/custom_action_interfaces/share/custom_action_interfaces/cmake/export_custom_action_interfaces__rosidl_typesupport_fastrtps_cppExport-noconfig.cmake
[1.668s] -- Up-to-date: /Users/alessandrochinello/distrobox/ubuntu_ros/lab/Lab3/install/custom_action_interfaces/share/custom_action_interfaces/cmake/custom_action_interfaces__rosidl_typesupport_introspection_cppExport.cmake
[1.669s] -- Up-to-date: /Users/alessandrochinello/distrobox/ubuntu_ros/lab/Lab3/install/custom_action_interfaces/share/custom_action_interfaces/cmake/custom_action_interfaces__rosidl_typesupport_introspection_cppExport-noconfig.cmake
[1.670s] -- Up-to-date: /Users/alessandrochinello/distrobox/ubuntu_ros/lab/Lab3/install/custom_action_interfaces/share/custom_action_interfaces/cmake/custom_action_interfaces__rosidl_typesupport_cppExport.cmake
[1.671s] -- Up-to-date: /Users/alessandrochinello/distrobox/ubuntu_ros/lab/Lab3/install/custom_action_interfaces/share/custom_action_interfaces/cmake/custom_action_interfaces__rosidl_typesupport_cppExport-noconfig.cmake
[1.671s] -- Up-to-date: /Users/alessandrochinello/distrobox/ubuntu_ros/lab/Lab3/install/custom_action_interfaces/share/custom_action_interfaces/cmake/export_custom_action_interfaces__rosidl_generator_pyExport.cmake
[1.672s] -- Up-to-date: /Users/alessandrochinello/distrobox/ubuntu_ros/lab/Lab3/install/custom_action_interfaces/share/custom_action_interfaces/cmake/export_custom_action_interfaces__rosidl_generator_pyExport-noconfig.cmake
[1.672s] -- Up-to-date: /Users/alessandrochinello/distrobox/ubuntu_ros/lab/Lab3/install/custom_action_interfaces/share/custom_action_interfaces/cmake/rosidl_cmake-extras.cmake
[1.673s] -- Up-to-date: /Users/alessandrochinello/distrobox/ubuntu_ros/lab/Lab3/install/custom_action_interfaces/share/custom_action_interfaces/cmake/ament_cmake_export_dependencies-extras.cmake
[1.673s] -- Up-to-date: /Users/alessandrochinello/distrobox/ubuntu_ros/lab/Lab3/install/custom_action_interfaces/share/custom_action_interfaces/cmake/ament_cmake_export_include_directories-extras.cmake
[1.674s] -- Up-to-date: /Users/alessandrochinello/distrobox/ubuntu_ros/lab/Lab3/install/custom_action_interfaces/share/custom_action_interfaces/cmake/ament_cmake_export_libraries-extras.cmake
[1.675s] -- Up-to-date: /Users/alessandrochinello/distrobox/ubuntu_ros/lab/Lab3/install/custom_action_interfaces/share/custom_action_interfaces/cmake/ament_cmake_export_targets-extras.cmake
[1.676s] -- Up-to-date: /Users/alessandrochinello/distrobox/ubuntu_ros/lab/Lab3/install/custom_action_interfaces/share/custom_action_interfaces/cmake/rosidl_cmake_export_typesupport_targets-extras.cmake
[1.676s] -- Up-to-date: /Users/alessandrochinello/distrobox/ubuntu_ros/lab/Lab3/install/custom_action_interfaces/share/custom_action_interfaces/cmake/rosidl_cmake_export_typesupport_libraries-extras.cmake
[1.677s] -- Up-to-date: /Users/alessandrochinello/distrobox/ubuntu_ros/lab/Lab3/install/custom_action_interfaces/share/custom_action_interfaces/cmake/custom_action_interfacesConfig.cmake
[1.678s] -- Up-to-date: /Users/alessandrochinello/distrobox/ubuntu_ros/lab/Lab3/install/custom_action_interfaces/share/custom_action_interfaces/cmake/custom_action_interfacesConfig-version.cmake
[1.679s] -- Up-to-date: /Users/alessandrochinello/distrobox/ubuntu_ros/lab/Lab3/install/custom_action_interfaces/share/custom_action_interfaces/package.xml
[1.680s] Invoked command in '/Users/alessandrochinello/distrobox/ubuntu_ros/lab/Lab3/build/custom_action_interfaces' returned '0': CMAKE_PREFIX_PATH=${CMAKE_PREFIX_PATH}:/opt/ros/jazzy CXXFLAGS=-I/opt/homebrew/Cellar/opencv/4.11.0_1/include/opencv4 /usr/bin/cmake --install /Users/alessandrochinello/distrobox/ubuntu_ros/lab/Lab3/build/custom_action_interfaces
