-- The C compiler identification is GNU 13.3.0
-- The CXX compiler identification is GNU 13.3.0
-- Detecting C compiler ABI info
-- Detecting C compiler ABI info - done
-- Check for working C compiler: /usr/bin/cc - skipped
-- Detecting C compile features
-- Detecting C compile features - done
-- Detecting CXX compiler ABI info
-- Detecting CXX compiler ABI info - done
-- Check for working CXX compiler: /usr/bin/c++ - skipped
-- Detecting CXX compile features
-- Detecting CXX compile features - done
-- Found ament_cmake: 2.5.4 (/opt/ros/jazzy/share/ament_cmake/cmake)
[31mCMake Error at /usr/share/cmake-3.28/Modules/FindPackageHandleStandardArgs.cmake:230 (message):
  Could NOT find Python3 (missing: Interpreter)

      Reason given by package: 
          Interpreter: Cannot run the interpreter "/Users/alessandrochinello/miniconda3/bin/python3"

Call Stack (most recent call first):
  /usr/share/cmake-3.28/Modules/FindPackageHandleStandardArgs.cmake:600 (_FPHSA_FAILURE_MESSAGE)
  /usr/share/cmake-3.28/Modules/FindPython/Support.cmake:3862 (find_package_handle_standard_args)
  /usr/share/cmake-3.28/Modules/FindPython3.cmake:545 (include)
  /opt/ros/jazzy/share/ament_cmake_core/cmake/core/python.cmake:37 (find_package)
  /opt/ros/jazzy/share/ament_cmake_core/cmake/core/all.cmake:55 (include)
  /opt/ros/jazzy/share/ament_cmake_core/cmake/ament_cmake_core-extras.cmake:17 (include)
  /opt/ros/jazzy/share/ament_cmake_core/cmake/ament_cmake_coreConfig.cmake:41 (include)
  /opt/ros/jazzy/share/ament_cmake/cmake/ament_cmake_export_dependencies-extras.cmake:15 (find_package)
  /opt/ros/jazzy/share/ament_cmake/cmake/ament_cmakeConfig.cmake:41 (include)
  CMakeLists.txt:19 (find_package)

[0m
-- Configuring incomplete, errors occurred!
