[0.010s] Invoking command in '/Users/alessandrochinello/distrobox/ubuntu_ros/lab/Lab1/build/cpp_pubsub': CMAKE_PREFIX_PATH=${CMAKE_PREFIX_PATH}:/opt/ros/jazzy CONDA_PROMPT_MODIFIER=(base) CXXFLAGS=-I/opt/homebrew/Cellar/opencv/4.11.0_1/include/opencv4 /usr/bin/cmake /Users/alessandrochinello/distrobox/ubuntu_ros/lab/Lab1/src/cpp_pubsub -DCMAKE_INSTALL_PREFIX=/Users/alessandrochinello/distrobox/ubuntu_ros/lab/Lab1/install/cpp_pubsub
[0.222s] -- The C compiler identification is GNU 13.3.0
[0.405s] -- The CXX compiler identification is GNU 13.3.0
[0.437s] -- Detecting C compiler ABI info
[0.614s] -- Detecting C compiler ABI info - done
[0.640s] -- Check for working C compiler: /usr/bin/cc - skipped
[0.640s] -- Detecting C compile features
[0.641s] -- Detecting C compile features - done
[0.650s] -- Detecting CXX compiler ABI info
[0.766s] -- Detecting CXX compiler ABI info - done
[0.795s] -- Check for working CXX compiler: /usr/bin/c++ - skipped
[0.796s] -- Detecting CXX compile features
[0.797s] -- Detecting CXX compile features - done
[0.818s] -- Found ament_cmake: 2.5.4 (/opt/ros/jazzy/share/ament_cmake/cmake)
[0.839s] [31mCMake Error at /usr/share/cmake-3.28/Modules/FindPackageHandleStandardArgs.cmake:230 (message):
[0.840s]   Could NOT find Python3 (missing: Interpreter)
[0.840s] 
[0.841s]       Reason given by package: 
[0.841s]           Interpreter: Cannot run the interpreter "/Users/alessandrochinello/miniconda3/bin/python3"
[0.841s] 
[0.842s] Call Stack (most recent call first):
[0.842s]   /usr/share/cmake-3.28/Modules/FindPackageHandleStandardArgs.cmake:600 (_FPHSA_FAILURE_MESSAGE)
[0.842s]   /usr/share/cmake-3.28/Modules/FindPython/Support.cmake:3862 (find_package_handle_standard_args)
[0.842s]   /usr/share/cmake-3.28/Modules/FindPython3.cmake:545 (include)
[0.843s]   /opt/ros/jazzy/share/ament_cmake_core/cmake/core/python.cmake:37 (find_package)
[0.843s]   /opt/ros/jazzy/share/ament_cmake_core/cmake/core/all.cmake:55 (include)
[0.843s]   /opt/ros/jazzy/share/ament_cmake_core/cmake/ament_cmake_core-extras.cmake:17 (include)
[0.844s]   /opt/ros/jazzy/share/ament_cmake_core/cmake/ament_cmake_coreConfig.cmake:41 (include)
[0.844s]   /opt/ros/jazzy/share/ament_cmake/cmake/ament_cmake_export_dependencies-extras.cmake:15 (find_package)
[0.844s]   /opt/ros/jazzy/share/ament_cmake/cmake/ament_cmakeConfig.cmake:41 (include)
[0.845s]   CMakeLists.txt:19 (find_package)
[0.845s] 
[0.845s] [0m
[0.845s] -- Configuring incomplete, errors occurred!
[0.850s] Invoked command in '/Users/alessandrochinello/distrobox/ubuntu_ros/lab/Lab1/build/cpp_pubsub' returned '1': CMAKE_PREFIX_PATH=${CMAKE_PREFIX_PATH}:/opt/ros/jazzy CONDA_PROMPT_MODIFIER=(base) CXXFLAGS=-I/opt/homebrew/Cellar/opencv/4.11.0_1/include/opencv4 /usr/bin/cmake /Users/alessandrochinello/distrobox/ubuntu_ros/lab/Lab1/src/cpp_pubsub -DCMAKE_INSTALL_PREFIX=/Users/alessandrochinello/distrobox/ubuntu_ros/lab/Lab1/install/cpp_pubsub
