[0.021s] Invoking command in '/Users/alessandrochinello/distrobox/ubuntu_ros/lab/Lab3/build/custom_action_cpp': AMENT_PREFIX_PATH=/Users/alessandrochinello/distrobox/ubuntu_ros/lab/Lab3/install/custom_action_interfaces:${AMENT_PREFIX_PATH} CMAKE_PREFIX_PATH=/Users/alessandrochinello/distrobox/ubuntu_ros/lab/Lab3/install/custom_action_interfaces:/opt/ros/jazzy/opt/gz_math_vendor:/opt/ros/jazzy/opt/gz_utils_vendor:/opt/ros/jazzy/opt/gz_cmake_vendor:/opt/ros/jazzy CXXFLAGS=-I/opt/homebrew/Cellar/opencv/4.11.0_1/include/opencv4 LD_LIBRARY_PATH=/Users/alessandrochinello/distrobox/ubuntu_ros/lab/Lab3/install/custom_action_interfaces/lib:${LD_LIBRARY_PATH} PYTHONPATH=/Users/alessandrochinello/distrobox/ubuntu_ros/lab/Lab3/install/custom_action_interfaces/lib/python3.12/site-packages:${PYTHONPATH} /usr/bin/cmake /Users/alessandrochinello/distrobox/ubuntu_ros/lab/Lab3/src/custom_action_cpp -DCMAKE_INSTALL_PREFIX=/Users/alessandrochinello/distrobox/ubuntu_ros/lab/Lab3/install/custom_action_cpp
[0.137s] -- The C compiler identification is GNU 13.3.0
[0.235s] -- The CXX compiler identification is GNU 13.3.0
[0.255s] -- Detecting C compiler ABI info
[0.460s] -- Detecting C compiler ABI info - done
[0.509s] -- Check for working C compiler: /usr/bin/cc - skipped
[0.510s] -- Detecting C compile features
[0.511s] -- Detecting C compile features - done
[0.527s] -- Detecting CXX compiler ABI info
[0.757s] -- Detecting CXX compiler ABI info - done
[0.801s] -- Check for working CXX compiler: /usr/bin/c++ - skipped
[0.802s] -- Detecting CXX compile features
[0.803s] -- Detecting CXX compile features - done
[0.818s] -- Found ament_cmake: 2.5.4 (/opt/ros/jazzy/share/ament_cmake/cmake)
[1.059s] -- Found Python3: /usr/bin/python3 (found version "3.12.3") found components: Interpreter 
[1.400s] -- Found custom_action_interfaces: 0.0.0 (/Users/alessandrochinello/distrobox/ubuntu_ros/lab/Lab3/install/custom_action_interfaces/share/custom_action_interfaces/cmake)
[1.600s] -- Found rosidl_generator_c: 4.6.6 (/opt/ros/jazzy/share/rosidl_generator_c/cmake)
[1.648s] -- Found rosidl_generator_cpp: 4.6.6 (/opt/ros/jazzy/share/rosidl_generator_cpp/cmake)
[1.701s] -- Using all available rosidl_typesupport_c: rosidl_typesupport_fastrtps_c;rosidl_typesupport_introspection_c
[1.754s] -- Using all available rosidl_typesupport_cpp: rosidl_typesupport_fastrtps_cpp;rosidl_typesupport_introspection_cpp
[1.913s] -- Found rclcpp: 28.1.12 (/opt/ros/jazzy/share/rclcpp/cmake)
[2.005s] -- Found rmw_implementation_cmake: 7.3.2 (/opt/ros/jazzy/share/rmw_implementation_cmake/cmake)
[2.012s] -- Found rmw_fastrtps_cpp: 8.4.3 (/opt/ros/jazzy/share/rmw_fastrtps_cpp/cmake)
[2.132s] -- Found OpenSSL: /usr/lib/aarch64-linux-gnu/libcrypto.so (found version "3.0.13")  
[2.178s] -- Found FastRTPS: /opt/ros/jazzy/include (Required is at least version "2.13") 
[2.216s] -- Using RMW implementation 'rmw_fastrtps_cpp' as default
[2.368s] -- Found rclcpp_action: 28.1.12 (/opt/ros/jazzy/share/rclcpp_action/cmake)
[2.405s] -- Found rclcpp_components: 28.1.12 (/opt/ros/jazzy/share/rclcpp_components/cmake)
[2.522s] -- Found ament_lint_auto: 0.17.3 (/opt/ros/jazzy/share/ament_lint_auto/cmake)
[2.763s] -- Added test 'cppcheck' to perform static code analysis on C / C++ code
[2.765s] -- Configured cppcheck include dirs: $<BUILD_INTERFACE:/Users/alessandrochinello/distrobox/ubuntu_ros/lab/Lab3/src/custom_action_cpp/include>
[2.765s] -- Configured cppcheck exclude dirs and/or files: 
[2.768s] -- Added test 'lint_cmake' to check CMake code style
[2.785s] -- Added test 'uncrustify' to check C / C++ code style
[2.786s] -- Configured uncrustify additional arguments: 
[2.791s] -- Added test 'xmllint' to check XML markup files
[2.824s] -- Configuring done (2.8s)
[3.093s] -- Generating done (0.2s)
[3.154s] -- Build files have been written to: /Users/alessandrochinello/distrobox/ubuntu_ros/lab/Lab3/build/custom_action_cpp
[3.174s] Invoked command in '/Users/alessandrochinello/distrobox/ubuntu_ros/lab/Lab3/build/custom_action_cpp' returned '0': AMENT_PREFIX_PATH=/Users/alessandrochinello/distrobox/ubuntu_ros/lab/Lab3/install/custom_action_interfaces:${AMENT_PREFIX_PATH} CMAKE_PREFIX_PATH=/Users/alessandrochinello/distrobox/ubuntu_ros/lab/Lab3/install/custom_action_interfaces:/opt/ros/jazzy/opt/gz_math_vendor:/opt/ros/jazzy/opt/gz_utils_vendor:/opt/ros/jazzy/opt/gz_cmake_vendor:/opt/ros/jazzy CXXFLAGS=-I/opt/homebrew/Cellar/opencv/4.11.0_1/include/opencv4 LD_LIBRARY_PATH=/Users/alessandrochinello/distrobox/ubuntu_ros/lab/Lab3/install/custom_action_interfaces/lib:${LD_LIBRARY_PATH} PYTHONPATH=/Users/alessandrochinello/distrobox/ubuntu_ros/lab/Lab3/install/custom_action_interfaces/lib/python3.12/site-packages:${PYTHONPATH} /usr/bin/cmake /Users/alessandrochinello/distrobox/ubuntu_ros/lab/Lab3/src/custom_action_cpp -DCMAKE_INSTALL_PREFIX=/Users/alessandrochinello/distrobox/ubuntu_ros/lab/Lab3/install/custom_action_cpp
[3.180s] Invoking command in '/Users/alessandrochinello/distrobox/ubuntu_ros/lab/Lab3/build/custom_action_cpp': AMENT_PREFIX_PATH=/Users/alessandrochinello/distrobox/ubuntu_ros/lab/Lab3/install/custom_action_interfaces:${AMENT_PREFIX_PATH} CMAKE_PREFIX_PATH=/Users/alessandrochinello/distrobox/ubuntu_ros/lab/Lab3/install/custom_action_interfaces:/opt/ros/jazzy/opt/gz_math_vendor:/opt/ros/jazzy/opt/gz_utils_vendor:/opt/ros/jazzy/opt/gz_cmake_vendor:/opt/ros/jazzy CXXFLAGS=-I/opt/homebrew/Cellar/opencv/4.11.0_1/include/opencv4 LD_LIBRARY_PATH=/Users/alessandrochinello/distrobox/ubuntu_ros/lab/Lab3/install/custom_action_interfaces/lib:${LD_LIBRARY_PATH} PYTHONPATH=/Users/alessandrochinello/distrobox/ubuntu_ros/lab/Lab3/install/custom_action_interfaces/lib/python3.12/site-packages:${PYTHONPATH} /usr/bin/cmake --build /Users/alessandrochinello/distrobox/ubuntu_ros/lab/Lab3/build/custom_action_cpp -- -j4 -l4
[3.293s] [ 25%] [32mBuilding CXX object CMakeFiles/fibonacci_action_client.dir/rclcpp_components/node_main_fibonacci_action_client.cpp.o[0m
[3.295s] [ 25%] [32mBuilding CXX object CMakeFiles/fibonacci_action_server.dir/rclcpp_components/node_main_fibonacci_action_server.cpp.o[0m
[3.298s] [ 50%] [32mBuilding CXX object CMakeFiles/action_client.dir/src/fibonacci_action_client.cpp.o[0m
[3.302s] [ 50%] [32mBuilding CXX object CMakeFiles/action_server.dir/src/fibonacci_action_server.cpp.o[0m
[14.917s] [ 62%] [32m[1mLinking CXX executable fibonacci_action_server[0m
[15.036s] [ 75%] [32m[1mLinking CXX executable fibonacci_action_client[0m
[15.513s] [ 75%] Built target fibonacci_action_client
[15.525s] [ 75%] Built target fibonacci_action_server
[17.412s] [ 87%] [32m[1mLinking CXX shared library libaction_server.so[0m
[17.804s] [100%] [32m[1mLinking CXX shared library libaction_client.so[0m
[17.805s] [100%] Built target action_server
[18.100s] [100%] Built target action_client
[18.119s] Invoked command in '/Users/alessandrochinello/distrobox/ubuntu_ros/lab/Lab3/build/custom_action_cpp' returned '0': AMENT_PREFIX_PATH=/Users/alessandrochinello/distrobox/ubuntu_ros/lab/Lab3/install/custom_action_interfaces:${AMENT_PREFIX_PATH} CMAKE_PREFIX_PATH=/Users/alessandrochinello/distrobox/ubuntu_ros/lab/Lab3/install/custom_action_interfaces:/opt/ros/jazzy/opt/gz_math_vendor:/opt/ros/jazzy/opt/gz_utils_vendor:/opt/ros/jazzy/opt/gz_cmake_vendor:/opt/ros/jazzy CXXFLAGS=-I/opt/homebrew/Cellar/opencv/4.11.0_1/include/opencv4 LD_LIBRARY_PATH=/Users/alessandrochinello/distrobox/ubuntu_ros/lab/Lab3/install/custom_action_interfaces/lib:${LD_LIBRARY_PATH} PYTHONPATH=/Users/alessandrochinello/distrobox/ubuntu_ros/lab/Lab3/install/custom_action_interfaces/lib/python3.12/site-packages:${PYTHONPATH} /usr/bin/cmake --build /Users/alessandrochinello/distrobox/ubuntu_ros/lab/Lab3/build/custom_action_cpp -- -j4 -l4
[18.124s] Invoking command in '/Users/alessandrochinello/distrobox/ubuntu_ros/lab/Lab3/build/custom_action_cpp': AMENT_PREFIX_PATH=/Users/alessandrochinello/distrobox/ubuntu_ros/lab/Lab3/install/custom_action_interfaces:${AMENT_PREFIX_PATH} CMAKE_PREFIX_PATH=/Users/alessandrochinello/distrobox/ubuntu_ros/lab/Lab3/install/custom_action_interfaces:/opt/ros/jazzy/opt/gz_math_vendor:/opt/ros/jazzy/opt/gz_utils_vendor:/opt/ros/jazzy/opt/gz_cmake_vendor:/opt/ros/jazzy CXXFLAGS=-I/opt/homebrew/Cellar/opencv/4.11.0_1/include/opencv4 LD_LIBRARY_PATH=/Users/alessandrochinello/distrobox/ubuntu_ros/lab/Lab3/install/custom_action_interfaces/lib:${LD_LIBRARY_PATH} PYTHONPATH=/Users/alessandrochinello/distrobox/ubuntu_ros/lab/Lab3/install/custom_action_interfaces/lib/python3.12/site-packages:${PYTHONPATH} /usr/bin/cmake --install /Users/alessandrochinello/distrobox/ubuntu_ros/lab/Lab3/build/custom_action_cpp
[18.139s] -- Install configuration: ""
[18.143s] -- Installing: /Users/alessandrochinello/distrobox/ubuntu_ros/lab/Lab3/install/custom_action_cpp/lib/custom_action_cpp/fibonacci_action_server
[18.153s] -- Set non-toolchain portion of runtime path of "/Users/alessandrochinello/distrobox/ubuntu_ros/lab/Lab3/install/custom_action_cpp/lib/custom_action_cpp/fibonacci_action_server" to ""
[18.154s] -- Installing: /Users/alessandrochinello/distrobox/ubuntu_ros/lab/Lab3/install/custom_action_cpp/lib/libaction_server.so
[18.207s] -- Set non-toolchain portion of runtime path of "/Users/alessandrochinello/distrobox/ubuntu_ros/lab/Lab3/install/custom_action_cpp/lib/libaction_server.so" to ""
[18.210s] -- Installing: /Users/alessandrochinello/distrobox/ubuntu_ros/lab/Lab3/install/custom_action_cpp/lib/custom_action_cpp/fibonacci_action_client
[18.222s] -- Set non-toolchain portion of runtime path of "/Users/alessandrochinello/distrobox/ubuntu_ros/lab/Lab3/install/custom_action_cpp/lib/custom_action_cpp/fibonacci_action_client" to ""
[18.223s] -- Installing: /Users/alessandrochinello/distrobox/ubuntu_ros/lab/Lab3/install/custom_action_cpp/lib/libaction_client.so
[18.255s] -- Set non-toolchain portion of runtime path of "/Users/alessandrochinello/distrobox/ubuntu_ros/lab/Lab3/install/custom_action_cpp/lib/libaction_client.so" to ""
[18.258s] -- Installing: /Users/alessandrochinello/distrobox/ubuntu_ros/lab/Lab3/install/custom_action_cpp/share/ament_index/resource_index/package_run_dependencies/custom_action_cpp
[18.264s] -- Installing: /Users/alessandrochinello/distrobox/ubuntu_ros/lab/Lab3/install/custom_action_cpp/share/ament_index/resource_index/parent_prefix_path/custom_action_cpp
[18.270s] -- Installing: /Users/alessandrochinello/distrobox/ubuntu_ros/lab/Lab3/install/custom_action_cpp/share/custom_action_cpp/environment/ament_prefix_path.sh
[18.273s] -- Installing: /Users/alessandrochinello/distrobox/ubuntu_ros/lab/Lab3/install/custom_action_cpp/share/custom_action_cpp/environment/ament_prefix_path.dsv
[18.276s] -- Installing: /Users/alessandrochinello/distrobox/ubuntu_ros/lab/Lab3/install/custom_action_cpp/share/custom_action_cpp/environment/path.sh
[18.278s] -- Installing: /Users/alessandrochinello/distrobox/ubuntu_ros/lab/Lab3/install/custom_action_cpp/share/custom_action_cpp/environment/path.dsv
[18.281s] -- Installing: /Users/alessandrochinello/distrobox/ubuntu_ros/lab/Lab3/install/custom_action_cpp/share/custom_action_cpp/local_setup.bash
[18.284s] -- Installing: /Users/alessandrochinello/distrobox/ubuntu_ros/lab/Lab3/install/custom_action_cpp/share/custom_action_cpp/local_setup.sh
[18.288s] -- Installing: /Users/alessandrochinello/distrobox/ubuntu_ros/lab/Lab3/install/custom_action_cpp/share/custom_action_cpp/local_setup.zsh
[18.296s] -- Installing: /Users/alessandrochinello/distrobox/ubuntu_ros/lab/Lab3/install/custom_action_cpp/share/custom_action_cpp/local_setup.dsv
[18.303s] -- Installing: /Users/alessandrochinello/distrobox/ubuntu_ros/lab/Lab3/install/custom_action_cpp/share/custom_action_cpp/package.dsv
[18.310s] -- Installing: /Users/alessandrochinello/distrobox/ubuntu_ros/lab/Lab3/install/custom_action_cpp/share/ament_index/resource_index/packages/custom_action_cpp
[18.314s] -- Installing: /Users/alessandrochinello/distrobox/ubuntu_ros/lab/Lab3/install/custom_action_cpp/share/ament_index/resource_index/rclcpp_components/custom_action_cpp
[18.320s] -- Installing: /Users/alessandrochinello/distrobox/ubuntu_ros/lab/Lab3/install/custom_action_cpp/share/custom_action_cpp/cmake/custom_action_cppConfig.cmake
[18.324s] -- Installing: /Users/alessandrochinello/distrobox/ubuntu_ros/lab/Lab3/install/custom_action_cpp/share/custom_action_cpp/cmake/custom_action_cppConfig-version.cmake
[18.331s] -- Installing: /Users/alessandrochinello/distrobox/ubuntu_ros/lab/Lab3/install/custom_action_cpp/share/custom_action_cpp/package.xml
[18.340s] Invoked command in '/Users/alessandrochinello/distrobox/ubuntu_ros/lab/Lab3/build/custom_action_cpp' returned '0': AMENT_PREFIX_PATH=/Users/alessandrochinello/distrobox/ubuntu_ros/lab/Lab3/install/custom_action_interfaces:${AMENT_PREFIX_PATH} CMAKE_PREFIX_PATH=/Users/alessandrochinello/distrobox/ubuntu_ros/lab/Lab3/install/custom_action_interfaces:/opt/ros/jazzy/opt/gz_math_vendor:/opt/ros/jazzy/opt/gz_utils_vendor:/opt/ros/jazzy/opt/gz_cmake_vendor:/opt/ros/jazzy CXXFLAGS=-I/opt/homebrew/Cellar/opencv/4.11.0_1/include/opencv4 LD_LIBRARY_PATH=/Users/alessandrochinello/distrobox/ubuntu_ros/lab/Lab3/install/custom_action_interfaces/lib:${LD_LIBRARY_PATH} PYTHONPATH=/Users/alessandrochinello/distrobox/ubuntu_ros/lab/Lab3/install/custom_action_interfaces/lib/python3.12/site-packages:${PYTHONPATH} /usr/bin/cmake --install /Users/alessandrochinello/distrobox/ubuntu_ros/lab/Lab3/build/custom_action_cpp
