[0.028s] Invoking command in '/Users/alessandrochinello/distrobox/ubuntu_ros/lab/Lab3/build/custom_action_cpp': CMAKE_PREFIX_PATH=/Users/alessandrochinello/distrobox/ubuntu_ros/lab/Lab3/install/custom_action_interfaces:/Users/alessandrochinello/distrobox/ubuntu_ros/lab/Lab3/install/custom_action_cpp:/opt/ros/jazzy/opt/gz_math_vendor:/opt/ros/jazzy/opt/gz_utils_vendor:/opt/ros/jazzy/opt/gz_cmake_vendor:/opt/ros/jazzy CXXFLAGS=-I/opt/homebrew/Cellar/opencv/4.11.0_1/include/opencv4 LD_LIBRARY_PATH=/Users/alessandrochinello/distrobox/ubuntu_ros/lab/Lab3/install/custom_action_interfaces/lib:/Users/alessandrochinello/distrobox/ubuntu_ros/lab/Lab3/install/custom_action_cpp/lib:/opt/ros/jazzy/opt/rviz_ogre_vendor/lib:/opt/ros/jazzy/lib/aarch64-linux-gnu:/opt/ros/jazzy/opt/gz_math_vendor/lib:/opt/ros/jazzy/opt/gz_utils_vendor/lib:/opt/ros/jazzy/opt/gz_cmake_vendor/lib:/opt/ros/jazzy/lib /usr/bin/cmake --build /Users/alessandrochinello/distrobox/ubuntu_ros/lab/Lab3/build/custom_action_cpp -- -j4 -l4
[0.540s] [ 25%] Built target fibonacci_action_client
[0.542s] [ 50%] Built target fibonacci_action_server
[0.565s] [ 62%] [32mBuilding CXX object CMakeFiles/action_server.dir/src/fibonacci_action_server.cpp.o[0m
[0.569s] [ 75%] [32mBuilding CXX object CMakeFiles/action_client.dir/src/fibonacci_action_client.cpp.o[0m
[7.809s] [ 87%] [32m[1mLinking CXX shared library libaction_server.so[0m
[8.242s] [ 87%] Built target action_server
[8.299s] [100%] [32m[1mLinking CXX shared library libaction_client.so[0m
[8.534s] [100%] Built target action_client
[8.564s] Invoked command in '/Users/alessandrochinello/distrobox/ubuntu_ros/lab/Lab3/build/custom_action_cpp' returned '0': CMAKE_PREFIX_PATH=/Users/alessandrochinello/distrobox/ubuntu_ros/lab/Lab3/install/custom_action_interfaces:/Users/alessandrochinello/distrobox/ubuntu_ros/lab/Lab3/install/custom_action_cpp:/opt/ros/jazzy/opt/gz_math_vendor:/opt/ros/jazzy/opt/gz_utils_vendor:/opt/ros/jazzy/opt/gz_cmake_vendor:/opt/ros/jazzy CXXFLAGS=-I/opt/homebrew/Cellar/opencv/4.11.0_1/include/opencv4 LD_LIBRARY_PATH=/Users/alessandrochinello/distrobox/ubuntu_ros/lab/Lab3/install/custom_action_interfaces/lib:/Users/alessandrochinello/distrobox/ubuntu_ros/lab/Lab3/install/custom_action_cpp/lib:/opt/ros/jazzy/opt/rviz_ogre_vendor/lib:/opt/ros/jazzy/lib/aarch64-linux-gnu:/opt/ros/jazzy/opt/gz_math_vendor/lib:/opt/ros/jazzy/opt/gz_utils_vendor/lib:/opt/ros/jazzy/opt/gz_cmake_vendor/lib:/opt/ros/jazzy/lib /usr/bin/cmake --build /Users/alessandrochinello/distrobox/ubuntu_ros/lab/Lab3/build/custom_action_cpp -- -j4 -l4
[8.570s] Invoking command in '/Users/alessandrochinello/distrobox/ubuntu_ros/lab/Lab3/build/custom_action_cpp': CMAKE_PREFIX_PATH=/Users/alessandrochinello/distrobox/ubuntu_ros/lab/Lab3/install/custom_action_interfaces:/Users/alessandrochinello/distrobox/ubuntu_ros/lab/Lab3/install/custom_action_cpp:/opt/ros/jazzy/opt/gz_math_vendor:/opt/ros/jazzy/opt/gz_utils_vendor:/opt/ros/jazzy/opt/gz_cmake_vendor:/opt/ros/jazzy CXXFLAGS=-I/opt/homebrew/Cellar/opencv/4.11.0_1/include/opencv4 LD_LIBRARY_PATH=/Users/alessandrochinello/distrobox/ubuntu_ros/lab/Lab3/install/custom_action_interfaces/lib:/Users/alessandrochinello/distrobox/ubuntu_ros/lab/Lab3/install/custom_action_cpp/lib:/opt/ros/jazzy/opt/rviz_ogre_vendor/lib:/opt/ros/jazzy/lib/aarch64-linux-gnu:/opt/ros/jazzy/opt/gz_math_vendor/lib:/opt/ros/jazzy/opt/gz_utils_vendor/lib:/opt/ros/jazzy/opt/gz_cmake_vendor/lib:/opt/ros/jazzy/lib /usr/bin/cmake --install /Users/alessandrochinello/distrobox/ubuntu_ros/lab/Lab3/build/custom_action_cpp
[8.591s] -- Install configuration: ""
[8.596s] -- Up-to-date: /Users/alessandrochinello/distrobox/ubuntu_ros/lab/Lab3/install/custom_action_cpp/lib/custom_action_cpp/fibonacci_action_server
[8.601s] -- Installing: /Users/alessandrochinello/distrobox/ubuntu_ros/lab/Lab3/install/custom_action_cpp/lib/libaction_server.so
[8.633s] -- Set non-toolchain portion of runtime path of "/Users/alessandrochinello/distrobox/ubuntu_ros/lab/Lab3/install/custom_action_cpp/lib/libaction_server.so" to ""
[8.634s] -- Up-to-date: /Users/alessandrochinello/distrobox/ubuntu_ros/lab/Lab3/install/custom_action_cpp/lib/custom_action_cpp/fibonacci_action_client
[8.636s] -- Installing: /Users/alessandrochinello/distrobox/ubuntu_ros/lab/Lab3/install/custom_action_cpp/lib/libaction_client.so
[8.673s] -- Set non-toolchain portion of runtime path of "/Users/alessandrochinello/distrobox/ubuntu_ros/lab/Lab3/install/custom_action_cpp/lib/libaction_client.so" to ""
[8.674s] -- Up-to-date: /Users/alessandrochinello/distrobox/ubuntu_ros/lab/Lab3/install/custom_action_cpp/share/ament_index/resource_index/package_run_dependencies/custom_action_cpp
[8.674s] -- Up-to-date: /Users/alessandrochinello/distrobox/ubuntu_ros/lab/Lab3/install/custom_action_cpp/share/ament_index/resource_index/parent_prefix_path/custom_action_cpp
[8.675s] -- Up-to-date: /Users/alessandrochinello/distrobox/ubuntu_ros/lab/Lab3/install/custom_action_cpp/share/custom_action_cpp/environment/ament_prefix_path.sh
[8.676s] -- Up-to-date: /Users/alessandrochinello/distrobox/ubuntu_ros/lab/Lab3/install/custom_action_cpp/share/custom_action_cpp/environment/ament_prefix_path.dsv
[8.676s] -- Up-to-date: /Users/alessandrochinello/distrobox/ubuntu_ros/lab/Lab3/install/custom_action_cpp/share/custom_action_cpp/environment/path.sh
[8.677s] -- Up-to-date: /Users/alessandrochinello/distrobox/ubuntu_ros/lab/Lab3/install/custom_action_cpp/share/custom_action_cpp/environment/path.dsv
[8.678s] -- Up-to-date: /Users/alessandrochinello/distrobox/ubuntu_ros/lab/Lab3/install/custom_action_cpp/share/custom_action_cpp/local_setup.bash
[8.679s] -- Up-to-date: /Users/alessandrochinello/distrobox/ubuntu_ros/lab/Lab3/install/custom_action_cpp/share/custom_action_cpp/local_setup.sh
[8.679s] -- Up-to-date: /Users/alessandrochinello/distrobox/ubuntu_ros/lab/Lab3/install/custom_action_cpp/share/custom_action_cpp/local_setup.zsh
[8.680s] -- Up-to-date: /Users/alessandrochinello/distrobox/ubuntu_ros/lab/Lab3/install/custom_action_cpp/share/custom_action_cpp/local_setup.dsv
[8.680s] -- Installing: /Users/alessandrochinello/distrobox/ubuntu_ros/lab/Lab3/install/custom_action_cpp/share/custom_action_cpp/package.dsv
[8.681s] -- Up-to-date: /Users/alessandrochinello/distrobox/ubuntu_ros/lab/Lab3/install/custom_action_cpp/share/ament_index/resource_index/packages/custom_action_cpp
[8.682s] -- Up-to-date: /Users/alessandrochinello/distrobox/ubuntu_ros/lab/Lab3/install/custom_action_cpp/share/ament_index/resource_index/rclcpp_components/custom_action_cpp
[8.683s] -- Up-to-date: /Users/alessandrochinello/distrobox/ubuntu_ros/lab/Lab3/install/custom_action_cpp/share/custom_action_cpp/cmake/custom_action_cppConfig.cmake
[8.683s] -- Up-to-date: /Users/alessandrochinello/distrobox/ubuntu_ros/lab/Lab3/install/custom_action_cpp/share/custom_action_cpp/cmake/custom_action_cppConfig-version.cmake
[8.685s] -- Up-to-date: /Users/alessandrochinello/distrobox/ubuntu_ros/lab/Lab3/install/custom_action_cpp/share/custom_action_cpp/package.xml
[8.686s] Invoked command in '/Users/alessandrochinello/distrobox/ubuntu_ros/lab/Lab3/build/custom_action_cpp' returned '0': CMAKE_PREFIX_PATH=/Users/alessandrochinello/distrobox/ubuntu_ros/lab/Lab3/install/custom_action_interfaces:/Users/alessandrochinello/distrobox/ubuntu_ros/lab/Lab3/install/custom_action_cpp:/opt/ros/jazzy/opt/gz_math_vendor:/opt/ros/jazzy/opt/gz_utils_vendor:/opt/ros/jazzy/opt/gz_cmake_vendor:/opt/ros/jazzy CXXFLAGS=-I/opt/homebrew/Cellar/opencv/4.11.0_1/include/opencv4 LD_LIBRARY_PATH=/Users/alessandrochinello/distrobox/ubuntu_ros/lab/Lab3/install/custom_action_interfaces/lib:/Users/alessandrochinello/distrobox/ubuntu_ros/lab/Lab3/install/custom_action_cpp/lib:/opt/ros/jazzy/opt/rviz_ogre_vendor/lib:/opt/ros/jazzy/lib/aarch64-linux-gnu:/opt/ros/jazzy/opt/gz_math_vendor/lib:/opt/ros/jazzy/opt/gz_utils_vendor/lib:/opt/ros/jazzy/opt/gz_cmake_vendor/lib:/opt/ros/jazzy/lib /usr/bin/cmake --install /Users/alessandrochinello/distrobox/ubuntu_ros/lab/Lab3/build/custom_action_cpp
