[0.018s] Invoking command in '/Users/alessandrochinello/distrobox/ubuntu_ros/lab/Lab2/build/interfaces': CMAKE_PREFIX_PATH=${CMAKE_PREFIX_PATH}:/opt/ros/jazzy CXXFLAGS=-I/opt/homebrew/Cellar/opencv/4.11.0_1/include/opencv4 /usr/bin/cmake /Users/alessandrochinello/distrobox/ubuntu_ros/lab/Lab2/src/interfaces -DCMAKE_INSTALL_PREFIX=/Users/alessandrochinello/distrobox/ubuntu_ros/lab/Lab2/install/interfaces
[0.207s] -- The C compiler identification is GNU 13.3.0
[0.374s] -- The CXX compiler identification is GNU 13.3.0
[0.397s] -- Detecting C compiler ABI info
[0.544s] -- Detecting C compiler ABI info - done
[0.577s] -- Check for working C compiler: /usr/bin/cc - skipped
[0.578s] -- Detecting C compile features
[0.579s] -- Detecting C compile features - done
[0.591s] -- Detecting CXX compiler ABI info
[0.739s] -- Detecting CXX compiler ABI info - done
[0.776s] -- Check for working CXX compiler: /usr/bin/c++ - skipped
[0.777s] -- Detecting CXX compile features
[0.778s] -- Detecting CXX compile features - done
[0.788s] -- Found ament_cmake: 2.5.4 (/opt/ros/jazzy/share/ament_cmake/cmake)
[0.965s] -- Found Python3: /usr/bin/python3 (found version "3.12.3") found components: Interpreter 
[1.129s] -- Found rosidl_default_generators: 1.6.0 (/opt/ros/jazzy/share/rosidl_default_generators/cmake)
[1.144s] -- Using all available rosidl_typesupport_c: rosidl_typesupport_fastrtps_c;rosidl_typesupport_introspection_c
[1.310s] -- Using all available rosidl_typesupport_cpp: rosidl_typesupport_fastrtps_cpp;rosidl_typesupport_introspection_cpp
[1.395s] -- Found rosidl_adapter: 4.6.6 (/opt/ros/jazzy/share/rosidl_adapter/cmake)
[1.953s] -- Found ament_cmake_ros: 0.12.0 (/opt/ros/jazzy/share/ament_cmake_ros/cmake)
[2.381s] -- Using all available rosidl_typesupport_c: rosidl_typesupport_fastrtps_c;rosidl_typesupport_introspection_c
[2.911s] -- Using all available rosidl_typesupport_cpp: rosidl_typesupport_fastrtps_cpp;rosidl_typesupport_introspection_cpp
[2.917s] -- Found python_cmake_module: 0.11.1 (/opt/ros/jazzy/share/python_cmake_module/cmake)
[3.037s] -- Found PythonExtra: /usr/bin/python3  
[3.505s] -- Found Python3: /usr/bin/python3 (found version "3.12.3") found components: Interpreter Development NumPy Development.Module Development.Embed 
[3.567s] -- Found ament_lint_auto: 0.17.3 (/opt/ros/jazzy/share/ament_lint_auto/cmake)
[3.664s] -- Added test 'lint_cmake' to check CMake code style
[3.683s] -- Added test 'xmllint' to check XML markup files
[3.714s] -- Configuring done (3.7s)
[3.980s] -- Generating done (0.2s)
[4.049s] -- Build files have been written to: /Users/alessandrochinello/distrobox/ubuntu_ros/lab/Lab2/build/interfaces
[4.056s] Invoked command in '/Users/alessandrochinello/distrobox/ubuntu_ros/lab/Lab2/build/interfaces' returned '0': CMAKE_PREFIX_PATH=${CMAKE_PREFIX_PATH}:/opt/ros/jazzy CXXFLAGS=-I/opt/homebrew/Cellar/opencv/4.11.0_1/include/opencv4 /usr/bin/cmake /Users/alessandrochinello/distrobox/ubuntu_ros/lab/Lab2/src/interfaces -DCMAKE_INSTALL_PREFIX=/Users/alessandrochinello/distrobox/ubuntu_ros/lab/Lab2/install/interfaces
[4.059s] Invoking command in '/Users/alessandrochinello/distrobox/ubuntu_ros/lab/Lab2/build/interfaces': CMAKE_PREFIX_PATH=${CMAKE_PREFIX_PATH}:/opt/ros/jazzy CXXFLAGS=-I/opt/homebrew/Cellar/opencv/4.11.0_1/include/opencv4 /usr/bin/cmake --build /Users/alessandrochinello/distrobox/ubuntu_ros/lab/Lab2/build/interfaces -- -j4 -l4
[4.109s] [  2%] [34m[1mGenerating type hashes for ROS interfaces[0m
[4.117s] [  2%] Built target ament_cmake_python_copy_interfaces
[4.301s] [  2%] Built target interfaces__rosidl_generator_type_description
[4.315s] running egg_info
[4.316s] creating interfaces.egg-info
[4.317s] [  5%] [34m[1mGenerating C code for ROS interfaces[0m
[4.329s] [  8%] [34m[1mGenerating C++ code for ROS interfaces[0m
[4.332s] writing interfaces.egg-info/PKG-INFO
[4.334s] writing dependency_links to interfaces.egg-info/dependency_links.txt
[4.335s] writing top-level names to interfaces.egg-info/top_level.txt
[4.337s] writing manifest file 'interfaces.egg-info/SOURCES.txt'
[4.385s] reading manifest file 'interfaces.egg-info/SOURCES.txt'
[4.387s] writing manifest file 'interfaces.egg-info/SOURCES.txt'
[4.429s] [  8%] Built target ament_cmake_python_build_interfaces_egg
[4.703s] [  8%] Built target interfaces__cpp
[4.736s] [ 17%] [32mBuilding C object CMakeFiles/interfaces__rosidl_generator_c.dir/rosidl_generator_c/interfaces/msg/detail/cstm_inforobot__description.c.o[0m
[4.738s] [ 17%] [32mBuilding C object CMakeFiles/interfaces__rosidl_generator_c.dir/rosidl_generator_c/interfaces/msg/detail/cstm_inforobot__functions.c.o[0m
[4.741s] [ 17%] [32mBuilding C object CMakeFiles/interfaces__rosidl_generator_c.dir/rosidl_generator_c/interfaces/msg/detail/cstm_inforobot__type_support.c.o[0m
[4.827s] [ 20%] [32m[1mLinking C shared library libinterfaces__rosidl_generator_c.so[0m
[4.879s] [ 20%] Built target interfaces__rosidl_generator_c
[4.895s] [ 32%] [34m[1mGenerating C introspection for ROS interfaces[0m
[4.898s] [ 32%] [34m[1mGenerating C type support for eProsima Fast-RTPS[0m
[4.899s] [ 32%] [34m[1mGenerating C type support dispatch for ROS interfaces[0m
[4.900s] [ 32%] [34m[1mGenerating C++ type support for eProsima Fast-RTPS[0m
[5.226s] [ 35%] [32mBuilding CXX object CMakeFiles/interfaces__rosidl_typesupport_c.dir/rosidl_typesupport_c/interfaces/msg/cstm_inforobot__type_support.cpp.o[0m
[5.261s] [ 38%] [32mBuilding C object CMakeFiles/interfaces__rosidl_typesupport_introspection_c.dir/rosidl_typesupport_introspection_c/interfaces/msg/detail/cstm_inforobot__type_support.c.o[0m
[5.281s] [ 41%] [32mBuilding CXX object CMakeFiles/interfaces__rosidl_typesupport_fastrtps_cpp.dir/rosidl_typesupport_fastrtps_cpp/interfaces/msg/detail/dds_fastrtps/cstm_inforobot__type_support.cpp.o[0m
[5.296s] [ 44%] [32mBuilding CXX object CMakeFiles/interfaces__rosidl_typesupport_fastrtps_c.dir/rosidl_typesupport_fastrtps_c/interfaces/msg/detail/cstm_inforobot__type_support_c.cpp.o[0m
[5.353s] [ 47%] [32m[1mLinking CXX shared library libinterfaces__rosidl_typesupport_c.so[0m
[5.359s] [ 50%] [32m[1mLinking C shared library libinterfaces__rosidl_typesupport_introspection_c.so[0m
[5.413s] [ 50%] Built target interfaces__rosidl_typesupport_introspection_c
[5.423s] [ 50%] Built target interfaces__rosidl_typesupport_c
[5.432s] [ 52%] [34m[1mGenerating C++ introspection for ROS interfaces[0m
[5.440s] [ 55%] [34m[1mGenerating C++ type support dispatch for ROS interfaces[0m
[5.748s] [ 58%] [32mBuilding CXX object CMakeFiles/interfaces__rosidl_typesupport_cpp.dir/rosidl_typesupport_cpp/interfaces/msg/cstm_inforobot__type_support.cpp.o[0m
[5.805s] [ 61%] [32mBuilding CXX object CMakeFiles/interfaces__rosidl_typesupport_introspection_cpp.dir/rosidl_typesupport_introspection_cpp/interfaces/msg/detail/cstm_inforobot__type_support.cpp.o[0m
[6.255s] [ 64%] [32m[1mLinking CXX shared library libinterfaces__rosidl_typesupport_fastrtps_cpp.so[0m
[6.257s] [ 67%] [32m[1mLinking CXX shared library libinterfaces__rosidl_typesupport_fastrtps_c.so[0m
[6.380s] [ 67%] Built target interfaces__rosidl_typesupport_fastrtps_cpp
[6.381s] [ 67%] Built target interfaces__rosidl_typesupport_fastrtps_c
[6.454s] [ 70%] [32m[1mLinking CXX shared library libinterfaces__rosidl_typesupport_cpp.so[0m
[6.495s] [ 73%] [32m[1mLinking CXX shared library libinterfaces__rosidl_typesupport_introspection_cpp.so[0m
[6.504s] [ 73%] Built target interfaces__rosidl_typesupport_cpp
[6.567s] [ 73%] Built target interfaces__rosidl_typesupport_introspection_cpp
[6.588s] [ 73%] Built target interfaces
[6.611s] [ 76%] [34m[1mGenerating Python code for ROS interfaces[0m
[6.859s] [ 76%] Built target interfaces__py
[6.881s] [ 79%] [32mBuilding C object CMakeFiles/interfaces__rosidl_generator_py.dir/rosidl_generator_py/interfaces/msg/_cstm_inforobot_s.c.o[0m
[7.039s] [ 82%] [32m[1mLinking C shared library libinterfaces__rosidl_generator_py.so[0m
[7.082s] [ 82%] Built target interfaces__rosidl_generator_py
[7.106s] [ 85%] [32mBuilding C object CMakeFiles/interfaces_s__rosidl_typesupport_fastrtps_c.dir/rosidl_generator_py/interfaces/_interfaces_s.ep.rosidl_typesupport_fastrtps_c.c.o[0m
[7.108s] [ 91%] [32mBuilding C object CMakeFiles/interfaces_s__rosidl_typesupport_introspection_c.dir/rosidl_generator_py/interfaces/_interfaces_s.ep.rosidl_typesupport_introspection_c.c.o[0m
[7.109s] [ 91%] [32mBuilding C object CMakeFiles/interfaces_s__rosidl_typesupport_c.dir/rosidl_generator_py/interfaces/_interfaces_s.ep.rosidl_typesupport_c.c.o[0m
[7.245s] [ 94%] [32m[1mLinking C shared module rosidl_generator_py/interfaces/interfaces_s__rosidl_typesupport_c.so[0m
[7.255s] [ 97%] [32m[1mLinking C shared module rosidl_generator_py/interfaces/interfaces_s__rosidl_typesupport_fastrtps_c.so[0m
[7.259s] [100%] [32m[1mLinking C shared module rosidl_generator_py/interfaces/interfaces_s__rosidl_typesupport_introspection_c.so[0m
[7.291s] [100%] Built target interfaces_s__rosidl_typesupport_c
[7.306s] [100%] Built target interfaces_s__rosidl_typesupport_fastrtps_c
[7.306s] [100%] Built target interfaces_s__rosidl_typesupport_introspection_c
[7.323s] Invoked command in '/Users/alessandrochinello/distrobox/ubuntu_ros/lab/Lab2/build/interfaces' returned '0': CMAKE_PREFIX_PATH=${CMAKE_PREFIX_PATH}:/opt/ros/jazzy CXXFLAGS=-I/opt/homebrew/Cellar/opencv/4.11.0_1/include/opencv4 /usr/bin/cmake --build /Users/alessandrochinello/distrobox/ubuntu_ros/lab/Lab2/build/interfaces -- -j4 -l4
[7.335s] Invoking command in '/Users/alessandrochinello/distrobox/ubuntu_ros/lab/Lab2/build/interfaces': CMAKE_PREFIX_PATH=${CMAKE_PREFIX_PATH}:/opt/ros/jazzy CXXFLAGS=-I/opt/homebrew/Cellar/opencv/4.11.0_1/include/opencv4 /usr/bin/cmake --install /Users/alessandrochinello/distrobox/ubuntu_ros/lab/Lab2/build/interfaces
[7.344s] -- Install configuration: ""
[7.347s] -- Installing: /Users/alessandrochinello/distrobox/ubuntu_ros/lab/Lab2/install/interfaces/share/ament_index/resource_index/rosidl_interfaces/interfaces
[7.352s] -- Installing: /Users/alessandrochinello/distrobox/ubuntu_ros/lab/Lab2/install/interfaces/share/interfaces/msg/CstmInforobot.json
[7.354s] -- Installing: /Users/alessandrochinello/distrobox/ubuntu_ros/lab/Lab2/install/interfaces/include/interfaces/interfaces
[7.356s] -- Installing: /Users/alessandrochinello/distrobox/ubuntu_ros/lab/Lab2/install/interfaces/include/interfaces/interfaces/msg
[7.358s] -- Installing: /Users/alessandrochinello/distrobox/ubuntu_ros/lab/Lab2/install/interfaces/include/interfaces/interfaces/msg/rosidl_generator_c__visibility_control.h
[7.361s] -- Installing: /Users/alessandrochinello/distrobox/ubuntu_ros/lab/Lab2/install/interfaces/include/interfaces/interfaces/msg/detail
[7.363s] -- Installing: /Users/alessandrochinello/distrobox/ubuntu_ros/lab/Lab2/install/interfaces/include/interfaces/interfaces/msg/detail/cstm_inforobot__type_support.h
[7.366s] -- Installing: /Users/alessandrochinello/distrobox/ubuntu_ros/lab/Lab2/install/interfaces/include/interfaces/interfaces/msg/detail/cstm_inforobot__functions.h
[7.369s] -- Installing: /Users/alessandrochinello/distrobox/ubuntu_ros/lab/Lab2/install/interfaces/include/interfaces/interfaces/msg/detail/cstm_inforobot__description.c
[7.371s] -- Installing: /Users/alessandrochinello/distrobox/ubuntu_ros/lab/Lab2/install/interfaces/include/interfaces/interfaces/msg/detail/cstm_inforobot__type_support.c
[7.374s] -- Installing: /Users/alessandrochinello/distrobox/ubuntu_ros/lab/Lab2/install/interfaces/include/interfaces/interfaces/msg/detail/cstm_inforobot__functions.c
[7.377s] -- Installing: /Users/alessandrochinello/distrobox/ubuntu_ros/lab/Lab2/install/interfaces/include/interfaces/interfaces/msg/detail/cstm_inforobot__struct.h
[7.379s] -- Installing: /Users/alessandrochinello/distrobox/ubuntu_ros/lab/Lab2/install/interfaces/include/interfaces/interfaces/msg/cstm_inforobot.h
[7.383s] -- Installing: /Users/alessandrochinello/distrobox/ubuntu_ros/lab/Lab2/install/interfaces/share/interfaces/environment/library_path.sh
[7.385s] -- Installing: /Users/alessandrochinello/distrobox/ubuntu_ros/lab/Lab2/install/interfaces/share/interfaces/environment/library_path.dsv
[7.389s] -- Installing: /Users/alessandrochinello/distrobox/ubuntu_ros/lab/Lab2/install/interfaces/lib/libinterfaces__rosidl_generator_c.so
[7.394s] -- Set non-toolchain portion of runtime path of "/Users/alessandrochinello/distrobox/ubuntu_ros/lab/Lab2/install/interfaces/lib/libinterfaces__rosidl_generator_c.so" to ""
[7.395s] -- Up-to-date: /Users/alessandrochinello/distrobox/ubuntu_ros/lab/Lab2/install/interfaces/include/interfaces/interfaces
[7.396s] -- Up-to-date: /Users/alessandrochinello/distrobox/ubuntu_ros/lab/Lab2/install/interfaces/include/interfaces/interfaces/msg
[7.396s] -- Up-to-date: /Users/alessandrochinello/distrobox/ubuntu_ros/lab/Lab2/install/interfaces/include/interfaces/interfaces/msg/detail
[7.397s] -- Installing: /Users/alessandrochinello/distrobox/ubuntu_ros/lab/Lab2/install/interfaces/include/interfaces/interfaces/msg/detail/cstm_inforobot__rosidl_typesupport_fastrtps_c.h
[7.399s] -- Installing: /Users/alessandrochinello/distrobox/ubuntu_ros/lab/Lab2/install/interfaces/include/interfaces/interfaces/msg/rosidl_typesupport_fastrtps_c__visibility_control.h
[7.402s] -- Installing: /Users/alessandrochinello/distrobox/ubuntu_ros/lab/Lab2/install/interfaces/lib/libinterfaces__rosidl_typesupport_fastrtps_c.so
[7.407s] -- Set non-toolchain portion of runtime path of "/Users/alessandrochinello/distrobox/ubuntu_ros/lab/Lab2/install/interfaces/lib/libinterfaces__rosidl_typesupport_fastrtps_c.so" to ""
[7.408s] -- Up-to-date: /Users/alessandrochinello/distrobox/ubuntu_ros/lab/Lab2/install/interfaces/include/interfaces/interfaces
[7.409s] -- Up-to-date: /Users/alessandrochinello/distrobox/ubuntu_ros/lab/Lab2/install/interfaces/include/interfaces/interfaces/msg
[7.410s] -- Up-to-date: /Users/alessandrochinello/distrobox/ubuntu_ros/lab/Lab2/install/interfaces/include/interfaces/interfaces/msg/detail
[7.411s] -- Up-to-date: /Users/alessandrochinello/distrobox/ubuntu_ros/lab/Lab2/install/interfaces/include/interfaces/interfaces/msg/detail/cstm_inforobot__type_support.c
[7.411s] -- Installing: /Users/alessandrochinello/distrobox/ubuntu_ros/lab/Lab2/install/interfaces/include/interfaces/interfaces/msg/detail/cstm_inforobot__rosidl_typesupport_introspection_c.h
[7.413s] -- Installing: /Users/alessandrochinello/distrobox/ubuntu_ros/lab/Lab2/install/interfaces/include/interfaces/interfaces/msg/rosidl_typesupport_introspection_c__visibility_control.h
[7.417s] -- Installing: /Users/alessandrochinello/distrobox/ubuntu_ros/lab/Lab2/install/interfaces/lib/libinterfaces__rosidl_typesupport_introspection_c.so
[7.423s] -- Set non-toolchain portion of runtime path of "/Users/alessandrochinello/distrobox/ubuntu_ros/lab/Lab2/install/interfaces/lib/libinterfaces__rosidl_typesupport_introspection_c.so" to ""
[7.424s] -- Installing: /Users/alessandrochinello/distrobox/ubuntu_ros/lab/Lab2/install/interfaces/lib/libinterfaces__rosidl_typesupport_c.so
[7.429s] -- Set non-toolchain portion of runtime path of "/Users/alessandrochinello/distrobox/ubuntu_ros/lab/Lab2/install/interfaces/lib/libinterfaces__rosidl_typesupport_c.so" to ""
[7.430s] -- Up-to-date: /Users/alessandrochinello/distrobox/ubuntu_ros/lab/Lab2/install/interfaces/include/interfaces/interfaces
[7.431s] -- Up-to-date: /Users/alessandrochinello/distrobox/ubuntu_ros/lab/Lab2/install/interfaces/include/interfaces/interfaces/msg
[7.432s] -- Up-to-date: /Users/alessandrochinello/distrobox/ubuntu_ros/lab/Lab2/install/interfaces/include/interfaces/interfaces/msg/detail
[7.433s] -- Installing: /Users/alessandrochinello/distrobox/ubuntu_ros/lab/Lab2/install/interfaces/include/interfaces/interfaces/msg/detail/cstm_inforobot__traits.hpp
[7.435s] -- Installing: /Users/alessandrochinello/distrobox/ubuntu_ros/lab/Lab2/install/interfaces/include/interfaces/interfaces/msg/detail/cstm_inforobot__struct.hpp
[7.438s] -- Installing: /Users/alessandrochinello/distrobox/ubuntu_ros/lab/Lab2/install/interfaces/include/interfaces/interfaces/msg/detail/cstm_inforobot__type_support.hpp
[7.441s] -- Installing: /Users/alessandrochinello/distrobox/ubuntu_ros/lab/Lab2/install/interfaces/include/interfaces/interfaces/msg/detail/cstm_inforobot__builder.hpp
[7.444s] -- Installing: /Users/alessandrochinello/distrobox/ubuntu_ros/lab/Lab2/install/interfaces/include/interfaces/interfaces/msg/rosidl_generator_cpp__visibility_control.hpp
[7.447s] -- Installing: /Users/alessandrochinello/distrobox/ubuntu_ros/lab/Lab2/install/interfaces/include/interfaces/interfaces/msg/cstm_inforobot.hpp
[7.450s] -- Up-to-date: /Users/alessandrochinello/distrobox/ubuntu_ros/lab/Lab2/install/interfaces/include/interfaces/interfaces
[7.451s] -- Up-to-date: /Users/alessandrochinello/distrobox/ubuntu_ros/lab/Lab2/install/interfaces/include/interfaces/interfaces/msg
[7.452s] -- Installing: /Users/alessandrochinello/distrobox/ubuntu_ros/lab/Lab2/install/interfaces/include/interfaces/interfaces/msg/rosidl_typesupport_fastrtps_cpp__visibility_control.h
[7.455s] -- Up-to-date: /Users/alessandrochinello/distrobox/ubuntu_ros/lab/Lab2/install/interfaces/include/interfaces/interfaces/msg/detail
[7.456s] -- Installing: /Users/alessandrochinello/distrobox/ubuntu_ros/lab/Lab2/install/interfaces/include/interfaces/interfaces/msg/detail/dds_fastrtps
[7.458s] -- Installing: /Users/alessandrochinello/distrobox/ubuntu_ros/lab/Lab2/install/interfaces/include/interfaces/interfaces/msg/detail/cstm_inforobot__rosidl_typesupport_fastrtps_cpp.hpp
[7.461s] -- Installing: /Users/alessandrochinello/distrobox/ubuntu_ros/lab/Lab2/install/interfaces/lib/libinterfaces__rosidl_typesupport_fastrtps_cpp.so
[7.468s] -- Set non-toolchain portion of runtime path of "/Users/alessandrochinello/distrobox/ubuntu_ros/lab/Lab2/install/interfaces/lib/libinterfaces__rosidl_typesupport_fastrtps_cpp.so" to ""
[7.469s] -- Up-to-date: /Users/alessandrochinello/distrobox/ubuntu_ros/lab/Lab2/install/interfaces/include/interfaces/interfaces
[7.470s] -- Up-to-date: /Users/alessandrochinello/distrobox/ubuntu_ros/lab/Lab2/install/interfaces/include/interfaces/interfaces/msg
[7.471s] -- Up-to-date: /Users/alessandrochinello/distrobox/ubuntu_ros/lab/Lab2/install/interfaces/include/interfaces/interfaces/msg/detail
[7.472s] -- Installing: /Users/alessandrochinello/distrobox/ubuntu_ros/lab/Lab2/install/interfaces/include/interfaces/interfaces/msg/detail/cstm_inforobot__type_support.cpp
[7.475s] -- Installing: /Users/alessandrochinello/distrobox/ubuntu_ros/lab/Lab2/install/interfaces/include/interfaces/interfaces/msg/detail/cstm_inforobot__rosidl_typesupport_introspection_cpp.hpp
[7.478s] -- Installing: /Users/alessandrochinello/distrobox/ubuntu_ros/lab/Lab2/install/interfaces/lib/libinterfaces__rosidl_typesupport_introspection_cpp.so
[7.486s] -- Set non-toolchain portion of runtime path of "/Users/alessandrochinello/distrobox/ubuntu_ros/lab/Lab2/install/interfaces/lib/libinterfaces__rosidl_typesupport_introspection_cpp.so" to ""
[7.487s] -- Installing: /Users/alessandrochinello/distrobox/ubuntu_ros/lab/Lab2/install/interfaces/lib/libinterfaces__rosidl_typesupport_cpp.so
[7.494s] -- Set non-toolchain portion of runtime path of "/Users/alessandrochinello/distrobox/ubuntu_ros/lab/Lab2/install/interfaces/lib/libinterfaces__rosidl_typesupport_cpp.so" to ""
[7.495s] -- Installing: /Users/alessandrochinello/distrobox/ubuntu_ros/lab/Lab2/install/interfaces/share/interfaces/environment/pythonpath.sh
[7.498s] -- Installing: /Users/alessandrochinello/distrobox/ubuntu_ros/lab/Lab2/install/interfaces/share/interfaces/environment/pythonpath.dsv
[7.501s] -- Installing: /Users/alessandrochinello/distrobox/ubuntu_ros/lab/Lab2/install/interfaces/lib/python3.12/site-packages/interfaces-0.0.0-py3.12.egg-info
[7.504s] -- Installing: /Users/alessandrochinello/distrobox/ubuntu_ros/lab/Lab2/install/interfaces/lib/python3.12/site-packages/interfaces-0.0.0-py3.12.egg-info/PKG-INFO
[7.508s] -- Installing: /Users/alessandrochinello/distrobox/ubuntu_ros/lab/Lab2/install/interfaces/lib/python3.12/site-packages/interfaces-0.0.0-py3.12.egg-info/SOURCES.txt
[7.511s] -- Installing: /Users/alessandrochinello/distrobox/ubuntu_ros/lab/Lab2/install/interfaces/lib/python3.12/site-packages/interfaces-0.0.0-py3.12.egg-info/top_level.txt
[7.515s] -- Installing: /Users/alessandrochinello/distrobox/ubuntu_ros/lab/Lab2/install/interfaces/lib/python3.12/site-packages/interfaces-0.0.0-py3.12.egg-info/dependency_links.txt
[7.519s] -- Installing: /Users/alessandrochinello/distrobox/ubuntu_ros/lab/Lab2/install/interfaces/lib/python3.12/site-packages/interfaces
[7.521s] -- Installing: /Users/alessandrochinello/distrobox/ubuntu_ros/lab/Lab2/install/interfaces/lib/python3.12/site-packages/interfaces/_interfaces_s.ep.rosidl_typesupport_introspection_c.c
[7.525s] -- Installing: /Users/alessandrochinello/distrobox/ubuntu_ros/lab/Lab2/install/interfaces/lib/python3.12/site-packages/interfaces/_interfaces_s.ep.rosidl_typesupport_c.c
[7.529s] -- Installing: /Users/alessandrochinello/distrobox/ubuntu_ros/lab/Lab2/install/interfaces/lib/python3.12/site-packages/interfaces/interfaces_s__rosidl_typesupport_introspection_c.so
[7.534s] -- Installing: /Users/alessandrochinello/distrobox/ubuntu_ros/lab/Lab2/install/interfaces/lib/python3.12/site-packages/interfaces/msg
[7.536s] -- Installing: /Users/alessandrochinello/distrobox/ubuntu_ros/lab/Lab2/install/interfaces/lib/python3.12/site-packages/interfaces/msg/__init__.py
[7.540s] -- Installing: /Users/alessandrochinello/distrobox/ubuntu_ros/lab/Lab2/install/interfaces/lib/python3.12/site-packages/interfaces/msg/_cstm_inforobot_s.c
[7.544s] -- Installing: /Users/alessandrochinello/distrobox/ubuntu_ros/lab/Lab2/install/interfaces/lib/python3.12/site-packages/interfaces/msg/_cstm_inforobot.py
[7.547s] -- Installing: /Users/alessandrochinello/distrobox/ubuntu_ros/lab/Lab2/install/interfaces/lib/python3.12/site-packages/interfaces/interfaces_s__rosidl_typesupport_fastrtps_c.so
[7.552s] -- Installing: /Users/alessandrochinello/distrobox/ubuntu_ros/lab/Lab2/install/interfaces/lib/python3.12/site-packages/interfaces/_interfaces_s.ep.rosidl_typesupport_fastrtps_c.c
[7.556s] -- Installing: /Users/alessandrochinello/distrobox/ubuntu_ros/lab/Lab2/install/interfaces/lib/python3.12/site-packages/interfaces/__init__.py
[7.559s] -- Installing: /Users/alessandrochinello/distrobox/ubuntu_ros/lab/Lab2/install/interfaces/lib/python3.12/site-packages/interfaces/interfaces_s__rosidl_typesupport_c.so
[7.616s] Listing '/Users/alessandrochinello/distrobox/ubuntu_ros/lab/Lab2/install/interfaces/lib/python3.12/site-packages/interfaces'...
[7.617s] Compiling '/Users/alessandrochinello/distrobox/ubuntu_ros/lab/Lab2/install/interfaces/lib/python3.12/site-packages/interfaces/__init__.py'...
[7.617s] Listing '/Users/alessandrochinello/distrobox/ubuntu_ros/lab/Lab2/install/interfaces/lib/python3.12/site-packages/interfaces/msg'...
[7.618s] Compiling '/Users/alessandrochinello/distrobox/ubuntu_ros/lab/Lab2/install/interfaces/lib/python3.12/site-packages/interfaces/msg/__init__.py'...
[7.619s] Compiling '/Users/alessandrochinello/distrobox/ubuntu_ros/lab/Lab2/install/interfaces/lib/python3.12/site-packages/interfaces/msg/_cstm_inforobot.py'...
[7.624s] -- Installing: /Users/alessandrochinello/distrobox/ubuntu_ros/lab/Lab2/install/interfaces/lib/python3.12/site-packages/interfaces/interfaces_s__rosidl_typesupport_fastrtps_c.so
[7.630s] -- Set non-toolchain portion of runtime path of "/Users/alessandrochinello/distrobox/ubuntu_ros/lab/Lab2/install/interfaces/lib/python3.12/site-packages/interfaces/interfaces_s__rosidl_typesupport_fastrtps_c.so" to ""
[7.631s] -- Installing: /Users/alessandrochinello/distrobox/ubuntu_ros/lab/Lab2/install/interfaces/lib/python3.12/site-packages/interfaces/interfaces_s__rosidl_typesupport_introspection_c.so
[7.637s] -- Set non-toolchain portion of runtime path of "/Users/alessandrochinello/distrobox/ubuntu_ros/lab/Lab2/install/interfaces/lib/python3.12/site-packages/interfaces/interfaces_s__rosidl_typesupport_introspection_c.so" to ""
[7.638s] -- Installing: /Users/alessandrochinello/distrobox/ubuntu_ros/lab/Lab2/install/interfaces/lib/python3.12/site-packages/interfaces/interfaces_s__rosidl_typesupport_c.so
[7.643s] -- Set non-toolchain portion of runtime path of "/Users/alessandrochinello/distrobox/ubuntu_ros/lab/Lab2/install/interfaces/lib/python3.12/site-packages/interfaces/interfaces_s__rosidl_typesupport_c.so" to ""
[7.644s] -- Installing: /Users/alessandrochinello/distrobox/ubuntu_ros/lab/Lab2/install/interfaces/lib/libinterfaces__rosidl_generator_py.so
[7.649s] -- Set non-toolchain portion of runtime path of "/Users/alessandrochinello/distrobox/ubuntu_ros/lab/Lab2/install/interfaces/lib/libinterfaces__rosidl_generator_py.so" to ""
[7.650s] -- Installing: /Users/alessandrochinello/distrobox/ubuntu_ros/lab/Lab2/install/interfaces/share/interfaces/msg/CstmInforobot.idl
[7.652s] -- Installing: /Users/alessandrochinello/distrobox/ubuntu_ros/lab/Lab2/install/interfaces/share/interfaces/msg/CstmInforobot.msg
[7.655s] -- Up-to-date: /Users/alessandrochinello/distrobox/ubuntu_ros/lab/Lab2/install/interfaces/include
[7.656s] -- Up-to-date: /Users/alessandrochinello/distrobox/ubuntu_ros/lab/Lab2/install/interfaces/include/interfaces
[7.657s] -- Installing: /Users/alessandrochinello/distrobox/ubuntu_ros/lab/Lab2/install/interfaces/share/ament_index/resource_index/package_run_dependencies/interfaces
[7.662s] -- Installing: /Users/alessandrochinello/distrobox/ubuntu_ros/lab/Lab2/install/interfaces/share/ament_index/resource_index/parent_prefix_path/interfaces
[7.664s] -- Installing: /Users/alessandrochinello/distrobox/ubuntu_ros/lab/Lab2/install/interfaces/share/interfaces/environment/ament_prefix_path.sh
[7.666s] -- Installing: /Users/alessandrochinello/distrobox/ubuntu_ros/lab/Lab2/install/interfaces/share/interfaces/environment/ament_prefix_path.dsv
[7.669s] -- Installing: /Users/alessandrochinello/distrobox/ubuntu_ros/lab/Lab2/install/interfaces/share/interfaces/environment/path.sh
[7.671s] -- Installing: /Users/alessandrochinello/distrobox/ubuntu_ros/lab/Lab2/install/interfaces/share/interfaces/environment/path.dsv
[7.674s] -- Installing: /Users/alessandrochinello/distrobox/ubuntu_ros/lab/Lab2/install/interfaces/share/interfaces/local_setup.bash
[7.677s] -- Installing: /Users/alessandrochinello/distrobox/ubuntu_ros/lab/Lab2/install/interfaces/share/interfaces/local_setup.sh
[7.680s] -- Installing: /Users/alessandrochinello/distrobox/ubuntu_ros/lab/Lab2/install/interfaces/share/interfaces/local_setup.zsh
[7.682s] -- Installing: /Users/alessandrochinello/distrobox/ubuntu_ros/lab/Lab2/install/interfaces/share/interfaces/local_setup.dsv
[7.685s] -- Installing: /Users/alessandrochinello/distrobox/ubuntu_ros/lab/Lab2/install/interfaces/share/interfaces/package.dsv
[7.689s] -- Installing: /Users/alessandrochinello/distrobox/ubuntu_ros/lab/Lab2/install/interfaces/share/ament_index/resource_index/packages/interfaces
[7.692s] -- Installing: /Users/alessandrochinello/distrobox/ubuntu_ros/lab/Lab2/install/interfaces/share/interfaces/cmake/export_interfaces__rosidl_generator_cExport.cmake
[7.695s] -- Installing: /Users/alessandrochinello/distrobox/ubuntu_ros/lab/Lab2/install/interfaces/share/interfaces/cmake/export_interfaces__rosidl_generator_cExport-noconfig.cmake
[7.698s] -- Installing: /Users/alessandrochinello/distrobox/ubuntu_ros/lab/Lab2/install/interfaces/share/interfaces/cmake/export_interfaces__rosidl_typesupport_fastrtps_cExport.cmake
[7.701s] -- Installing: /Users/alessandrochinello/distrobox/ubuntu_ros/lab/Lab2/install/interfaces/share/interfaces/cmake/export_interfaces__rosidl_typesupport_fastrtps_cExport-noconfig.cmake
[7.704s] -- Installing: /Users/alessandrochinello/distrobox/ubuntu_ros/lab/Lab2/install/interfaces/share/interfaces/cmake/interfaces__rosidl_typesupport_introspection_cExport.cmake
[7.707s] -- Installing: /Users/alessandrochinello/distrobox/ubuntu_ros/lab/Lab2/install/interfaces/share/interfaces/cmake/interfaces__rosidl_typesupport_introspection_cExport-noconfig.cmake
[7.710s] -- Installing: /Users/alessandrochinello/distrobox/ubuntu_ros/lab/Lab2/install/interfaces/share/interfaces/cmake/interfaces__rosidl_typesupport_cExport.cmake
[7.713s] -- Installing: /Users/alessandrochinello/distrobox/ubuntu_ros/lab/Lab2/install/interfaces/share/interfaces/cmake/interfaces__rosidl_typesupport_cExport-noconfig.cmake
[7.716s] -- Installing: /Users/alessandrochinello/distrobox/ubuntu_ros/lab/Lab2/install/interfaces/share/interfaces/cmake/export_interfaces__rosidl_generator_cppExport.cmake
[7.719s] -- Installing: /Users/alessandrochinello/distrobox/ubuntu_ros/lab/Lab2/install/interfaces/share/interfaces/cmake/export_interfaces__rosidl_typesupport_fastrtps_cppExport.cmake
[7.722s] -- Installing: /Users/alessandrochinello/distrobox/ubuntu_ros/lab/Lab2/install/interfaces/share/interfaces/cmake/export_interfaces__rosidl_typesupport_fastrtps_cppExport-noconfig.cmake
[7.725s] -- Installing: /Users/alessandrochinello/distrobox/ubuntu_ros/lab/Lab2/install/interfaces/share/interfaces/cmake/interfaces__rosidl_typesupport_introspection_cppExport.cmake
[7.728s] -- Installing: /Users/alessandrochinello/distrobox/ubuntu_ros/lab/Lab2/install/interfaces/share/interfaces/cmake/interfaces__rosidl_typesupport_introspection_cppExport-noconfig.cmake
[7.731s] -- Installing: /Users/alessandrochinello/distrobox/ubuntu_ros/lab/Lab2/install/interfaces/share/interfaces/cmake/interfaces__rosidl_typesupport_cppExport.cmake
[7.734s] -- Installing: /Users/alessandrochinello/distrobox/ubuntu_ros/lab/Lab2/install/interfaces/share/interfaces/cmake/interfaces__rosidl_typesupport_cppExport-noconfig.cmake
[7.737s] -- Installing: /Users/alessandrochinello/distrobox/ubuntu_ros/lab/Lab2/install/interfaces/share/interfaces/cmake/export_interfaces__rosidl_generator_pyExport.cmake
[7.739s] -- Installing: /Users/alessandrochinello/distrobox/ubuntu_ros/lab/Lab2/install/interfaces/share/interfaces/cmake/export_interfaces__rosidl_generator_pyExport-noconfig.cmake
[7.742s] -- Installing: /Users/alessandrochinello/distrobox/ubuntu_ros/lab/Lab2/install/interfaces/share/interfaces/cmake/rosidl_cmake-extras.cmake
[7.745s] -- Installing: /Users/alessandrochinello/distrobox/ubuntu_ros/lab/Lab2/install/interfaces/share/interfaces/cmake/ament_cmake_export_include_directories-extras.cmake
[7.748s] -- Installing: /Users/alessandrochinello/distrobox/ubuntu_ros/lab/Lab2/install/interfaces/share/interfaces/cmake/ament_cmake_export_libraries-extras.cmake
[7.751s] -- Installing: /Users/alessandrochinello/distrobox/ubuntu_ros/lab/Lab2/install/interfaces/share/interfaces/cmake/ament_cmake_export_targets-extras.cmake
[7.754s] -- Installing: /Users/alessandrochinello/distrobox/ubuntu_ros/lab/Lab2/install/interfaces/share/interfaces/cmake/rosidl_cmake_export_typesupport_targets-extras.cmake
[7.761s] -- Installing: /Users/alessandrochinello/distrobox/ubuntu_ros/lab/Lab2/install/interfaces/share/interfaces/cmake/ament_cmake_export_dependencies-extras.cmake
[7.767s] -- Installing: /Users/alessandrochinello/distrobox/ubuntu_ros/lab/Lab2/install/interfaces/share/interfaces/cmake/rosidl_cmake_export_typesupport_libraries-extras.cmake
[7.770s] -- Installing: /Users/alessandrochinello/distrobox/ubuntu_ros/lab/Lab2/install/interfaces/share/interfaces/cmake/interfacesConfig.cmake
[7.772s] -- Installing: /Users/alessandrochinello/distrobox/ubuntu_ros/lab/Lab2/install/interfaces/share/interfaces/cmake/interfacesConfig-version.cmake
[7.775s] -- Installing: /Users/alessandrochinello/distrobox/ubuntu_ros/lab/Lab2/install/interfaces/share/interfaces/package.xml
[7.781s] Invoked command in '/Users/alessandrochinello/distrobox/ubuntu_ros/lab/Lab2/build/interfaces' returned '0': CMAKE_PREFIX_PATH=${CMAKE_PREFIX_PATH}:/opt/ros/jazzy CXXFLAGS=-I/opt/homebrew/Cellar/opencv/4.11.0_1/include/opencv4 /usr/bin/cmake --install /Users/alessandrochinello/distrobox/ubuntu_ros/lab/Lab2/build/interfaces
