[0.013s] Invoking command in '/Users/alessandrochinello/distrobox/ubuntu_ros/lab/Lab1/build/cpp_pubsub': CMAKE_PREFIX_PATH=${CMAKE_PREFIX_PATH}:/opt/ros/jazzy CXXFLAGS=-I/opt/homebrew/Cellar/opencv/4.11.0_1/include/opencv4 /usr/bin/cmake /Users/alessandrochinello/distrobox/ubuntu_ros/lab/Lab1/src/cpp_pubsub -DCMAKE_INSTALL_PREFIX=/Users/alessandrochinello/distrobox/ubuntu_ros/lab/Lab1/install/cpp_pubsub
[0.031s] -- Found ament_cmake: 2.5.4 (/opt/ros/jazzy/share/ament_cmake/cmake)
[0.184s] -- Found rclcpp: 28.1.12 (/opt/ros/jazzy/share/rclcpp/cmake)
[0.221s] -- Found rosidl_generator_c: 4.6.6 (/opt/ros/jazzy/share/rosidl_generator_c/cmake)
[0.234s] -- Found rosidl_generator_cpp: 4.6.6 (/opt/ros/jazzy/share/rosidl_generator_cpp/cmake)
[0.246s] -- Using all available rosidl_typesupport_c: rosidl_typesupport_fastrtps_c;rosidl_typesupport_introspection_c
[0.260s] -- Using all available rosidl_typesupport_cpp: rosidl_typesupport_fastrtps_cpp;rosidl_typesupport_introspection_cpp
[0.319s] -- Found rmw_implementation_cmake: 7.3.2 (/opt/ros/jazzy/share/rmw_implementation_cmake/cmake)
[0.321s] -- Found rmw_fastrtps_cpp: 8.4.3 (/opt/ros/jazzy/share/rmw_fastrtps_cpp/cmake)
[0.376s] -- Using RMW implementation 'rmw_fastrtps_cpp' as default
[0.421s] -- Found std_msgs: 5.3.6 (/opt/ros/jazzy/share/std_msgs/cmake)
[0.432s] -- Found ament_lint_auto: 0.17.3 (/opt/ros/jazzy/share/ament_lint_auto/cmake)
[0.497s] -- Added test 'copyright' to check source files copyright and LICENSE
[0.503s] -- Added test 'cppcheck' to perform static code analysis on C / C++ code
[0.504s] -- Configured cppcheck include dirs: 
[0.504s] -- Configured cppcheck exclude dirs and/or files: 
[0.509s] -- Added test 'cpplint' to check C / C++ code against the Google style
[0.510s] -- Configured cpplint exclude dirs and/or files: 
[0.512s] -- Added test 'lint_cmake' to check CMake code style
[0.522s] -- Added test 'uncrustify' to check C / C++ code style
[0.523s] -- Configured uncrustify additional arguments: 
[0.523s] -- Added test 'xmllint' to check XML markup files
[0.531s] -- Configuring done (0.5s)
[0.581s] -- Generating done (0.0s)
[0.600s] -- Build files have been written to: /Users/alessandrochinello/distrobox/ubuntu_ros/lab/Lab1/build/cpp_pubsub
[0.604s] Invoked command in '/Users/alessandrochinello/distrobox/ubuntu_ros/lab/Lab1/build/cpp_pubsub' returned '0': CMAKE_PREFIX_PATH=${CMAKE_PREFIX_PATH}:/opt/ros/jazzy CXXFLAGS=-I/opt/homebrew/Cellar/opencv/4.11.0_1/include/opencv4 /usr/bin/cmake /Users/alessandrochinello/distrobox/ubuntu_ros/lab/Lab1/src/cpp_pubsub -DCMAKE_INSTALL_PREFIX=/Users/alessandrochinello/distrobox/ubuntu_ros/lab/Lab1/install/cpp_pubsub
[0.606s] Invoking command in '/Users/alessandrochinello/distrobox/ubuntu_ros/lab/Lab1/build/cpp_pubsub': CMAKE_PREFIX_PATH=${CMAKE_PREFIX_PATH}:/opt/ros/jazzy CXXFLAGS=-I/opt/homebrew/Cellar/opencv/4.11.0_1/include/opencv4 /usr/bin/cmake --build /Users/alessandrochinello/distrobox/ubuntu_ros/lab/Lab1/build/cpp_pubsub -- -j4 -l4
[0.640s] [ 50%] [32mBuilding CXX object CMakeFiles/talker.dir/src/publisher_function.cpp.o[0m
[0.641s] [ 50%] [32mBuilding CXX object CMakeFiles/listener.dir/src/subscriber_function.cpp.o[0m
[4.322s] [ 75%] [32m[1mLinking CXX executable talker[0m
[4.614s] [ 75%] Built target talker
[6.172s] [100%] [32m[1mLinking CXX executable listener[0m
[6.454s] [100%] Built target listener
[6.473s] Invoked command in '/Users/alessandrochinello/distrobox/ubuntu_ros/lab/Lab1/build/cpp_pubsub' returned '0': CMAKE_PREFIX_PATH=${CMAKE_PREFIX_PATH}:/opt/ros/jazzy CXXFLAGS=-I/opt/homebrew/Cellar/opencv/4.11.0_1/include/opencv4 /usr/bin/cmake --build /Users/alessandrochinello/distrobox/ubuntu_ros/lab/Lab1/build/cpp_pubsub -- -j4 -l4
[6.483s] Invoking command in '/Users/alessandrochinello/distrobox/ubuntu_ros/lab/Lab1/build/cpp_pubsub': CMAKE_PREFIX_PATH=${CMAKE_PREFIX_PATH}:/opt/ros/jazzy CXXFLAGS=-I/opt/homebrew/Cellar/opencv/4.11.0_1/include/opencv4 /usr/bin/cmake --install /Users/alessandrochinello/distrobox/ubuntu_ros/lab/Lab1/build/cpp_pubsub
[6.488s] -- Install configuration: ""
[6.489s] -- Installing: /Users/alessandrochinello/distrobox/ubuntu_ros/lab/Lab1/install/cpp_pubsub/lib/cpp_pubsub/talker
[6.512s] -- Set non-toolchain portion of runtime path of "/Users/alessandrochinello/distrobox/ubuntu_ros/lab/Lab1/install/cpp_pubsub/lib/cpp_pubsub/talker" to ""
[6.513s] -- Installing: /Users/alessandrochinello/distrobox/ubuntu_ros/lab/Lab1/install/cpp_pubsub/lib/cpp_pubsub/listener
[6.584s] -- Set non-toolchain portion of runtime path of "/Users/alessandrochinello/distrobox/ubuntu_ros/lab/Lab1/install/cpp_pubsub/lib/cpp_pubsub/listener" to ""
[6.585s] -- Installing: /Users/alessandrochinello/distrobox/ubuntu_ros/lab/Lab1/install/cpp_pubsub/share/ament_index/resource_index/package_run_dependencies/cpp_pubsub
[6.588s] -- Installing: /Users/alessandrochinello/distrobox/ubuntu_ros/lab/Lab1/install/cpp_pubsub/share/ament_index/resource_index/parent_prefix_path/cpp_pubsub
[6.590s] -- Installing: /Users/alessandrochinello/distrobox/ubuntu_ros/lab/Lab1/install/cpp_pubsub/share/cpp_pubsub/environment/ament_prefix_path.sh
[6.592s] -- Installing: /Users/alessandrochinello/distrobox/ubuntu_ros/lab/Lab1/install/cpp_pubsub/share/cpp_pubsub/environment/ament_prefix_path.dsv
[6.594s] -- Installing: /Users/alessandrochinello/distrobox/ubuntu_ros/lab/Lab1/install/cpp_pubsub/share/cpp_pubsub/environment/path.sh
[6.596s] -- Installing: /Users/alessandrochinello/distrobox/ubuntu_ros/lab/Lab1/install/cpp_pubsub/share/cpp_pubsub/environment/path.dsv
[6.598s] -- Installing: /Users/alessandrochinello/distrobox/ubuntu_ros/lab/Lab1/install/cpp_pubsub/share/cpp_pubsub/local_setup.bash
[6.600s] -- Installing: /Users/alessandrochinello/distrobox/ubuntu_ros/lab/Lab1/install/cpp_pubsub/share/cpp_pubsub/local_setup.sh
[6.602s] -- Installing: /Users/alessandrochinello/distrobox/ubuntu_ros/lab/Lab1/install/cpp_pubsub/share/cpp_pubsub/local_setup.zsh
[6.603s] -- Installing: /Users/alessandrochinello/distrobox/ubuntu_ros/lab/Lab1/install/cpp_pubsub/share/cpp_pubsub/local_setup.dsv
[6.605s] -- Installing: /Users/alessandrochinello/distrobox/ubuntu_ros/lab/Lab1/install/cpp_pubsub/share/cpp_pubsub/package.dsv
[6.607s] -- Installing: /Users/alessandrochinello/distrobox/ubuntu_ros/lab/Lab1/install/cpp_pubsub/share/ament_index/resource_index/packages/cpp_pubsub
[6.610s] -- Installing: /Users/alessandrochinello/distrobox/ubuntu_ros/lab/Lab1/install/cpp_pubsub/share/cpp_pubsub/cmake/cpp_pubsubConfig.cmake
[6.611s] -- Installing: /Users/alessandrochinello/distrobox/ubuntu_ros/lab/Lab1/install/cpp_pubsub/share/cpp_pubsub/cmake/cpp_pubsubConfig-version.cmake
[6.613s] -- Installing: /Users/alessandrochinello/distrobox/ubuntu_ros/lab/Lab1/install/cpp_pubsub/share/cpp_pubsub/package.xml
[6.616s] Invoked command in '/Users/alessandrochinello/distrobox/ubuntu_ros/lab/Lab1/build/cpp_pubsub' returned '0': CMAKE_PREFIX_PATH=${CMAKE_PREFIX_PATH}:/opt/ros/jazzy CXXFLAGS=-I/opt/homebrew/Cellar/opencv/4.11.0_1/include/opencv4 /usr/bin/cmake --install /Users/alessandrochinello/distrobox/ubuntu_ros/lab/Lab1/build/cpp_pubsub
