[0.154s] DEBUG:colcon:Command line arguments: ['/usr/bin/colcon', 'build']
[0.154s] DEBUG:colcon:Parsed command line arguments: Namespace(log_base=None, log_level=None, verb_name='build', build_base='build', install_base='install', merge_install=False, symlink_install=False, test_result_base=None, continue_on_error=False, executor='parallel', parallel_workers=4, event_handlers=None, ignore_user_meta=False, metas=['./colcon.meta'], base_paths=['.'], packages_ignore=None, packages_ignore_regex=None, paths=None, packages_up_to=None, packages_up_to_regex=None, packages_above=None, packages_above_and_dependencies=None, packages_above_depth=None, packages_select_by_dep=None, packages_skip_by_dep=None, packages_skip_up_to=None, packages_select_build_failed=False, packages_skip_build_finished=False, packages_select_test_failures=False, packages_skip_test_passed=False, packages_select=None, packages_skip=None, packages_select_regex=None, packages_skip_regex=None, packages_start=None, packages_end=None, allow_overriding=[], cmake_args=None, cmake_target=None, cmake_target_skip_unavailable=False, cmake_clean_cache=False, cmake_clean_first=False, cmake_force_configure=False, ament_cmake_args=None, catkin_cmake_args=None, catkin_skip_building_tests=False, verb_parser=<colcon_defaults.argument_parser.defaults.DefaultArgumentsDecorator object at 0xffff843c0890>, verb_extension=<colcon_core.verb.build.BuildVerb object at 0xffff8568f170>, main=<bound method BuildVerb.main of <colcon_core.verb.build.BuildVerb object at 0xffff8568f170>>)
[0.214s] Level 1:colcon.colcon_core.package_discovery:discover_packages(colcon_meta) check parameters
[0.214s] Level 1:colcon.colcon_core.package_discovery:discover_packages(recursive) check parameters
[0.214s] Level 1:colcon.colcon_core.package_discovery:discover_packages(ignore) check parameters
[0.214s] Level 1:colcon.colcon_core.package_discovery:discover_packages(path) check parameters
[0.215s] Level 1:colcon.colcon_core.package_discovery:discover_packages(colcon_meta) discover
[0.215s] Level 1:colcon.colcon_core.package_discovery:discover_packages(recursive) discover
[0.215s] INFO:colcon.colcon_core.package_discovery:Crawling recursively for packages in '/Users/alessandrochinello/distrobox/ubuntu_ros/lab/Lab3'
[0.215s] Level 1:colcon.colcon_core.package_identification:_identify(.) by extensions ['ignore', 'ignore_ament_install']
[0.216s] Level 1:colcon.colcon_core.package_identification:_identify(.) by extension 'ignore'
[0.216s] Level 1:colcon.colcon_core.package_identification:_identify(.) by extension 'ignore_ament_install'
[0.216s] Level 1:colcon.colcon_core.package_identification:_identify(.) by extensions ['colcon_pkg']
[0.217s] Level 1:colcon.colcon_core.package_identification:_identify(.) by extension 'colcon_pkg'
[0.217s] Level 1:colcon.colcon_core.package_identification:_identify(.) by extensions ['colcon_meta']
[0.217s] Level 1:colcon.colcon_core.package_identification:_identify(.) by extension 'colcon_meta'
[0.217s] Level 1:colcon.colcon_core.package_identification:_identify(.) by extensions ['ros']
[0.217s] Level 1:colcon.colcon_core.package_identification:_identify(.) by extension 'ros'
[0.251s] Level 1:colcon.colcon_core.package_identification:_identify(.) by extensions ['cmake', 'python']
[0.251s] Level 1:colcon.colcon_core.package_identification:_identify(.) by extension 'cmake'
[0.251s] Level 1:colcon.colcon_core.package_identification:_identify(.) by extension 'python'
[0.251s] Level 1:colcon.colcon_core.package_identification:_identify(.) by extensions ['python_setup_py']
[0.252s] Level 1:colcon.colcon_core.package_identification:_identify(.) by extension 'python_setup_py'
[0.252s] Level 1:colcon.colcon_core.package_identification:_identify(build) by extensions ['ignore', 'ignore_ament_install']
[0.253s] Level 1:colcon.colcon_core.package_identification:_identify(build) by extension 'ignore'
[0.253s] Level 1:colcon.colcon_core.package_identification:_identify(build) ignored
[0.253s] Level 1:colcon.colcon_core.package_identification:_identify(install) by extensions ['ignore', 'ignore_ament_install']
[0.254s] Level 1:colcon.colcon_core.package_identification:_identify(install) by extension 'ignore'
[0.254s] Level 1:colcon.colcon_core.package_identification:_identify(install) ignored
[0.255s] Level 1:colcon.colcon_core.package_identification:_identify(log) by extensions ['ignore', 'ignore_ament_install']
[0.255s] Level 1:colcon.colcon_core.package_identification:_identify(log) by extension 'ignore'
[0.255s] Level 1:colcon.colcon_core.package_identification:_identify(log) ignored
[0.256s] Level 1:colcon.colcon_core.package_identification:_identify(src) by extensions ['ignore', 'ignore_ament_install']
[0.256s] Level 1:colcon.colcon_core.package_identification:_identify(src) by extension 'ignore'
[0.256s] Level 1:colcon.colcon_core.package_identification:_identify(src) by extension 'ignore_ament_install'
[0.257s] Level 1:colcon.colcon_core.package_identification:_identify(src) by extensions ['colcon_pkg']
[0.257s] Level 1:colcon.colcon_core.package_identification:_identify(src) by extension 'colcon_pkg'
[0.257s] Level 1:colcon.colcon_core.package_identification:_identify(src) by extensions ['colcon_meta']
[0.257s] Level 1:colcon.colcon_core.package_identification:_identify(src) by extension 'colcon_meta'
[0.257s] Level 1:colcon.colcon_core.package_identification:_identify(src) by extensions ['ros']
[0.257s] Level 1:colcon.colcon_core.package_identification:_identify(src) by extension 'ros'
[0.258s] Level 1:colcon.colcon_core.package_identification:_identify(src) by extensions ['cmake', 'python']
[0.258s] Level 1:colcon.colcon_core.package_identification:_identify(src) by extension 'cmake'
[0.258s] Level 1:colcon.colcon_core.package_identification:_identify(src) by extension 'python'
[0.258s] Level 1:colcon.colcon_core.package_identification:_identify(src) by extensions ['python_setup_py']
[0.259s] Level 1:colcon.colcon_core.package_identification:_identify(src) by extension 'python_setup_py'
[0.259s] Level 1:colcon.colcon_core.package_identification:_identify(src/custom_action_cpp) by extensions ['ignore', 'ignore_ament_install']
[0.259s] Level 1:colcon.colcon_core.package_identification:_identify(src/custom_action_cpp) by extension 'ignore'
[0.260s] Level 1:colcon.colcon_core.package_identification:_identify(src/custom_action_cpp) by extension 'ignore_ament_install'
[0.260s] Level 1:colcon.colcon_core.package_identification:_identify(src/custom_action_cpp) by extensions ['colcon_pkg']
[0.260s] Level 1:colcon.colcon_core.package_identification:_identify(src/custom_action_cpp) by extension 'colcon_pkg'
[0.260s] Level 1:colcon.colcon_core.package_identification:_identify(src/custom_action_cpp) by extensions ['colcon_meta']
[0.261s] Level 1:colcon.colcon_core.package_identification:_identify(src/custom_action_cpp) by extension 'colcon_meta'
[0.261s] Level 1:colcon.colcon_core.package_identification:_identify(src/custom_action_cpp) by extensions ['ros']
[0.261s] Level 1:colcon.colcon_core.package_identification:_identify(src/custom_action_cpp) by extension 'ros'
[0.266s] DEBUG:colcon.colcon_core.package_identification:Package 'src/custom_action_cpp' with type 'ros.ament_cmake' and name 'custom_action_cpp'
[0.267s] Level 1:colcon.colcon_core.package_identification:_identify(src/custom_action_interfaces) by extensions ['ignore', 'ignore_ament_install']
[0.267s] Level 1:colcon.colcon_core.package_identification:_identify(src/custom_action_interfaces) by extension 'ignore'
[0.267s] Level 1:colcon.colcon_core.package_identification:_identify(src/custom_action_interfaces) by extension 'ignore_ament_install'
[0.268s] Level 1:colcon.colcon_core.package_identification:_identify(src/custom_action_interfaces) by extensions ['colcon_pkg']
[0.268s] Level 1:colcon.colcon_core.package_identification:_identify(src/custom_action_interfaces) by extension 'colcon_pkg'
[0.268s] Level 1:colcon.colcon_core.package_identification:_identify(src/custom_action_interfaces) by extensions ['colcon_meta']
[0.268s] Level 1:colcon.colcon_core.package_identification:_identify(src/custom_action_interfaces) by extension 'colcon_meta'
[0.268s] Level 1:colcon.colcon_core.package_identification:_identify(src/custom_action_interfaces) by extensions ['ros']
[0.269s] Level 1:colcon.colcon_core.package_identification:_identify(src/custom_action_interfaces) by extension 'ros'
[0.270s] DEBUG:colcon.colcon_core.package_identification:Package 'src/custom_action_interfaces' with type 'ros.ament_cmake' and name 'custom_action_interfaces'
[0.270s] Level 1:colcon.colcon_core.package_discovery:discover_packages(recursive) using defaults
[0.270s] Level 1:colcon.colcon_core.package_discovery:discover_packages(ignore) discover
[0.270s] Level 1:colcon.colcon_core.package_discovery:discover_packages(ignore) using defaults
[0.270s] Level 1:colcon.colcon_core.package_discovery:discover_packages(path) discover
[0.271s] Level 1:colcon.colcon_core.package_discovery:discover_packages(path) using defaults
[0.301s] Level 1:colcon.colcon_core.package_discovery:discover_packages(prefix_path) check parameters
[0.301s] Level 1:colcon.colcon_core.package_discovery:discover_packages(prefix_path) discover
[0.308s] DEBUG:colcon.colcon_installed_package_information.package_discovery:Found 2 installed packages in /Users/alessandrochinello/distrobox/ubuntu_ros/lab/Lab3/install
[0.310s] DEBUG:colcon.colcon_installed_package_information.package_discovery:Found 285 installed packages in /opt/ros/jazzy
[0.311s] Level 1:colcon.colcon_core.package_discovery:discover_packages(prefix_path) using defaults
[0.354s] Level 5:colcon.colcon_core.verb:set package 'custom_action_interfaces' build argument 'cmake_args' from command line to 'None'
[0.355s] Level 5:colcon.colcon_core.verb:set package 'custom_action_interfaces' build argument 'cmake_target' from command line to 'None'
[0.355s] Level 5:colcon.colcon_core.verb:set package 'custom_action_interfaces' build argument 'cmake_target_skip_unavailable' from command line to 'False'
[0.355s] Level 5:colcon.colcon_core.verb:set package 'custom_action_interfaces' build argument 'cmake_clean_cache' from command line to 'False'
[0.355s] Level 5:colcon.colcon_core.verb:set package 'custom_action_interfaces' build argument 'cmake_clean_first' from command line to 'False'
[0.355s] Level 5:colcon.colcon_core.verb:set package 'custom_action_interfaces' build argument 'cmake_force_configure' from command line to 'False'
[0.356s] Level 5:colcon.colcon_core.verb:set package 'custom_action_interfaces' build argument 'ament_cmake_args' from command line to 'None'
[0.356s] Level 5:colcon.colcon_core.verb:set package 'custom_action_interfaces' build argument 'catkin_cmake_args' from command line to 'None'
[0.356s] Level 5:colcon.colcon_core.verb:set package 'custom_action_interfaces' build argument 'catkin_skip_building_tests' from command line to 'False'
[0.356s] DEBUG:colcon.colcon_core.verb:Building package 'custom_action_interfaces' with the following arguments: {'ament_cmake_args': None, 'build_base': '/Users/alessandrochinello/distrobox/ubuntu_ros/lab/Lab3/build/custom_action_interfaces', 'catkin_cmake_args': None, 'catkin_skip_building_tests': False, 'cmake_args': None, 'cmake_clean_cache': False, 'cmake_clean_first': False, 'cmake_force_configure': False, 'cmake_target': None, 'cmake_target_skip_unavailable': False, 'install_base': '/Users/alessandrochinello/distrobox/ubuntu_ros/lab/Lab3/install/custom_action_interfaces', 'merge_install': False, 'path': '/Users/alessandrochinello/distrobox/ubuntu_ros/lab/Lab3/src/custom_action_interfaces', 'symlink_install': False, 'test_result_base': None}
[0.356s] Level 5:colcon.colcon_core.verb:set package 'custom_action_cpp' build argument 'cmake_args' from command line to 'None'
[0.357s] Level 5:colcon.colcon_core.verb:set package 'custom_action_cpp' build argument 'cmake_target' from command line to 'None'
[0.357s] Level 5:colcon.colcon_core.verb:set package 'custom_action_cpp' build argument 'cmake_target_skip_unavailable' from command line to 'False'
[0.357s] Level 5:colcon.colcon_core.verb:set package 'custom_action_cpp' build argument 'cmake_clean_cache' from command line to 'False'
[0.357s] Level 5:colcon.colcon_core.verb:set package 'custom_action_cpp' build argument 'cmake_clean_first' from command line to 'False'
[0.357s] Level 5:colcon.colcon_core.verb:set package 'custom_action_cpp' build argument 'cmake_force_configure' from command line to 'False'
[0.358s] Level 5:colcon.colcon_core.verb:set package 'custom_action_cpp' build argument 'ament_cmake_args' from command line to 'None'
[0.358s] Level 5:colcon.colcon_core.verb:set package 'custom_action_cpp' build argument 'catkin_cmake_args' from command line to 'None'
[0.358s] Level 5:colcon.colcon_core.verb:set package 'custom_action_cpp' build argument 'catkin_skip_building_tests' from command line to 'False'
[0.358s] DEBUG:colcon.colcon_core.verb:Building package 'custom_action_cpp' with the following arguments: {'ament_cmake_args': None, 'build_base': '/Users/alessandrochinello/distrobox/ubuntu_ros/lab/Lab3/build/custom_action_cpp', 'catkin_cmake_args': None, 'catkin_skip_building_tests': False, 'cmake_args': None, 'cmake_clean_cache': False, 'cmake_clean_first': False, 'cmake_force_configure': False, 'cmake_target': None, 'cmake_target_skip_unavailable': False, 'install_base': '/Users/alessandrochinello/distrobox/ubuntu_ros/lab/Lab3/install/custom_action_cpp', 'merge_install': False, 'path': '/Users/alessandrochinello/distrobox/ubuntu_ros/lab/Lab3/src/custom_action_cpp', 'symlink_install': False, 'test_result_base': None}
[0.358s] INFO:colcon.colcon_core.executor:Executing jobs using 'parallel' executor
[0.360s] DEBUG:colcon.colcon_parallel_executor.executor.parallel:run_until_complete
[0.360s] INFO:colcon.colcon_ros.task.ament_cmake.build:Building ROS package in '/Users/alessandrochinello/distrobox/ubuntu_ros/lab/Lab3/src/custom_action_interfaces' with build type 'ament_cmake'
[0.360s] INFO:colcon.colcon_cmake.task.cmake.build:Building CMake package in '/Users/alessandrochinello/distrobox/ubuntu_ros/lab/Lab3/src/custom_action_interfaces'
[0.365s] INFO:colcon.colcon_core.plugin_system:Skipping extension 'colcon_core.shell.bat': Not used on non-Windows systems
[0.366s] INFO:colcon.colcon_core.shell:Skip shell extension 'powershell' for command environment: Not usable outside of PowerShell
[0.366s] DEBUG:colcon.colcon_core.shell:Skip shell extension 'dsv' for command environment
[0.398s] DEBUG:colcon.colcon_core.event_handler.log_command:Invoking command in '/Users/alessandrochinello/distrobox/ubuntu_ros/lab/Lab3/build/custom_action_interfaces': CMAKE_PREFIX_PATH=${CMAKE_PREFIX_PATH}:/opt/ros/jazzy CXXFLAGS=-I/opt/homebrew/Cellar/opencv/4.11.0_1/include/opencv4 /usr/bin/cmake --build /Users/alessandrochinello/distrobox/ubuntu_ros/lab/Lab3/build/custom_action_interfaces -- -j4 -l4
[1.861s] DEBUG:colcon.colcon_core.event_handler.log_command:Invoked command in '/Users/alessandrochinello/distrobox/ubuntu_ros/lab/Lab3/build/custom_action_interfaces' returned '0': CMAKE_PREFIX_PATH=${CMAKE_PREFIX_PATH}:/opt/ros/jazzy CXXFLAGS=-I/opt/homebrew/Cellar/opencv/4.11.0_1/include/opencv4 /usr/bin/cmake --build /Users/alessandrochinello/distrobox/ubuntu_ros/lab/Lab3/build/custom_action_interfaces -- -j4 -l4
[1.880s] DEBUG:colcon.colcon_core.event_handler.log_command:Invoking command in '/Users/alessandrochinello/distrobox/ubuntu_ros/lab/Lab3/build/custom_action_interfaces': CMAKE_PREFIX_PATH=${CMAKE_PREFIX_PATH}:/opt/ros/jazzy CXXFLAGS=-I/opt/homebrew/Cellar/opencv/4.11.0_1/include/opencv4 /usr/bin/cmake --install /Users/alessandrochinello/distrobox/ubuntu_ros/lab/Lab3/build/custom_action_interfaces
[2.040s] Level 1:colcon.colcon_core.environment:create_environment_scripts_only(custom_action_interfaces)
[2.042s] DEBUG:colcon.colcon_core.event_handler.log_command:Invoked command in '/Users/alessandrochinello/distrobox/ubuntu_ros/lab/Lab3/build/custom_action_interfaces' returned '0': CMAKE_PREFIX_PATH=${CMAKE_PREFIX_PATH}:/opt/ros/jazzy CXXFLAGS=-I/opt/homebrew/Cellar/opencv/4.11.0_1/include/opencv4 /usr/bin/cmake --install /Users/alessandrochinello/distrobox/ubuntu_ros/lab/Lab3/build/custom_action_interfaces
[2.046s] Level 1:colcon.colcon_core.environment:checking '/Users/alessandrochinello/distrobox/ubuntu_ros/lab/Lab3/install/custom_action_interfaces' for CMake module files
[2.050s] Level 1:colcon.colcon_core.environment:checking '/Users/alessandrochinello/distrobox/ubuntu_ros/lab/Lab3/install/custom_action_interfaces' for CMake config files
[2.057s] Level 1:colcon.colcon_core.shell:create_environment_hook('custom_action_interfaces', 'cmake_prefix_path')
[2.058s] INFO:colcon.colcon_core.shell:Creating environment hook '/Users/alessandrochinello/distrobox/ubuntu_ros/lab/Lab3/install/custom_action_interfaces/share/custom_action_interfaces/hook/cmake_prefix_path.ps1'
[2.060s] INFO:colcon.colcon_core.shell:Creating environment descriptor '/Users/alessandrochinello/distrobox/ubuntu_ros/lab/Lab3/install/custom_action_interfaces/share/custom_action_interfaces/hook/cmake_prefix_path.dsv'
[2.061s] INFO:colcon.colcon_core.shell:Creating environment hook '/Users/alessandrochinello/distrobox/ubuntu_ros/lab/Lab3/install/custom_action_interfaces/share/custom_action_interfaces/hook/cmake_prefix_path.sh'
[2.063s] Level 1:colcon.colcon_core.environment:checking '/Users/alessandrochinello/distrobox/ubuntu_ros/lab/Lab3/install/custom_action_interfaces/lib'
[2.064s] Level 1:colcon.colcon_core.shell:create_environment_hook('custom_action_interfaces', 'ld_library_path_lib')
[2.064s] INFO:colcon.colcon_core.shell:Creating environment hook '/Users/alessandrochinello/distrobox/ubuntu_ros/lab/Lab3/install/custom_action_interfaces/share/custom_action_interfaces/hook/ld_library_path_lib.ps1'
[2.065s] INFO:colcon.colcon_core.shell:Creating environment descriptor '/Users/alessandrochinello/distrobox/ubuntu_ros/lab/Lab3/install/custom_action_interfaces/share/custom_action_interfaces/hook/ld_library_path_lib.dsv'
[2.066s] INFO:colcon.colcon_core.shell:Creating environment hook '/Users/alessandrochinello/distrobox/ubuntu_ros/lab/Lab3/install/custom_action_interfaces/share/custom_action_interfaces/hook/ld_library_path_lib.sh'
[2.067s] Level 1:colcon.colcon_core.environment:checking '/Users/alessandrochinello/distrobox/ubuntu_ros/lab/Lab3/install/custom_action_interfaces/bin'
[2.067s] Level 1:colcon.colcon_core.environment:checking '/Users/alessandrochinello/distrobox/ubuntu_ros/lab/Lab3/install/custom_action_interfaces/lib/pkgconfig/custom_action_interfaces.pc'
[2.068s] Level 1:colcon.colcon_core.environment:checking '/Users/alessandrochinello/distrobox/ubuntu_ros/lab/Lab3/install/custom_action_interfaces/lib/python3.12/site-packages'
[2.068s] Level 1:colcon.colcon_core.shell:create_environment_hook('custom_action_interfaces', 'pythonpath')
[2.068s] INFO:colcon.colcon_core.shell:Creating environment hook '/Users/alessandrochinello/distrobox/ubuntu_ros/lab/Lab3/install/custom_action_interfaces/share/custom_action_interfaces/hook/pythonpath.ps1'
[2.070s] INFO:colcon.colcon_core.shell:Creating environment descriptor '/Users/alessandrochinello/distrobox/ubuntu_ros/lab/Lab3/install/custom_action_interfaces/share/custom_action_interfaces/hook/pythonpath.dsv'
[2.071s] INFO:colcon.colcon_core.shell:Creating environment hook '/Users/alessandrochinello/distrobox/ubuntu_ros/lab/Lab3/install/custom_action_interfaces/share/custom_action_interfaces/hook/pythonpath.sh'
[2.073s] Level 1:colcon.colcon_core.environment:checking '/Users/alessandrochinello/distrobox/ubuntu_ros/lab/Lab3/install/custom_action_interfaces/bin'
[2.073s] INFO:colcon.colcon_core.shell:Creating package script '/Users/alessandrochinello/distrobox/ubuntu_ros/lab/Lab3/install/custom_action_interfaces/share/custom_action_interfaces/package.ps1'
[2.075s] INFO:colcon.colcon_core.shell:Creating package descriptor '/Users/alessandrochinello/distrobox/ubuntu_ros/lab/Lab3/install/custom_action_interfaces/share/custom_action_interfaces/package.dsv'
[2.076s] INFO:colcon.colcon_core.shell:Creating package script '/Users/alessandrochinello/distrobox/ubuntu_ros/lab/Lab3/install/custom_action_interfaces/share/custom_action_interfaces/package.sh'
[2.077s] INFO:colcon.colcon_core.shell:Creating package script '/Users/alessandrochinello/distrobox/ubuntu_ros/lab/Lab3/install/custom_action_interfaces/share/custom_action_interfaces/package.bash'
[2.079s] INFO:colcon.colcon_core.shell:Creating package script '/Users/alessandrochinello/distrobox/ubuntu_ros/lab/Lab3/install/custom_action_interfaces/share/custom_action_interfaces/package.zsh'
[2.080s] Level 1:colcon.colcon_core.environment:create_file_with_runtime_dependencies(/Users/alessandrochinello/distrobox/ubuntu_ros/lab/Lab3/install/custom_action_interfaces/share/colcon-core/packages/custom_action_interfaces)
[2.083s] Level 1:colcon.colcon_core.environment:create_environment_scripts_only(custom_action_interfaces)
[2.083s] Level 1:colcon.colcon_core.environment:checking '/Users/alessandrochinello/distrobox/ubuntu_ros/lab/Lab3/install/custom_action_interfaces' for CMake module files
[2.086s] Level 1:colcon.colcon_core.environment:checking '/Users/alessandrochinello/distrobox/ubuntu_ros/lab/Lab3/install/custom_action_interfaces' for CMake config files
[2.092s] Level 1:colcon.colcon_core.shell:create_environment_hook('custom_action_interfaces', 'cmake_prefix_path')
[2.093s] INFO:colcon.colcon_core.shell:Creating environment hook '/Users/alessandrochinello/distrobox/ubuntu_ros/lab/Lab3/install/custom_action_interfaces/share/custom_action_interfaces/hook/cmake_prefix_path.ps1'
[2.094s] INFO:colcon.colcon_core.shell:Creating environment descriptor '/Users/alessandrochinello/distrobox/ubuntu_ros/lab/Lab3/install/custom_action_interfaces/share/custom_action_interfaces/hook/cmake_prefix_path.dsv'
[2.095s] INFO:colcon.colcon_core.shell:Creating environment hook '/Users/alessandrochinello/distrobox/ubuntu_ros/lab/Lab3/install/custom_action_interfaces/share/custom_action_interfaces/hook/cmake_prefix_path.sh'
[2.097s] Level 1:colcon.colcon_core.environment:checking '/Users/alessandrochinello/distrobox/ubuntu_ros/lab/Lab3/install/custom_action_interfaces/lib'
[2.097s] Level 1:colcon.colcon_core.shell:create_environment_hook('custom_action_interfaces', 'ld_library_path_lib')
[2.098s] INFO:colcon.colcon_core.shell:Creating environment hook '/Users/alessandrochinello/distrobox/ubuntu_ros/lab/Lab3/install/custom_action_interfaces/share/custom_action_interfaces/hook/ld_library_path_lib.ps1'
[2.099s] INFO:colcon.colcon_core.shell:Creating environment descriptor '/Users/alessandrochinello/distrobox/ubuntu_ros/lab/Lab3/install/custom_action_interfaces/share/custom_action_interfaces/hook/ld_library_path_lib.dsv'
[2.100s] INFO:colcon.colcon_core.shell:Creating environment hook '/Users/alessandrochinello/distrobox/ubuntu_ros/lab/Lab3/install/custom_action_interfaces/share/custom_action_interfaces/hook/ld_library_path_lib.sh'
[2.101s] Level 1:colcon.colcon_core.environment:checking '/Users/alessandrochinello/distrobox/ubuntu_ros/lab/Lab3/install/custom_action_interfaces/bin'
[2.101s] Level 1:colcon.colcon_core.environment:checking '/Users/alessandrochinello/distrobox/ubuntu_ros/lab/Lab3/install/custom_action_interfaces/lib/pkgconfig/custom_action_interfaces.pc'
[2.101s] Level 1:colcon.colcon_core.environment:checking '/Users/alessandrochinello/distrobox/ubuntu_ros/lab/Lab3/install/custom_action_interfaces/lib/python3.12/site-packages'
[2.102s] Level 1:colcon.colcon_core.shell:create_environment_hook('custom_action_interfaces', 'pythonpath')
[2.102s] INFO:colcon.colcon_core.shell:Creating environment hook '/Users/alessandrochinello/distrobox/ubuntu_ros/lab/Lab3/install/custom_action_interfaces/share/custom_action_interfaces/hook/pythonpath.ps1'
[2.103s] INFO:colcon.colcon_core.shell:Creating environment descriptor '/Users/alessandrochinello/distrobox/ubuntu_ros/lab/Lab3/install/custom_action_interfaces/share/custom_action_interfaces/hook/pythonpath.dsv'
[2.104s] INFO:colcon.colcon_core.shell:Creating environment hook '/Users/alessandrochinello/distrobox/ubuntu_ros/lab/Lab3/install/custom_action_interfaces/share/custom_action_interfaces/hook/pythonpath.sh'
[2.105s] Level 1:colcon.colcon_core.environment:checking '/Users/alessandrochinello/distrobox/ubuntu_ros/lab/Lab3/install/custom_action_interfaces/bin'
[2.106s] INFO:colcon.colcon_core.shell:Creating package script '/Users/alessandrochinello/distrobox/ubuntu_ros/lab/Lab3/install/custom_action_interfaces/share/custom_action_interfaces/package.ps1'
[2.107s] INFO:colcon.colcon_core.shell:Creating package descriptor '/Users/alessandrochinello/distrobox/ubuntu_ros/lab/Lab3/install/custom_action_interfaces/share/custom_action_interfaces/package.dsv'
[2.108s] INFO:colcon.colcon_core.shell:Creating package script '/Users/alessandrochinello/distrobox/ubuntu_ros/lab/Lab3/install/custom_action_interfaces/share/custom_action_interfaces/package.sh'
[2.109s] INFO:colcon.colcon_core.shell:Creating package script '/Users/alessandrochinello/distrobox/ubuntu_ros/lab/Lab3/install/custom_action_interfaces/share/custom_action_interfaces/package.bash'
[2.110s] INFO:colcon.colcon_core.shell:Creating package script '/Users/alessandrochinello/distrobox/ubuntu_ros/lab/Lab3/install/custom_action_interfaces/share/custom_action_interfaces/package.zsh'
[2.111s] Level 1:colcon.colcon_core.environment:create_file_with_runtime_dependencies(/Users/alessandrochinello/distrobox/ubuntu_ros/lab/Lab3/install/custom_action_interfaces/share/colcon-core/packages/custom_action_interfaces)
[2.112s] INFO:colcon.colcon_ros.task.ament_cmake.build:Building ROS package in '/Users/alessandrochinello/distrobox/ubuntu_ros/lab/Lab3/src/custom_action_cpp' with build type 'ament_cmake'
[2.112s] INFO:colcon.colcon_cmake.task.cmake.build:Building CMake package in '/Users/alessandrochinello/distrobox/ubuntu_ros/lab/Lab3/src/custom_action_cpp'
[2.113s] INFO:colcon.colcon_core.shell:Skip shell extension 'powershell' for command environment: Not usable outside of PowerShell
[2.113s] DEBUG:colcon.colcon_core.shell:Skip shell extension 'dsv' for command environment
[2.144s] DEBUG:colcon.colcon_core.event_handler.log_command:Invoking command in '/Users/alessandrochinello/distrobox/ubuntu_ros/lab/Lab3/build/custom_action_cpp': CMAKE_PREFIX_PATH=/Users/alessandrochinello/distrobox/ubuntu_ros/lab/Lab3/install/custom_action_interfaces:/Users/alessandrochinello/distrobox/ubuntu_ros/lab/Lab3/install/custom_action_cpp:/opt/ros/jazzy/opt/gz_math_vendor:/opt/ros/jazzy/opt/gz_utils_vendor:/opt/ros/jazzy/opt/gz_cmake_vendor:/opt/ros/jazzy CXXFLAGS=-I/opt/homebrew/Cellar/opencv/4.11.0_1/include/opencv4 LD_LIBRARY_PATH=/Users/alessandrochinello/distrobox/ubuntu_ros/lab/Lab3/install/custom_action_interfaces/lib:/Users/alessandrochinello/distrobox/ubuntu_ros/lab/Lab3/install/custom_action_cpp/lib:/opt/ros/jazzy/opt/rviz_ogre_vendor/lib:/opt/ros/jazzy/lib/aarch64-linux-gnu:/opt/ros/jazzy/opt/gz_math_vendor/lib:/opt/ros/jazzy/opt/gz_utils_vendor/lib:/opt/ros/jazzy/opt/gz_cmake_vendor/lib:/opt/ros/jazzy/lib /usr/bin/cmake --build /Users/alessandrochinello/distrobox/ubuntu_ros/lab/Lab3/build/custom_action_cpp -- -j4 -l4
[10.680s] DEBUG:colcon.colcon_core.event_handler.log_command:Invoked command in '/Users/alessandrochinello/distrobox/ubuntu_ros/lab/Lab3/build/custom_action_cpp' returned '0': CMAKE_PREFIX_PATH=/Users/alessandrochinello/distrobox/ubuntu_ros/lab/Lab3/install/custom_action_interfaces:/Users/alessandrochinello/distrobox/ubuntu_ros/lab/Lab3/install/custom_action_cpp:/opt/ros/jazzy/opt/gz_math_vendor:/opt/ros/jazzy/opt/gz_utils_vendor:/opt/ros/jazzy/opt/gz_cmake_vendor:/opt/ros/jazzy CXXFLAGS=-I/opt/homebrew/Cellar/opencv/4.11.0_1/include/opencv4 LD_LIBRARY_PATH=/Users/alessandrochinello/distrobox/ubuntu_ros/lab/Lab3/install/custom_action_interfaces/lib:/Users/alessandrochinello/distrobox/ubuntu_ros/lab/Lab3/install/custom_action_cpp/lib:/opt/ros/jazzy/opt/rviz_ogre_vendor/lib:/opt/ros/jazzy/lib/aarch64-linux-gnu:/opt/ros/jazzy/opt/gz_math_vendor/lib:/opt/ros/jazzy/opt/gz_utils_vendor/lib:/opt/ros/jazzy/opt/gz_cmake_vendor/lib:/opt/ros/jazzy/lib /usr/bin/cmake --build /Users/alessandrochinello/distrobox/ubuntu_ros/lab/Lab3/build/custom_action_cpp -- -j4 -l4
[10.686s] DEBUG:colcon.colcon_core.event_handler.log_command:Invoking command in '/Users/alessandrochinello/distrobox/ubuntu_ros/lab/Lab3/build/custom_action_cpp': CMAKE_PREFIX_PATH=/Users/alessandrochinello/distrobox/ubuntu_ros/lab/Lab3/install/custom_action_interfaces:/Users/alessandrochinello/distrobox/ubuntu_ros/lab/Lab3/install/custom_action_cpp:/opt/ros/jazzy/opt/gz_math_vendor:/opt/ros/jazzy/opt/gz_utils_vendor:/opt/ros/jazzy/opt/gz_cmake_vendor:/opt/ros/jazzy CXXFLAGS=-I/opt/homebrew/Cellar/opencv/4.11.0_1/include/opencv4 LD_LIBRARY_PATH=/Users/alessandrochinello/distrobox/ubuntu_ros/lab/Lab3/install/custom_action_interfaces/lib:/Users/alessandrochinello/distrobox/ubuntu_ros/lab/Lab3/install/custom_action_cpp/lib:/opt/ros/jazzy/opt/rviz_ogre_vendor/lib:/opt/ros/jazzy/lib/aarch64-linux-gnu:/opt/ros/jazzy/opt/gz_math_vendor/lib:/opt/ros/jazzy/opt/gz_utils_vendor/lib:/opt/ros/jazzy/opt/gz_cmake_vendor/lib:/opt/ros/jazzy/lib /usr/bin/cmake --install /Users/alessandrochinello/distrobox/ubuntu_ros/lab/Lab3/build/custom_action_cpp
[10.800s] Level 1:colcon.colcon_core.environment:create_environment_scripts_only(custom_action_cpp)
[10.801s] Level 1:colcon.colcon_core.environment:checking '/Users/alessandrochinello/distrobox/ubuntu_ros/lab/Lab3/install/custom_action_cpp' for CMake module files
[10.802s] DEBUG:colcon.colcon_core.event_handler.log_command:Invoked command in '/Users/alessandrochinello/distrobox/ubuntu_ros/lab/Lab3/build/custom_action_cpp' returned '0': CMAKE_PREFIX_PATH=/Users/alessandrochinello/distrobox/ubuntu_ros/lab/Lab3/install/custom_action_interfaces:/Users/alessandrochinello/distrobox/ubuntu_ros/lab/Lab3/install/custom_action_cpp:/opt/ros/jazzy/opt/gz_math_vendor:/opt/ros/jazzy/opt/gz_utils_vendor:/opt/ros/jazzy/opt/gz_cmake_vendor:/opt/ros/jazzy CXXFLAGS=-I/opt/homebrew/Cellar/opencv/4.11.0_1/include/opencv4 LD_LIBRARY_PATH=/Users/alessandrochinello/distrobox/ubuntu_ros/lab/Lab3/install/custom_action_interfaces/lib:/Users/alessandrochinello/distrobox/ubuntu_ros/lab/Lab3/install/custom_action_cpp/lib:/opt/ros/jazzy/opt/rviz_ogre_vendor/lib:/opt/ros/jazzy/lib/aarch64-linux-gnu:/opt/ros/jazzy/opt/gz_math_vendor/lib:/opt/ros/jazzy/opt/gz_utils_vendor/lib:/opt/ros/jazzy/opt/gz_cmake_vendor/lib:/opt/ros/jazzy/lib /usr/bin/cmake --install /Users/alessandrochinello/distrobox/ubuntu_ros/lab/Lab3/build/custom_action_cpp
[10.805s] Level 1:colcon.colcon_core.environment:checking '/Users/alessandrochinello/distrobox/ubuntu_ros/lab/Lab3/install/custom_action_cpp' for CMake config files
[10.809s] Level 1:colcon.colcon_core.shell:create_environment_hook('custom_action_cpp', 'cmake_prefix_path')
[10.811s] INFO:colcon.colcon_core.shell:Creating environment hook '/Users/alessandrochinello/distrobox/ubuntu_ros/lab/Lab3/install/custom_action_cpp/share/custom_action_cpp/hook/cmake_prefix_path.ps1'
[10.819s] INFO:colcon.colcon_core.shell:Creating environment descriptor '/Users/alessandrochinello/distrobox/ubuntu_ros/lab/Lab3/install/custom_action_cpp/share/custom_action_cpp/hook/cmake_prefix_path.dsv'
[10.821s] INFO:colcon.colcon_core.shell:Creating environment hook '/Users/alessandrochinello/distrobox/ubuntu_ros/lab/Lab3/install/custom_action_cpp/share/custom_action_cpp/hook/cmake_prefix_path.sh'
[10.823s] Level 1:colcon.colcon_core.environment:checking '/Users/alessandrochinello/distrobox/ubuntu_ros/lab/Lab3/install/custom_action_cpp/lib'
[10.824s] Level 1:colcon.colcon_core.shell:create_environment_hook('custom_action_cpp', 'ld_library_path_lib')
[10.824s] INFO:colcon.colcon_core.shell:Creating environment hook '/Users/alessandrochinello/distrobox/ubuntu_ros/lab/Lab3/install/custom_action_cpp/share/custom_action_cpp/hook/ld_library_path_lib.ps1'
[10.826s] INFO:colcon.colcon_core.shell:Creating environment descriptor '/Users/alessandrochinello/distrobox/ubuntu_ros/lab/Lab3/install/custom_action_cpp/share/custom_action_cpp/hook/ld_library_path_lib.dsv'
[10.827s] INFO:colcon.colcon_core.shell:Creating environment hook '/Users/alessandrochinello/distrobox/ubuntu_ros/lab/Lab3/install/custom_action_cpp/share/custom_action_cpp/hook/ld_library_path_lib.sh'
[10.828s] Level 1:colcon.colcon_core.environment:checking '/Users/alessandrochinello/distrobox/ubuntu_ros/lab/Lab3/install/custom_action_cpp/bin'
[10.828s] Level 1:colcon.colcon_core.environment:checking '/Users/alessandrochinello/distrobox/ubuntu_ros/lab/Lab3/install/custom_action_cpp/lib/pkgconfig/custom_action_cpp.pc'
[10.829s] Level 1:colcon.colcon_core.environment:checking '/Users/alessandrochinello/distrobox/ubuntu_ros/lab/Lab3/install/custom_action_cpp/lib/python3.12/site-packages'
[10.829s] Level 1:colcon.colcon_core.environment:checking '/Users/alessandrochinello/distrobox/ubuntu_ros/lab/Lab3/install/custom_action_cpp/bin'
[10.830s] INFO:colcon.colcon_core.shell:Creating package script '/Users/alessandrochinello/distrobox/ubuntu_ros/lab/Lab3/install/custom_action_cpp/share/custom_action_cpp/package.ps1'
[10.831s] INFO:colcon.colcon_core.shell:Creating package descriptor '/Users/alessandrochinello/distrobox/ubuntu_ros/lab/Lab3/install/custom_action_cpp/share/custom_action_cpp/package.dsv'
[10.832s] INFO:colcon.colcon_core.shell:Creating package script '/Users/alessandrochinello/distrobox/ubuntu_ros/lab/Lab3/install/custom_action_cpp/share/custom_action_cpp/package.sh'
[10.833s] INFO:colcon.colcon_core.shell:Creating package script '/Users/alessandrochinello/distrobox/ubuntu_ros/lab/Lab3/install/custom_action_cpp/share/custom_action_cpp/package.bash'
[10.834s] INFO:colcon.colcon_core.shell:Creating package script '/Users/alessandrochinello/distrobox/ubuntu_ros/lab/Lab3/install/custom_action_cpp/share/custom_action_cpp/package.zsh'
[10.836s] Level 1:colcon.colcon_core.environment:create_file_with_runtime_dependencies(/Users/alessandrochinello/distrobox/ubuntu_ros/lab/Lab3/install/custom_action_cpp/share/colcon-core/packages/custom_action_cpp)
[10.838s] Level 1:colcon.colcon_core.environment:create_environment_scripts_only(custom_action_cpp)
[10.838s] Level 1:colcon.colcon_core.environment:checking '/Users/alessandrochinello/distrobox/ubuntu_ros/lab/Lab3/install/custom_action_cpp' for CMake module files
[10.841s] Level 1:colcon.colcon_core.environment:checking '/Users/alessandrochinello/distrobox/ubuntu_ros/lab/Lab3/install/custom_action_cpp' for CMake config files
[10.845s] Level 1:colcon.colcon_core.shell:create_environment_hook('custom_action_cpp', 'cmake_prefix_path')
[10.846s] INFO:colcon.colcon_core.shell:Creating environment hook '/Users/alessandrochinello/distrobox/ubuntu_ros/lab/Lab3/install/custom_action_cpp/share/custom_action_cpp/hook/cmake_prefix_path.ps1'
[10.847s] INFO:colcon.colcon_core.shell:Creating environment descriptor '/Users/alessandrochinello/distrobox/ubuntu_ros/lab/Lab3/install/custom_action_cpp/share/custom_action_cpp/hook/cmake_prefix_path.dsv'
[10.848s] INFO:colcon.colcon_core.shell:Creating environment hook '/Users/alessandrochinello/distrobox/ubuntu_ros/lab/Lab3/install/custom_action_cpp/share/custom_action_cpp/hook/cmake_prefix_path.sh'
[10.849s] Level 1:colcon.colcon_core.environment:checking '/Users/alessandrochinello/distrobox/ubuntu_ros/lab/Lab3/install/custom_action_cpp/lib'
[10.850s] Level 1:colcon.colcon_core.shell:create_environment_hook('custom_action_cpp', 'ld_library_path_lib')
[10.850s] INFO:colcon.colcon_core.shell:Creating environment hook '/Users/alessandrochinello/distrobox/ubuntu_ros/lab/Lab3/install/custom_action_cpp/share/custom_action_cpp/hook/ld_library_path_lib.ps1'
[10.851s] INFO:colcon.colcon_core.shell:Creating environment descriptor '/Users/alessandrochinello/distrobox/ubuntu_ros/lab/Lab3/install/custom_action_cpp/share/custom_action_cpp/hook/ld_library_path_lib.dsv'
[10.852s] INFO:colcon.colcon_core.shell:Creating environment hook '/Users/alessandrochinello/distrobox/ubuntu_ros/lab/Lab3/install/custom_action_cpp/share/custom_action_cpp/hook/ld_library_path_lib.sh'
[10.853s] Level 1:colcon.colcon_core.environment:checking '/Users/alessandrochinello/distrobox/ubuntu_ros/lab/Lab3/install/custom_action_cpp/bin'
[10.853s] Level 1:colcon.colcon_core.environment:checking '/Users/alessandrochinello/distrobox/ubuntu_ros/lab/Lab3/install/custom_action_cpp/lib/pkgconfig/custom_action_cpp.pc'
[10.854s] Level 1:colcon.colcon_core.environment:checking '/Users/alessandrochinello/distrobox/ubuntu_ros/lab/Lab3/install/custom_action_cpp/lib/python3.12/site-packages'
[10.854s] Level 1:colcon.colcon_core.environment:checking '/Users/alessandrochinello/distrobox/ubuntu_ros/lab/Lab3/install/custom_action_cpp/bin'
[10.855s] INFO:colcon.colcon_core.shell:Creating package script '/Users/alessandrochinello/distrobox/ubuntu_ros/lab/Lab3/install/custom_action_cpp/share/custom_action_cpp/package.ps1'
[10.856s] INFO:colcon.colcon_core.shell:Creating package descriptor '/Users/alessandrochinello/distrobox/ubuntu_ros/lab/Lab3/install/custom_action_cpp/share/custom_action_cpp/package.dsv'
[10.857s] INFO:colcon.colcon_core.shell:Creating package script '/Users/alessandrochinello/distrobox/ubuntu_ros/lab/Lab3/install/custom_action_cpp/share/custom_action_cpp/package.sh'
[10.858s] INFO:colcon.colcon_core.shell:Creating package script '/Users/alessandrochinello/distrobox/ubuntu_ros/lab/Lab3/install/custom_action_cpp/share/custom_action_cpp/package.bash'
[10.859s] INFO:colcon.colcon_core.shell:Creating package script '/Users/alessandrochinello/distrobox/ubuntu_ros/lab/Lab3/install/custom_action_cpp/share/custom_action_cpp/package.zsh'
[10.860s] Level 1:colcon.colcon_core.environment:create_file_with_runtime_dependencies(/Users/alessandrochinello/distrobox/ubuntu_ros/lab/Lab3/install/custom_action_cpp/share/colcon-core/packages/custom_action_cpp)
[10.862s] DEBUG:colcon.colcon_parallel_executor.executor.parallel:closing loop
[10.862s] DEBUG:colcon.colcon_parallel_executor.executor.parallel:loop closed
[10.863s] DEBUG:colcon.colcon_parallel_executor.executor.parallel:run_until_complete finished with '0'
[10.863s] DEBUG:colcon.colcon_core.event_reactor:joining thread
[10.879s] INFO:colcon.colcon_core.plugin_system:Skipping extension 'colcon_notification.desktop_notification.notify_send': Could not find 'notify-send'
[10.879s] INFO:colcon.colcon_core.plugin_system:Skipping extension 'colcon_notification.desktop_notification.terminal_notifier': Not used on non-Darwin systems
[10.879s] INFO:colcon.colcon_core.plugin_system:Skipping extension 'colcon_notification.desktop_notification.win32': Not used on non-Windows systems
[10.879s] INFO:colcon.colcon_notification.desktop_notification:Sending desktop notification using 'notify2'
[10.880s] DEBUG:colcon.colcon_notification.desktop_notification.notify2:Failed to initialize notify2: org.freedesktop.DBus.Error.NotSupported: Unable to autolaunch a dbus-daemon without a $DISPLAY for X11
[10.880s] DEBUG:colcon.colcon_core.event_reactor:joined thread
[10.880s] INFO:colcon.colcon_core.shell:Creating prefix script '/Users/alessandrochinello/distrobox/ubuntu_ros/lab/Lab3/install/local_setup.ps1'
[10.882s] INFO:colcon.colcon_core.shell:Creating prefix util module '/Users/alessandrochinello/distrobox/ubuntu_ros/lab/Lab3/install/_local_setup_util_ps1.py'
[10.884s] INFO:colcon.colcon_core.shell:Creating prefix chain script '/Users/alessandrochinello/distrobox/ubuntu_ros/lab/Lab3/install/setup.ps1'
[10.887s] INFO:colcon.colcon_core.shell:Creating prefix script '/Users/alessandrochinello/distrobox/ubuntu_ros/lab/Lab3/install/local_setup.sh'
[10.889s] INFO:colcon.colcon_core.shell:Creating prefix util module '/Users/alessandrochinello/distrobox/ubuntu_ros/lab/Lab3/install/_local_setup_util_sh.py'
[10.891s] INFO:colcon.colcon_core.shell:Creating prefix chain script '/Users/alessandrochinello/distrobox/ubuntu_ros/lab/Lab3/install/setup.sh'
[10.895s] INFO:colcon.colcon_core.shell:Creating prefix script '/Users/alessandrochinello/distrobox/ubuntu_ros/lab/Lab3/install/local_setup.bash'
[10.896s] INFO:colcon.colcon_core.shell:Creating prefix chain script '/Users/alessandrochinello/distrobox/ubuntu_ros/lab/Lab3/install/setup.bash'
[10.899s] INFO:colcon.colcon_core.shell:Creating prefix script '/Users/alessandrochinello/distrobox/ubuntu_ros/lab/Lab3/install/local_setup.zsh'
[10.900s] INFO:colcon.colcon_core.shell:Creating prefix chain script '/Users/alessandrochinello/distrobox/ubuntu_ros/lab/Lab3/install/setup.zsh'
