[0.110s] DEBUG:colcon:Command line arguments: ['/usr/bin/colcon', 'build', '--packages-select', 'cpp_pubsub_custom_msg']
[0.111s] DEBUG:colcon:Parsed command line arguments: Namespace(log_base=None, log_level=None, verb_name='build', build_base='build', install_base='install', merge_install=False, symlink_install=False, test_result_base=None, continue_on_error=False, executor='parallel', parallel_workers=4, event_handlers=None, ignore_user_meta=False, metas=['./colcon.meta'], base_paths=['.'], packages_ignore=None, packages_ignore_regex=None, paths=None, packages_up_to=None, packages_up_to_regex=None, packages_above=None, packages_above_and_dependencies=None, packages_above_depth=None, packages_select_by_dep=None, packages_skip_by_dep=None, packages_skip_up_to=None, packages_select_build_failed=False, packages_skip_build_finished=False, packages_select_test_failures=False, packages_skip_test_passed=False, packages_select=['cpp_pubsub_custom_msg'], packages_skip=None, packages_select_regex=None, packages_skip_regex=None, packages_start=None, packages_end=None, allow_overriding=[], cmake_args=None, cmake_target=None, cmake_target_skip_unavailable=False, cmake_clean_cache=False, cmake_clean_first=False, cmake_force_configure=False, ament_cmake_args=None, catkin_cmake_args=None, catkin_skip_building_tests=False, verb_parser=<colcon_defaults.argument_parser.defaults.DefaultArgumentsDecorator object at 0xffffbc2e8b60>, verb_extension=<colcon_core.verb.build.BuildVerb object at 0xffffbc4918e0>, main=<bound method BuildVerb.main of <colcon_core.verb.build.BuildVerb object at 0xffffbc4918e0>>)
[0.156s] Level 1:colcon.colcon_core.package_discovery:discover_packages(colcon_meta) check parameters
[0.156s] Level 1:colcon.colcon_core.package_discovery:discover_packages(recursive) check parameters
[0.157s] Level 1:colcon.colcon_core.package_discovery:discover_packages(ignore) check parameters
[0.157s] Level 1:colcon.colcon_core.package_discovery:discover_packages(path) check parameters
[0.157s] Level 1:colcon.colcon_core.package_discovery:discover_packages(colcon_meta) discover
[0.157s] Level 1:colcon.colcon_core.package_discovery:discover_packages(recursive) discover
[0.157s] INFO:colcon.colcon_core.package_discovery:Crawling recursively for packages in '/Users/alessandrochinello/distrobox/ubuntu_ros/lab/Lab2'
[0.158s] Level 1:colcon.colcon_core.package_identification:_identify(.) by extensions ['ignore', 'ignore_ament_install']
[0.158s] Level 1:colcon.colcon_core.package_identification:_identify(.) by extension 'ignore'
[0.158s] Level 1:colcon.colcon_core.package_identification:_identify(.) by extension 'ignore_ament_install'
[0.159s] Level 1:colcon.colcon_core.package_identification:_identify(.) by extensions ['colcon_pkg']
[0.159s] Level 1:colcon.colcon_core.package_identification:_identify(.) by extension 'colcon_pkg'
[0.159s] Level 1:colcon.colcon_core.package_identification:_identify(.) by extensions ['colcon_meta']
[0.159s] Level 1:colcon.colcon_core.package_identification:_identify(.) by extension 'colcon_meta'
[0.160s] Level 1:colcon.colcon_core.package_identification:_identify(.) by extensions ['ros']
[0.160s] Level 1:colcon.colcon_core.package_identification:_identify(.) by extension 'ros'
[0.188s] Level 1:colcon.colcon_core.package_identification:_identify(.) by extensions ['cmake', 'python']
[0.188s] Level 1:colcon.colcon_core.package_identification:_identify(.) by extension 'cmake'
[0.189s] Level 1:colcon.colcon_core.package_identification:_identify(.) by extension 'python'
[0.189s] Level 1:colcon.colcon_core.package_identification:_identify(.) by extensions ['python_setup_py']
[0.189s] Level 1:colcon.colcon_core.package_identification:_identify(.) by extension 'python_setup_py'
[0.190s] Level 1:colcon.colcon_core.package_identification:_identify(build) by extensions ['ignore', 'ignore_ament_install']
[0.190s] Level 1:colcon.colcon_core.package_identification:_identify(build) by extension 'ignore'
[0.190s] Level 1:colcon.colcon_core.package_identification:_identify(build) ignored
[0.191s] Level 1:colcon.colcon_core.package_identification:_identify(install) by extensions ['ignore', 'ignore_ament_install']
[0.191s] Level 1:colcon.colcon_core.package_identification:_identify(install) by extension 'ignore'
[0.191s] Level 1:colcon.colcon_core.package_identification:_identify(install) ignored
[0.192s] Level 1:colcon.colcon_core.package_identification:_identify(log) by extensions ['ignore', 'ignore_ament_install']
[0.192s] Level 1:colcon.colcon_core.package_identification:_identify(log) by extension 'ignore'
[0.192s] Level 1:colcon.colcon_core.package_identification:_identify(log) ignored
[0.193s] Level 1:colcon.colcon_core.package_identification:_identify(src) by extensions ['ignore', 'ignore_ament_install']
[0.193s] Level 1:colcon.colcon_core.package_identification:_identify(src) by extension 'ignore'
[0.193s] Level 1:colcon.colcon_core.package_identification:_identify(src) by extension 'ignore_ament_install'
[0.194s] Level 1:colcon.colcon_core.package_identification:_identify(src) by extensions ['colcon_pkg']
[0.194s] Level 1:colcon.colcon_core.package_identification:_identify(src) by extension 'colcon_pkg'
[0.194s] Level 1:colcon.colcon_core.package_identification:_identify(src) by extensions ['colcon_meta']
[0.194s] Level 1:colcon.colcon_core.package_identification:_identify(src) by extension 'colcon_meta'
[0.195s] Level 1:colcon.colcon_core.package_identification:_identify(src) by extensions ['ros']
[0.195s] Level 1:colcon.colcon_core.package_identification:_identify(src) by extension 'ros'
[0.195s] Level 1:colcon.colcon_core.package_identification:_identify(src) by extensions ['cmake', 'python']
[0.195s] Level 1:colcon.colcon_core.package_identification:_identify(src) by extension 'cmake'
[0.196s] Level 1:colcon.colcon_core.package_identification:_identify(src) by extension 'python'
[0.196s] Level 1:colcon.colcon_core.package_identification:_identify(src) by extensions ['python_setup_py']
[0.196s] Level 1:colcon.colcon_core.package_identification:_identify(src) by extension 'python_setup_py'
[0.197s] Level 1:colcon.colcon_core.package_identification:_identify(src/cpp_pubsub_custom_msg) by extensions ['ignore', 'ignore_ament_install']
[0.197s] Level 1:colcon.colcon_core.package_identification:_identify(src/cpp_pubsub_custom_msg) by extension 'ignore'
[0.197s] Level 1:colcon.colcon_core.package_identification:_identify(src/cpp_pubsub_custom_msg) by extension 'ignore_ament_install'
[0.197s] Level 1:colcon.colcon_core.package_identification:_identify(src/cpp_pubsub_custom_msg) by extensions ['colcon_pkg']
[0.197s] Level 1:colcon.colcon_core.package_identification:_identify(src/cpp_pubsub_custom_msg) by extension 'colcon_pkg'
[0.198s] Level 1:colcon.colcon_core.package_identification:_identify(src/cpp_pubsub_custom_msg) by extensions ['colcon_meta']
[0.198s] Level 1:colcon.colcon_core.package_identification:_identify(src/cpp_pubsub_custom_msg) by extension 'colcon_meta'
[0.198s] Level 1:colcon.colcon_core.package_identification:_identify(src/cpp_pubsub_custom_msg) by extensions ['ros']
[0.198s] Level 1:colcon.colcon_core.package_identification:_identify(src/cpp_pubsub_custom_msg) by extension 'ros'
[0.201s] DEBUG:colcon.colcon_core.package_identification:Package 'src/cpp_pubsub_custom_msg' with type 'ros.ament_cmake' and name 'cpp_pubsub_custom_msg'
[0.202s] Level 1:colcon.colcon_core.package_identification:_identify(src/interfaces) by extensions ['ignore', 'ignore_ament_install']
[0.202s] Level 1:colcon.colcon_core.package_identification:_identify(src/interfaces) by extension 'ignore'
[0.202s] Level 1:colcon.colcon_core.package_identification:_identify(src/interfaces) by extension 'ignore_ament_install'
[0.202s] Level 1:colcon.colcon_core.package_identification:_identify(src/interfaces) by extensions ['colcon_pkg']
[0.203s] Level 1:colcon.colcon_core.package_identification:_identify(src/interfaces) by extension 'colcon_pkg'
[0.203s] Level 1:colcon.colcon_core.package_identification:_identify(src/interfaces) by extensions ['colcon_meta']
[0.203s] Level 1:colcon.colcon_core.package_identification:_identify(src/interfaces) by extension 'colcon_meta'
[0.203s] Level 1:colcon.colcon_core.package_identification:_identify(src/interfaces) by extensions ['ros']
[0.203s] Level 1:colcon.colcon_core.package_identification:_identify(src/interfaces) by extension 'ros'
[0.204s] DEBUG:colcon.colcon_core.package_identification:Package 'src/interfaces' with type 'ros.ament_cmake' and name 'interfaces'
[0.204s] Level 1:colcon.colcon_core.package_discovery:discover_packages(recursive) using defaults
[0.205s] Level 1:colcon.colcon_core.package_discovery:discover_packages(ignore) discover
[0.205s] Level 1:colcon.colcon_core.package_discovery:discover_packages(ignore) using defaults
[0.205s] Level 1:colcon.colcon_core.package_discovery:discover_packages(path) discover
[0.205s] Level 1:colcon.colcon_core.package_discovery:discover_packages(path) using defaults
[0.222s] INFO:colcon.colcon_core.package_selection:Skipping not selected package 'interfaces' in 'src/interfaces'
[0.223s] Level 1:colcon.colcon_core.package_discovery:discover_packages(prefix_path) check parameters
[0.223s] Level 1:colcon.colcon_core.package_discovery:discover_packages(prefix_path) discover
[0.224s] WARNING:colcon.colcon_ros.prefix_path.ament:The path '/Users/alessandrochinello/distrobox/ubuntu_ros/lab/Lab2/install/cpp_pubsub_custom_msg' in the environment variable AMENT_PREFIX_PATH doesn't exist
[0.225s] WARNING:colcon.colcon_ros.prefix_path.catkin:The path '/Users/alessandrochinello/distrobox/ubuntu_ros/lab/Lab2/install/cpp_pubsub_custom_msg' in the environment variable CMAKE_PREFIX_PATH doesn't exist
[0.228s] DEBUG:colcon.colcon_installed_package_information.package_discovery:Found 1 installed packages in /Users/alessandrochinello/distrobox/ubuntu_ros/lab/Lab2/install
[0.229s] DEBUG:colcon.colcon_installed_package_information.package_discovery:Found 285 installed packages in /opt/ros/jazzy
[0.231s] Level 1:colcon.colcon_core.package_discovery:discover_packages(prefix_path) using defaults
[0.276s] Level 5:colcon.colcon_core.verb:set package 'cpp_pubsub_custom_msg' build argument 'cmake_args' from command line to 'None'
[0.276s] Level 5:colcon.colcon_core.verb:set package 'cpp_pubsub_custom_msg' build argument 'cmake_target' from command line to 'None'
[0.276s] Level 5:colcon.colcon_core.verb:set package 'cpp_pubsub_custom_msg' build argument 'cmake_target_skip_unavailable' from command line to 'False'
[0.276s] Level 5:colcon.colcon_core.verb:set package 'cpp_pubsub_custom_msg' build argument 'cmake_clean_cache' from command line to 'False'
[0.276s] Level 5:colcon.colcon_core.verb:set package 'cpp_pubsub_custom_msg' build argument 'cmake_clean_first' from command line to 'False'
[0.276s] Level 5:colcon.colcon_core.verb:set package 'cpp_pubsub_custom_msg' build argument 'cmake_force_configure' from command line to 'False'
[0.277s] Level 5:colcon.colcon_core.verb:set package 'cpp_pubsub_custom_msg' build argument 'ament_cmake_args' from command line to 'None'
[0.277s] Level 5:colcon.colcon_core.verb:set package 'cpp_pubsub_custom_msg' build argument 'catkin_cmake_args' from command line to 'None'
[0.277s] Level 5:colcon.colcon_core.verb:set package 'cpp_pubsub_custom_msg' build argument 'catkin_skip_building_tests' from command line to 'False'
[0.277s] DEBUG:colcon.colcon_core.verb:Building package 'cpp_pubsub_custom_msg' with the following arguments: {'ament_cmake_args': None, 'build_base': '/Users/alessandrochinello/distrobox/ubuntu_ros/lab/Lab2/build/cpp_pubsub_custom_msg', 'catkin_cmake_args': None, 'catkin_skip_building_tests': False, 'cmake_args': None, 'cmake_clean_cache': False, 'cmake_clean_first': False, 'cmake_force_configure': False, 'cmake_target': None, 'cmake_target_skip_unavailable': False, 'install_base': '/Users/alessandrochinello/distrobox/ubuntu_ros/lab/Lab2/install/cpp_pubsub_custom_msg', 'merge_install': False, 'path': '/Users/alessandrochinello/distrobox/ubuntu_ros/lab/Lab2/src/cpp_pubsub_custom_msg', 'symlink_install': False, 'test_result_base': None}
[0.277s] INFO:colcon.colcon_core.executor:Executing jobs using 'parallel' executor
[0.278s] DEBUG:colcon.colcon_parallel_executor.executor.parallel:run_until_complete
[0.279s] INFO:colcon.colcon_ros.task.ament_cmake.build:Building ROS package in '/Users/alessandrochinello/distrobox/ubuntu_ros/lab/Lab2/src/cpp_pubsub_custom_msg' with build type 'ament_cmake'
[0.279s] INFO:colcon.colcon_cmake.task.cmake.build:Building CMake package in '/Users/alessandrochinello/distrobox/ubuntu_ros/lab/Lab2/src/cpp_pubsub_custom_msg'
[0.281s] INFO:colcon.colcon_core.plugin_system:Skipping extension 'colcon_core.shell.bat': Not used on non-Windows systems
[0.282s] INFO:colcon.colcon_core.shell:Skip shell extension 'powershell' for command environment: Not usable outside of PowerShell
[0.282s] DEBUG:colcon.colcon_core.shell:Skip shell extension 'dsv' for command environment
[0.301s] DEBUG:colcon.colcon_core.event_handler.log_command:Invoking command in '/Users/alessandrochinello/distrobox/ubuntu_ros/lab/Lab2/build/cpp_pubsub_custom_msg': CMAKE_PREFIX_PATH=${CMAKE_PREFIX_PATH}:/opt/ros/jazzy CXXFLAGS=-I/opt/homebrew/Cellar/opencv/4.11.0_1/include/opencv4 /usr/bin/cmake /Users/alessandrochinello/distrobox/ubuntu_ros/lab/Lab2/src/cpp_pubsub_custom_msg -DCMAKE_INSTALL_PREFIX=/Users/alessandrochinello/distrobox/ubuntu_ros/lab/Lab2/install/cpp_pubsub_custom_msg
[2.368s] DEBUG:colcon.colcon_core.event_handler.log_command:Invoked command in '/Users/alessandrochinello/distrobox/ubuntu_ros/lab/Lab2/build/cpp_pubsub_custom_msg' returned '0': CMAKE_PREFIX_PATH=${CMAKE_PREFIX_PATH}:/opt/ros/jazzy CXXFLAGS=-I/opt/homebrew/Cellar/opencv/4.11.0_1/include/opencv4 /usr/bin/cmake /Users/alessandrochinello/distrobox/ubuntu_ros/lab/Lab2/src/cpp_pubsub_custom_msg -DCMAKE_INSTALL_PREFIX=/Users/alessandrochinello/distrobox/ubuntu_ros/lab/Lab2/install/cpp_pubsub_custom_msg
[2.370s] DEBUG:colcon.colcon_core.event_handler.log_command:Invoking command in '/Users/alessandrochinello/distrobox/ubuntu_ros/lab/Lab2/build/cpp_pubsub_custom_msg': CMAKE_PREFIX_PATH=${CMAKE_PREFIX_PATH}:/opt/ros/jazzy CXXFLAGS=-I/opt/homebrew/Cellar/opencv/4.11.0_1/include/opencv4 /usr/bin/cmake --build /Users/alessandrochinello/distrobox/ubuntu_ros/lab/Lab2/build/cpp_pubsub_custom_msg -- -j4 -l4
[10.255s] DEBUG:colcon.colcon_core.event_handler.log_command:Invoked command in '/Users/alessandrochinello/distrobox/ubuntu_ros/lab/Lab2/build/cpp_pubsub_custom_msg' returned '0': CMAKE_PREFIX_PATH=${CMAKE_PREFIX_PATH}:/opt/ros/jazzy CXXFLAGS=-I/opt/homebrew/Cellar/opencv/4.11.0_1/include/opencv4 /usr/bin/cmake --build /Users/alessandrochinello/distrobox/ubuntu_ros/lab/Lab2/build/cpp_pubsub_custom_msg -- -j4 -l4
[10.274s] DEBUG:colcon.colcon_core.event_handler.log_command:Invoking command in '/Users/alessandrochinello/distrobox/ubuntu_ros/lab/Lab2/build/cpp_pubsub_custom_msg': CMAKE_PREFIX_PATH=${CMAKE_PREFIX_PATH}:/opt/ros/jazzy CXXFLAGS=-I/opt/homebrew/Cellar/opencv/4.11.0_1/include/opencv4 /usr/bin/cmake --install /Users/alessandrochinello/distrobox/ubuntu_ros/lab/Lab2/build/cpp_pubsub_custom_msg
[10.467s] Level 1:colcon.colcon_core.environment:create_environment_scripts_only(cpp_pubsub_custom_msg)
[10.470s] DEBUG:colcon.colcon_core.event_handler.log_command:Invoked command in '/Users/alessandrochinello/distrobox/ubuntu_ros/lab/Lab2/build/cpp_pubsub_custom_msg' returned '0': CMAKE_PREFIX_PATH=${CMAKE_PREFIX_PATH}:/opt/ros/jazzy CXXFLAGS=-I/opt/homebrew/Cellar/opencv/4.11.0_1/include/opencv4 /usr/bin/cmake --install /Users/alessandrochinello/distrobox/ubuntu_ros/lab/Lab2/build/cpp_pubsub_custom_msg
[10.475s] Level 1:colcon.colcon_core.environment:checking '/Users/alessandrochinello/distrobox/ubuntu_ros/lab/Lab2/install/cpp_pubsub_custom_msg' for CMake module files
[10.478s] Level 1:colcon.colcon_core.environment:checking '/Users/alessandrochinello/distrobox/ubuntu_ros/lab/Lab2/install/cpp_pubsub_custom_msg' for CMake config files
[10.482s] Level 1:colcon.colcon_core.shell:create_environment_hook('cpp_pubsub_custom_msg', 'cmake_prefix_path')
[10.482s] INFO:colcon.colcon_core.shell:Creating environment hook '/Users/alessandrochinello/distrobox/ubuntu_ros/lab/Lab2/install/cpp_pubsub_custom_msg/share/cpp_pubsub_custom_msg/hook/cmake_prefix_path.ps1'
[10.487s] INFO:colcon.colcon_core.shell:Creating environment descriptor '/Users/alessandrochinello/distrobox/ubuntu_ros/lab/Lab2/install/cpp_pubsub_custom_msg/share/cpp_pubsub_custom_msg/hook/cmake_prefix_path.dsv'
[10.489s] INFO:colcon.colcon_core.shell:Creating environment hook '/Users/alessandrochinello/distrobox/ubuntu_ros/lab/Lab2/install/cpp_pubsub_custom_msg/share/cpp_pubsub_custom_msg/hook/cmake_prefix_path.sh'
[10.491s] Level 1:colcon.colcon_core.environment:checking '/Users/alessandrochinello/distrobox/ubuntu_ros/lab/Lab2/install/cpp_pubsub_custom_msg/lib'
[10.492s] Level 1:colcon.colcon_core.environment:checking '/Users/alessandrochinello/distrobox/ubuntu_ros/lab/Lab2/install/cpp_pubsub_custom_msg/bin'
[10.492s] Level 1:colcon.colcon_core.environment:checking '/Users/alessandrochinello/distrobox/ubuntu_ros/lab/Lab2/install/cpp_pubsub_custom_msg/lib/pkgconfig/cpp_pubsub_custom_msg.pc'
[10.493s] Level 1:colcon.colcon_core.environment:checking '/Users/alessandrochinello/distrobox/ubuntu_ros/lab/Lab2/install/cpp_pubsub_custom_msg/lib/python3.12/site-packages'
[10.494s] Level 1:colcon.colcon_core.environment:checking '/Users/alessandrochinello/distrobox/ubuntu_ros/lab/Lab2/install/cpp_pubsub_custom_msg/bin'
[10.494s] INFO:colcon.colcon_core.shell:Creating package script '/Users/alessandrochinello/distrobox/ubuntu_ros/lab/Lab2/install/cpp_pubsub_custom_msg/share/cpp_pubsub_custom_msg/package.ps1'
[10.496s] INFO:colcon.colcon_core.shell:Creating package descriptor '/Users/alessandrochinello/distrobox/ubuntu_ros/lab/Lab2/install/cpp_pubsub_custom_msg/share/cpp_pubsub_custom_msg/package.dsv'
[10.497s] INFO:colcon.colcon_core.shell:Creating package script '/Users/alessandrochinello/distrobox/ubuntu_ros/lab/Lab2/install/cpp_pubsub_custom_msg/share/cpp_pubsub_custom_msg/package.sh'
[10.498s] INFO:colcon.colcon_core.shell:Creating package script '/Users/alessandrochinello/distrobox/ubuntu_ros/lab/Lab2/install/cpp_pubsub_custom_msg/share/cpp_pubsub_custom_msg/package.bash'
[10.500s] INFO:colcon.colcon_core.shell:Creating package script '/Users/alessandrochinello/distrobox/ubuntu_ros/lab/Lab2/install/cpp_pubsub_custom_msg/share/cpp_pubsub_custom_msg/package.zsh'
[10.501s] Level 1:colcon.colcon_core.environment:create_file_with_runtime_dependencies(/Users/alessandrochinello/distrobox/ubuntu_ros/lab/Lab2/install/cpp_pubsub_custom_msg/share/colcon-core/packages/cpp_pubsub_custom_msg)
[10.504s] Level 1:colcon.colcon_core.environment:create_environment_scripts_only(cpp_pubsub_custom_msg)
[10.504s] Level 1:colcon.colcon_core.environment:checking '/Users/alessandrochinello/distrobox/ubuntu_ros/lab/Lab2/install/cpp_pubsub_custom_msg' for CMake module files
[10.508s] Level 1:colcon.colcon_core.environment:checking '/Users/alessandrochinello/distrobox/ubuntu_ros/lab/Lab2/install/cpp_pubsub_custom_msg' for CMake config files
[10.512s] Level 1:colcon.colcon_core.shell:create_environment_hook('cpp_pubsub_custom_msg', 'cmake_prefix_path')
[10.512s] INFO:colcon.colcon_core.shell:Creating environment hook '/Users/alessandrochinello/distrobox/ubuntu_ros/lab/Lab2/install/cpp_pubsub_custom_msg/share/cpp_pubsub_custom_msg/hook/cmake_prefix_path.ps1'
[10.514s] INFO:colcon.colcon_core.shell:Creating environment descriptor '/Users/alessandrochinello/distrobox/ubuntu_ros/lab/Lab2/install/cpp_pubsub_custom_msg/share/cpp_pubsub_custom_msg/hook/cmake_prefix_path.dsv'
[10.515s] INFO:colcon.colcon_core.shell:Creating environment hook '/Users/alessandrochinello/distrobox/ubuntu_ros/lab/Lab2/install/cpp_pubsub_custom_msg/share/cpp_pubsub_custom_msg/hook/cmake_prefix_path.sh'
[10.516s] Level 1:colcon.colcon_core.environment:checking '/Users/alessandrochinello/distrobox/ubuntu_ros/lab/Lab2/install/cpp_pubsub_custom_msg/lib'
[10.517s] Level 1:colcon.colcon_core.environment:checking '/Users/alessandrochinello/distrobox/ubuntu_ros/lab/Lab2/install/cpp_pubsub_custom_msg/bin'
[10.517s] Level 1:colcon.colcon_core.environment:checking '/Users/alessandrochinello/distrobox/ubuntu_ros/lab/Lab2/install/cpp_pubsub_custom_msg/lib/pkgconfig/cpp_pubsub_custom_msg.pc'
[10.518s] Level 1:colcon.colcon_core.environment:checking '/Users/alessandrochinello/distrobox/ubuntu_ros/lab/Lab2/install/cpp_pubsub_custom_msg/lib/python3.12/site-packages'
[10.518s] Level 1:colcon.colcon_core.environment:checking '/Users/alessandrochinello/distrobox/ubuntu_ros/lab/Lab2/install/cpp_pubsub_custom_msg/bin'
[10.519s] INFO:colcon.colcon_core.shell:Creating package script '/Users/alessandrochinello/distrobox/ubuntu_ros/lab/Lab2/install/cpp_pubsub_custom_msg/share/cpp_pubsub_custom_msg/package.ps1'
[10.520s] INFO:colcon.colcon_core.shell:Creating package descriptor '/Users/alessandrochinello/distrobox/ubuntu_ros/lab/Lab2/install/cpp_pubsub_custom_msg/share/cpp_pubsub_custom_msg/package.dsv'
[10.521s] INFO:colcon.colcon_core.shell:Creating package script '/Users/alessandrochinello/distrobox/ubuntu_ros/lab/Lab2/install/cpp_pubsub_custom_msg/share/cpp_pubsub_custom_msg/package.sh'
[10.522s] INFO:colcon.colcon_core.shell:Creating package script '/Users/alessandrochinello/distrobox/ubuntu_ros/lab/Lab2/install/cpp_pubsub_custom_msg/share/cpp_pubsub_custom_msg/package.bash'
[10.524s] INFO:colcon.colcon_core.shell:Creating package script '/Users/alessandrochinello/distrobox/ubuntu_ros/lab/Lab2/install/cpp_pubsub_custom_msg/share/cpp_pubsub_custom_msg/package.zsh'
[10.525s] Level 1:colcon.colcon_core.environment:create_file_with_runtime_dependencies(/Users/alessandrochinello/distrobox/ubuntu_ros/lab/Lab2/install/cpp_pubsub_custom_msg/share/colcon-core/packages/cpp_pubsub_custom_msg)
[10.528s] DEBUG:colcon.colcon_parallel_executor.executor.parallel:closing loop
[10.528s] DEBUG:colcon.colcon_parallel_executor.executor.parallel:loop closed
[10.529s] DEBUG:colcon.colcon_parallel_executor.executor.parallel:run_until_complete finished with '0'
[10.529s] DEBUG:colcon.colcon_core.event_reactor:joining thread
[10.548s] INFO:colcon.colcon_core.plugin_system:Skipping extension 'colcon_notification.desktop_notification.notify_send': Could not find 'notify-send'
[10.549s] INFO:colcon.colcon_core.plugin_system:Skipping extension 'colcon_notification.desktop_notification.terminal_notifier': Not used on non-Darwin systems
[10.549s] INFO:colcon.colcon_core.plugin_system:Skipping extension 'colcon_notification.desktop_notification.win32': Not used on non-Windows systems
[10.549s] INFO:colcon.colcon_notification.desktop_notification:Sending desktop notification using 'notify2'
[10.549s] DEBUG:colcon.colcon_notification.desktop_notification.notify2:Failed to initialize notify2: org.freedesktop.DBus.Error.NotSupported: Unable to autolaunch a dbus-daemon without a $DISPLAY for X11
[10.550s] DEBUG:colcon.colcon_core.event_reactor:joined thread
[10.550s] INFO:colcon.colcon_core.shell:Creating prefix script '/Users/alessandrochinello/distrobox/ubuntu_ros/lab/Lab2/install/local_setup.ps1'
[10.553s] INFO:colcon.colcon_core.shell:Creating prefix util module '/Users/alessandrochinello/distrobox/ubuntu_ros/lab/Lab2/install/_local_setup_util_ps1.py'
[10.555s] INFO:colcon.colcon_core.shell:Creating prefix chain script '/Users/alessandrochinello/distrobox/ubuntu_ros/lab/Lab2/install/setup.ps1'
[10.558s] INFO:colcon.colcon_core.shell:Creating prefix script '/Users/alessandrochinello/distrobox/ubuntu_ros/lab/Lab2/install/local_setup.sh'
[10.560s] INFO:colcon.colcon_core.shell:Creating prefix util module '/Users/alessandrochinello/distrobox/ubuntu_ros/lab/Lab2/install/_local_setup_util_sh.py'
[10.561s] INFO:colcon.colcon_core.shell:Creating prefix chain script '/Users/alessandrochinello/distrobox/ubuntu_ros/lab/Lab2/install/setup.sh'
[10.564s] INFO:colcon.colcon_core.shell:Creating prefix script '/Users/alessandrochinello/distrobox/ubuntu_ros/lab/Lab2/install/local_setup.bash'
[10.565s] INFO:colcon.colcon_core.shell:Creating prefix chain script '/Users/alessandrochinello/distrobox/ubuntu_ros/lab/Lab2/install/setup.bash'
[10.567s] INFO:colcon.colcon_core.shell:Creating prefix script '/Users/alessandrochinello/distrobox/ubuntu_ros/lab/Lab2/install/local_setup.zsh'
[10.568s] INFO:colcon.colcon_core.shell:Creating prefix chain script '/Users/alessandrochinello/distrobox/ubuntu_ros/lab/Lab2/install/setup.zsh'
