[0.081s] DEBUG:colcon:Command line arguments: ['/usr/bin/colcon', 'build', '--packages-select', 'interfaces']
[0.081s] DEBUG:colcon:Parsed command line arguments: Namespace(log_base=None, log_level=None, verb_name='build', build_base='build', install_base='install', merge_install=False, symlink_install=False, test_result_base=None, continue_on_error=False, executor='parallel', parallel_workers=4, event_handlers=None, ignore_user_meta=False, metas=['./colcon.meta'], base_paths=['.'], packages_ignore=None, packages_ignore_regex=None, paths=None, packages_up_to=None, packages_up_to_regex=None, packages_above=None, packages_above_and_dependencies=None, packages_above_depth=None, packages_select_by_dep=None, packages_skip_by_dep=None, packages_skip_up_to=None, packages_select_build_failed=False, packages_skip_build_finished=False, packages_select_test_failures=False, packages_skip_test_passed=False, packages_select=['interfaces'], packages_skip=None, packages_select_regex=None, packages_skip_regex=None, packages_start=None, packages_end=None, allow_overriding=[], cmake_args=None, cmake_target=None, cmake_target_skip_unavailable=False, cmake_clean_cache=False, cmake_clean_first=False, cmake_force_configure=False, ament_cmake_args=None, catkin_cmake_args=None, catkin_skip_building_tests=False, verb_parser=<colcon_defaults.argument_parser.defaults.DefaultArgumentsDecorator object at 0xffffb3f58ad0>, verb_extension=<colcon_core.verb.build.BuildVerb object at 0xffffb4101310>, main=<bound method BuildVerb.main of <colcon_core.verb.build.BuildVerb object at 0xffffb4101310>>)
[0.116s] Level 1:colcon.colcon_core.package_discovery:discover_packages(colcon_meta) check parameters
[0.117s] Level 1:colcon.colcon_core.package_discovery:discover_packages(recursive) check parameters
[0.117s] Level 1:colcon.colcon_core.package_discovery:discover_packages(ignore) check parameters
[0.117s] Level 1:colcon.colcon_core.package_discovery:discover_packages(path) check parameters
[0.117s] Level 1:colcon.colcon_core.package_discovery:discover_packages(colcon_meta) discover
[0.117s] Level 1:colcon.colcon_core.package_discovery:discover_packages(recursive) discover
[0.118s] INFO:colcon.colcon_core.package_discovery:Crawling recursively for packages in '/Users/alessandrochinello/distrobox/ubuntu_ros/lab/Lab2'
[0.118s] Level 1:colcon.colcon_core.package_identification:_identify(.) by extensions ['ignore', 'ignore_ament_install']
[0.119s] Level 1:colcon.colcon_core.package_identification:_identify(.) by extension 'ignore'
[0.119s] Level 1:colcon.colcon_core.package_identification:_identify(.) by extension 'ignore_ament_install'
[0.119s] Level 1:colcon.colcon_core.package_identification:_identify(.) by extensions ['colcon_pkg']
[0.120s] Level 1:colcon.colcon_core.package_identification:_identify(.) by extension 'colcon_pkg'
[0.120s] Level 1:colcon.colcon_core.package_identification:_identify(.) by extensions ['colcon_meta']
[0.120s] Level 1:colcon.colcon_core.package_identification:_identify(.) by extension 'colcon_meta'
[0.120s] Level 1:colcon.colcon_core.package_identification:_identify(.) by extensions ['ros']
[0.120s] Level 1:colcon.colcon_core.package_identification:_identify(.) by extension 'ros'
[0.143s] Level 1:colcon.colcon_core.package_identification:_identify(.) by extensions ['cmake', 'python']
[0.143s] Level 1:colcon.colcon_core.package_identification:_identify(.) by extension 'cmake'
[0.144s] Level 1:colcon.colcon_core.package_identification:_identify(.) by extension 'python'
[0.144s] Level 1:colcon.colcon_core.package_identification:_identify(.) by extensions ['python_setup_py']
[0.144s] Level 1:colcon.colcon_core.package_identification:_identify(.) by extension 'python_setup_py'
[0.145s] Level 1:colcon.colcon_core.package_identification:_identify(build) by extensions ['ignore', 'ignore_ament_install']
[0.145s] Level 1:colcon.colcon_core.package_identification:_identify(build) by extension 'ignore'
[0.145s] Level 1:colcon.colcon_core.package_identification:_identify(build) ignored
[0.146s] Level 1:colcon.colcon_core.package_identification:_identify(install) by extensions ['ignore', 'ignore_ament_install']
[0.146s] Level 1:colcon.colcon_core.package_identification:_identify(install) by extension 'ignore'
[0.147s] Level 1:colcon.colcon_core.package_identification:_identify(install) ignored
[0.147s] Level 1:colcon.colcon_core.package_identification:_identify(log) by extensions ['ignore', 'ignore_ament_install']
[0.148s] Level 1:colcon.colcon_core.package_identification:_identify(log) by extension 'ignore'
[0.148s] Level 1:colcon.colcon_core.package_identification:_identify(log) ignored
[0.148s] Level 1:colcon.colcon_core.package_identification:_identify(src) by extensions ['ignore', 'ignore_ament_install']
[0.149s] Level 1:colcon.colcon_core.package_identification:_identify(src) by extension 'ignore'
[0.149s] Level 1:colcon.colcon_core.package_identification:_identify(src) by extension 'ignore_ament_install'
[0.149s] Level 1:colcon.colcon_core.package_identification:_identify(src) by extensions ['colcon_pkg']
[0.150s] Level 1:colcon.colcon_core.package_identification:_identify(src) by extension 'colcon_pkg'
[0.150s] Level 1:colcon.colcon_core.package_identification:_identify(src) by extensions ['colcon_meta']
[0.150s] Level 1:colcon.colcon_core.package_identification:_identify(src) by extension 'colcon_meta'
[0.150s] Level 1:colcon.colcon_core.package_identification:_identify(src) by extensions ['ros']
[0.150s] Level 1:colcon.colcon_core.package_identification:_identify(src) by extension 'ros'
[0.151s] Level 1:colcon.colcon_core.package_identification:_identify(src) by extensions ['cmake', 'python']
[0.151s] Level 1:colcon.colcon_core.package_identification:_identify(src) by extension 'cmake'
[0.151s] Level 1:colcon.colcon_core.package_identification:_identify(src) by extension 'python'
[0.152s] Level 1:colcon.colcon_core.package_identification:_identify(src) by extensions ['python_setup_py']
[0.152s] Level 1:colcon.colcon_core.package_identification:_identify(src) by extension 'python_setup_py'
[0.153s] Level 1:colcon.colcon_core.package_identification:_identify(src/cpp_pubsub_custom_msg) by extensions ['ignore', 'ignore_ament_install']
[0.153s] Level 1:colcon.colcon_core.package_identification:_identify(src/cpp_pubsub_custom_msg) by extension 'ignore'
[0.153s] Level 1:colcon.colcon_core.package_identification:_identify(src/cpp_pubsub_custom_msg) by extension 'ignore_ament_install'
[0.153s] Level 1:colcon.colcon_core.package_identification:_identify(src/cpp_pubsub_custom_msg) by extensions ['colcon_pkg']
[0.154s] Level 1:colcon.colcon_core.package_identification:_identify(src/cpp_pubsub_custom_msg) by extension 'colcon_pkg'
[0.154s] Level 1:colcon.colcon_core.package_identification:_identify(src/cpp_pubsub_custom_msg) by extensions ['colcon_meta']
[0.154s] Level 1:colcon.colcon_core.package_identification:_identify(src/cpp_pubsub_custom_msg) by extension 'colcon_meta'
[0.154s] Level 1:colcon.colcon_core.package_identification:_identify(src/cpp_pubsub_custom_msg) by extensions ['ros']
[0.154s] Level 1:colcon.colcon_core.package_identification:_identify(src/cpp_pubsub_custom_msg) by extension 'ros'
[0.158s] DEBUG:colcon.colcon_core.package_identification:Package 'src/cpp_pubsub_custom_msg' with type 'ros.ament_cmake' and name 'cpp_pubsub_custom_msg'
[0.159s] Level 1:colcon.colcon_core.package_identification:_identify(src/interfaces) by extensions ['ignore', 'ignore_ament_install']
[0.159s] Level 1:colcon.colcon_core.package_identification:_identify(src/interfaces) by extension 'ignore'
[0.159s] Level 1:colcon.colcon_core.package_identification:_identify(src/interfaces) by extension 'ignore_ament_install'
[0.160s] Level 1:colcon.colcon_core.package_identification:_identify(src/interfaces) by extensions ['colcon_pkg']
[0.160s] Level 1:colcon.colcon_core.package_identification:_identify(src/interfaces) by extension 'colcon_pkg'
[0.160s] Level 1:colcon.colcon_core.package_identification:_identify(src/interfaces) by extensions ['colcon_meta']
[0.160s] Level 1:colcon.colcon_core.package_identification:_identify(src/interfaces) by extension 'colcon_meta'
[0.161s] Level 1:colcon.colcon_core.package_identification:_identify(src/interfaces) by extensions ['ros']
[0.161s] Level 1:colcon.colcon_core.package_identification:_identify(src/interfaces) by extension 'ros'
[0.162s] DEBUG:colcon.colcon_core.package_identification:Package 'src/interfaces' with type 'ros.ament_cmake' and name 'interfaces'
[0.162s] Level 1:colcon.colcon_core.package_discovery:discover_packages(recursive) using defaults
[0.163s] Level 1:colcon.colcon_core.package_discovery:discover_packages(ignore) discover
[0.163s] Level 1:colcon.colcon_core.package_discovery:discover_packages(ignore) using defaults
[0.163s] Level 1:colcon.colcon_core.package_discovery:discover_packages(path) discover
[0.163s] Level 1:colcon.colcon_core.package_discovery:discover_packages(path) using defaults
[0.178s] INFO:colcon.colcon_core.package_selection:Skipping not selected package 'cpp_pubsub_custom_msg' in 'src/cpp_pubsub_custom_msg'
[0.178s] Level 1:colcon.colcon_core.package_discovery:discover_packages(prefix_path) check parameters
[0.179s] Level 1:colcon.colcon_core.package_discovery:discover_packages(prefix_path) discover
[0.180s] WARNING:colcon.colcon_ros.prefix_path.ament:The path '/Users/alessandrochinello/distrobox/ubuntu_ros/lab/Lab2/install/interfaces' in the environment variable AMENT_PREFIX_PATH doesn't exist
[0.180s] WARNING:colcon.colcon_ros.prefix_path.ament:The path '/Users/alessandrochinello/distrobox/ubuntu_ros/lab/Lab2/install/cpp_pubsub_custom_msg' in the environment variable AMENT_PREFIX_PATH doesn't exist
[0.180s] WARNING:colcon.colcon_ros.prefix_path.catkin:The path '/Users/alessandrochinello/distrobox/ubuntu_ros/lab/Lab2/install/interfaces' in the environment variable CMAKE_PREFIX_PATH doesn't exist
[0.181s] WARNING:colcon.colcon_ros.prefix_path.catkin:The path '/Users/alessandrochinello/distrobox/ubuntu_ros/lab/Lab2/install/cpp_pubsub_custom_msg' in the environment variable CMAKE_PREFIX_PATH doesn't exist
[0.183s] DEBUG:colcon.colcon_installed_package_information.package_discovery:Found 0 installed packages in /Users/alessandrochinello/distrobox/ubuntu_ros/lab/Lab2/install
[0.185s] DEBUG:colcon.colcon_installed_package_information.package_discovery:Found 285 installed packages in /opt/ros/jazzy
[0.186s] Level 1:colcon.colcon_core.package_discovery:discover_packages(prefix_path) using defaults
[0.223s] Level 5:colcon.colcon_core.verb:set package 'interfaces' build argument 'cmake_args' from command line to 'None'
[0.223s] Level 5:colcon.colcon_core.verb:set package 'interfaces' build argument 'cmake_target' from command line to 'None'
[0.224s] Level 5:colcon.colcon_core.verb:set package 'interfaces' build argument 'cmake_target_skip_unavailable' from command line to 'False'
[0.224s] Level 5:colcon.colcon_core.verb:set package 'interfaces' build argument 'cmake_clean_cache' from command line to 'False'
[0.224s] Level 5:colcon.colcon_core.verb:set package 'interfaces' build argument 'cmake_clean_first' from command line to 'False'
[0.224s] Level 5:colcon.colcon_core.verb:set package 'interfaces' build argument 'cmake_force_configure' from command line to 'False'
[0.224s] Level 5:colcon.colcon_core.verb:set package 'interfaces' build argument 'ament_cmake_args' from command line to 'None'
[0.225s] Level 5:colcon.colcon_core.verb:set package 'interfaces' build argument 'catkin_cmake_args' from command line to 'None'
[0.225s] Level 5:colcon.colcon_core.verb:set package 'interfaces' build argument 'catkin_skip_building_tests' from command line to 'False'
[0.225s] DEBUG:colcon.colcon_core.verb:Building package 'interfaces' with the following arguments: {'ament_cmake_args': None, 'build_base': '/Users/alessandrochinello/distrobox/ubuntu_ros/lab/Lab2/build/interfaces', 'catkin_cmake_args': None, 'catkin_skip_building_tests': False, 'cmake_args': None, 'cmake_clean_cache': False, 'cmake_clean_first': False, 'cmake_force_configure': False, 'cmake_target': None, 'cmake_target_skip_unavailable': False, 'install_base': '/Users/alessandrochinello/distrobox/ubuntu_ros/lab/Lab2/install/interfaces', 'merge_install': False, 'path': '/Users/alessandrochinello/distrobox/ubuntu_ros/lab/Lab2/src/interfaces', 'symlink_install': False, 'test_result_base': None}
[0.225s] INFO:colcon.colcon_core.executor:Executing jobs using 'parallel' executor
[0.226s] DEBUG:colcon.colcon_parallel_executor.executor.parallel:run_until_complete
[0.227s] INFO:colcon.colcon_ros.task.ament_cmake.build:Building ROS package in '/Users/alessandrochinello/distrobox/ubuntu_ros/lab/Lab2/src/interfaces' with build type 'ament_cmake'
[0.227s] INFO:colcon.colcon_cmake.task.cmake.build:Building CMake package in '/Users/alessandrochinello/distrobox/ubuntu_ros/lab/Lab2/src/interfaces'
[0.229s] INFO:colcon.colcon_core.plugin_system:Skipping extension 'colcon_core.shell.bat': Not used on non-Windows systems
[0.229s] INFO:colcon.colcon_core.shell:Skip shell extension 'powershell' for command environment: Not usable outside of PowerShell
[0.229s] DEBUG:colcon.colcon_core.shell:Skip shell extension 'dsv' for command environment
[0.246s] DEBUG:colcon.colcon_core.event_handler.log_command:Invoking command in '/Users/alessandrochinello/distrobox/ubuntu_ros/lab/Lab2/build/interfaces': CMAKE_PREFIX_PATH=${CMAKE_PREFIX_PATH}:/opt/ros/jazzy CXXFLAGS=-I/opt/homebrew/Cellar/opencv/4.11.0_1/include/opencv4 /usr/bin/cmake /Users/alessandrochinello/distrobox/ubuntu_ros/lab/Lab2/src/interfaces -DCMAKE_INSTALL_PREFIX=/Users/alessandrochinello/distrobox/ubuntu_ros/lab/Lab2/install/interfaces
[4.284s] DEBUG:colcon.colcon_core.event_handler.log_command:Invoked command in '/Users/alessandrochinello/distrobox/ubuntu_ros/lab/Lab2/build/interfaces' returned '0': CMAKE_PREFIX_PATH=${CMAKE_PREFIX_PATH}:/opt/ros/jazzy CXXFLAGS=-I/opt/homebrew/Cellar/opencv/4.11.0_1/include/opencv4 /usr/bin/cmake /Users/alessandrochinello/distrobox/ubuntu_ros/lab/Lab2/src/interfaces -DCMAKE_INSTALL_PREFIX=/Users/alessandrochinello/distrobox/ubuntu_ros/lab/Lab2/install/interfaces
[4.287s] DEBUG:colcon.colcon_core.event_handler.log_command:Invoking command in '/Users/alessandrochinello/distrobox/ubuntu_ros/lab/Lab2/build/interfaces': CMAKE_PREFIX_PATH=${CMAKE_PREFIX_PATH}:/opt/ros/jazzy CXXFLAGS=-I/opt/homebrew/Cellar/opencv/4.11.0_1/include/opencv4 /usr/bin/cmake --build /Users/alessandrochinello/distrobox/ubuntu_ros/lab/Lab2/build/interfaces -- -j4 -l4
[7.551s] DEBUG:colcon.colcon_core.event_handler.log_command:Invoked command in '/Users/alessandrochinello/distrobox/ubuntu_ros/lab/Lab2/build/interfaces' returned '0': CMAKE_PREFIX_PATH=${CMAKE_PREFIX_PATH}:/opt/ros/jazzy CXXFLAGS=-I/opt/homebrew/Cellar/opencv/4.11.0_1/include/opencv4 /usr/bin/cmake --build /Users/alessandrochinello/distrobox/ubuntu_ros/lab/Lab2/build/interfaces -- -j4 -l4
[7.563s] DEBUG:colcon.colcon_core.event_handler.log_command:Invoking command in '/Users/alessandrochinello/distrobox/ubuntu_ros/lab/Lab2/build/interfaces': CMAKE_PREFIX_PATH=${CMAKE_PREFIX_PATH}:/opt/ros/jazzy CXXFLAGS=-I/opt/homebrew/Cellar/opencv/4.11.0_1/include/opencv4 /usr/bin/cmake --install /Users/alessandrochinello/distrobox/ubuntu_ros/lab/Lab2/build/interfaces
[8.007s] Level 1:colcon.colcon_core.environment:create_environment_scripts_only(interfaces)
[8.009s] DEBUG:colcon.colcon_core.event_handler.log_command:Invoked command in '/Users/alessandrochinello/distrobox/ubuntu_ros/lab/Lab2/build/interfaces' returned '0': CMAKE_PREFIX_PATH=${CMAKE_PREFIX_PATH}:/opt/ros/jazzy CXXFLAGS=-I/opt/homebrew/Cellar/opencv/4.11.0_1/include/opencv4 /usr/bin/cmake --install /Users/alessandrochinello/distrobox/ubuntu_ros/lab/Lab2/build/interfaces
[8.011s] Level 1:colcon.colcon_core.environment:checking '/Users/alessandrochinello/distrobox/ubuntu_ros/lab/Lab2/install/interfaces' for CMake module files
[8.015s] Level 1:colcon.colcon_core.environment:checking '/Users/alessandrochinello/distrobox/ubuntu_ros/lab/Lab2/install/interfaces' for CMake config files
[8.025s] Level 1:colcon.colcon_core.shell:create_environment_hook('interfaces', 'cmake_prefix_path')
[8.025s] INFO:colcon.colcon_core.shell:Creating environment hook '/Users/alessandrochinello/distrobox/ubuntu_ros/lab/Lab2/install/interfaces/share/interfaces/hook/cmake_prefix_path.ps1'
[8.028s] INFO:colcon.colcon_core.shell:Creating environment descriptor '/Users/alessandrochinello/distrobox/ubuntu_ros/lab/Lab2/install/interfaces/share/interfaces/hook/cmake_prefix_path.dsv'
[8.029s] INFO:colcon.colcon_core.shell:Creating environment hook '/Users/alessandrochinello/distrobox/ubuntu_ros/lab/Lab2/install/interfaces/share/interfaces/hook/cmake_prefix_path.sh'
[8.032s] Level 1:colcon.colcon_core.environment:checking '/Users/alessandrochinello/distrobox/ubuntu_ros/lab/Lab2/install/interfaces/lib'
[8.032s] Level 1:colcon.colcon_core.shell:create_environment_hook('interfaces', 'ld_library_path_lib')
[8.033s] INFO:colcon.colcon_core.shell:Creating environment hook '/Users/alessandrochinello/distrobox/ubuntu_ros/lab/Lab2/install/interfaces/share/interfaces/hook/ld_library_path_lib.ps1'
[8.034s] INFO:colcon.colcon_core.shell:Creating environment descriptor '/Users/alessandrochinello/distrobox/ubuntu_ros/lab/Lab2/install/interfaces/share/interfaces/hook/ld_library_path_lib.dsv'
[8.035s] INFO:colcon.colcon_core.shell:Creating environment hook '/Users/alessandrochinello/distrobox/ubuntu_ros/lab/Lab2/install/interfaces/share/interfaces/hook/ld_library_path_lib.sh'
[8.036s] Level 1:colcon.colcon_core.environment:checking '/Users/alessandrochinello/distrobox/ubuntu_ros/lab/Lab2/install/interfaces/bin'
[8.037s] Level 1:colcon.colcon_core.environment:checking '/Users/alessandrochinello/distrobox/ubuntu_ros/lab/Lab2/install/interfaces/lib/pkgconfig/interfaces.pc'
[8.037s] Level 1:colcon.colcon_core.environment:checking '/Users/alessandrochinello/distrobox/ubuntu_ros/lab/Lab2/install/interfaces/lib/python3.12/site-packages'
[8.038s] Level 1:colcon.colcon_core.shell:create_environment_hook('interfaces', 'pythonpath')
[8.038s] INFO:colcon.colcon_core.shell:Creating environment hook '/Users/alessandrochinello/distrobox/ubuntu_ros/lab/Lab2/install/interfaces/share/interfaces/hook/pythonpath.ps1'
[8.039s] INFO:colcon.colcon_core.shell:Creating environment descriptor '/Users/alessandrochinello/distrobox/ubuntu_ros/lab/Lab2/install/interfaces/share/interfaces/hook/pythonpath.dsv'
[8.040s] INFO:colcon.colcon_core.shell:Creating environment hook '/Users/alessandrochinello/distrobox/ubuntu_ros/lab/Lab2/install/interfaces/share/interfaces/hook/pythonpath.sh'
[8.042s] Level 1:colcon.colcon_core.environment:checking '/Users/alessandrochinello/distrobox/ubuntu_ros/lab/Lab2/install/interfaces/bin'
[8.042s] INFO:colcon.colcon_core.shell:Creating package script '/Users/alessandrochinello/distrobox/ubuntu_ros/lab/Lab2/install/interfaces/share/interfaces/package.ps1'
[8.044s] INFO:colcon.colcon_core.shell:Creating package descriptor '/Users/alessandrochinello/distrobox/ubuntu_ros/lab/Lab2/install/interfaces/share/interfaces/package.dsv'
[8.045s] INFO:colcon.colcon_core.shell:Creating package script '/Users/alessandrochinello/distrobox/ubuntu_ros/lab/Lab2/install/interfaces/share/interfaces/package.sh'
[8.047s] INFO:colcon.colcon_core.shell:Creating package script '/Users/alessandrochinello/distrobox/ubuntu_ros/lab/Lab2/install/interfaces/share/interfaces/package.bash'
[8.048s] INFO:colcon.colcon_core.shell:Creating package script '/Users/alessandrochinello/distrobox/ubuntu_ros/lab/Lab2/install/interfaces/share/interfaces/package.zsh'
[8.049s] Level 1:colcon.colcon_core.environment:create_file_with_runtime_dependencies(/Users/alessandrochinello/distrobox/ubuntu_ros/lab/Lab2/install/interfaces/share/colcon-core/packages/interfaces)
[8.053s] Level 1:colcon.colcon_core.environment:create_environment_scripts_only(interfaces)
[8.053s] Level 1:colcon.colcon_core.environment:checking '/Users/alessandrochinello/distrobox/ubuntu_ros/lab/Lab2/install/interfaces' for CMake module files
[8.057s] Level 1:colcon.colcon_core.environment:checking '/Users/alessandrochinello/distrobox/ubuntu_ros/lab/Lab2/install/interfaces' for CMake config files
[8.066s] Level 1:colcon.colcon_core.shell:create_environment_hook('interfaces', 'cmake_prefix_path')
[8.066s] INFO:colcon.colcon_core.shell:Creating environment hook '/Users/alessandrochinello/distrobox/ubuntu_ros/lab/Lab2/install/interfaces/share/interfaces/hook/cmake_prefix_path.ps1'
[8.068s] INFO:colcon.colcon_core.shell:Creating environment descriptor '/Users/alessandrochinello/distrobox/ubuntu_ros/lab/Lab2/install/interfaces/share/interfaces/hook/cmake_prefix_path.dsv'
[8.070s] INFO:colcon.colcon_core.shell:Creating environment hook '/Users/alessandrochinello/distrobox/ubuntu_ros/lab/Lab2/install/interfaces/share/interfaces/hook/cmake_prefix_path.sh'
[8.072s] Level 1:colcon.colcon_core.environment:checking '/Users/alessandrochinello/distrobox/ubuntu_ros/lab/Lab2/install/interfaces/lib'
[8.072s] Level 1:colcon.colcon_core.shell:create_environment_hook('interfaces', 'ld_library_path_lib')
[8.073s] INFO:colcon.colcon_core.shell:Creating environment hook '/Users/alessandrochinello/distrobox/ubuntu_ros/lab/Lab2/install/interfaces/share/interfaces/hook/ld_library_path_lib.ps1'
[8.075s] INFO:colcon.colcon_core.shell:Creating environment descriptor '/Users/alessandrochinello/distrobox/ubuntu_ros/lab/Lab2/install/interfaces/share/interfaces/hook/ld_library_path_lib.dsv'
[8.076s] INFO:colcon.colcon_core.shell:Creating environment hook '/Users/alessandrochinello/distrobox/ubuntu_ros/lab/Lab2/install/interfaces/share/interfaces/hook/ld_library_path_lib.sh'
[8.078s] Level 1:colcon.colcon_core.environment:checking '/Users/alessandrochinello/distrobox/ubuntu_ros/lab/Lab2/install/interfaces/bin'
[8.078s] Level 1:colcon.colcon_core.environment:checking '/Users/alessandrochinello/distrobox/ubuntu_ros/lab/Lab2/install/interfaces/lib/pkgconfig/interfaces.pc'
[8.079s] Level 1:colcon.colcon_core.environment:checking '/Users/alessandrochinello/distrobox/ubuntu_ros/lab/Lab2/install/interfaces/lib/python3.12/site-packages'
[8.079s] Level 1:colcon.colcon_core.shell:create_environment_hook('interfaces', 'pythonpath')
[8.080s] INFO:colcon.colcon_core.shell:Creating environment hook '/Users/alessandrochinello/distrobox/ubuntu_ros/lab/Lab2/install/interfaces/share/interfaces/hook/pythonpath.ps1'
[8.081s] INFO:colcon.colcon_core.shell:Creating environment descriptor '/Users/alessandrochinello/distrobox/ubuntu_ros/lab/Lab2/install/interfaces/share/interfaces/hook/pythonpath.dsv'
[8.082s] INFO:colcon.colcon_core.shell:Creating environment hook '/Users/alessandrochinello/distrobox/ubuntu_ros/lab/Lab2/install/interfaces/share/interfaces/hook/pythonpath.sh'
[8.084s] Level 1:colcon.colcon_core.environment:checking '/Users/alessandrochinello/distrobox/ubuntu_ros/lab/Lab2/install/interfaces/bin'
[8.084s] INFO:colcon.colcon_core.shell:Creating package script '/Users/alessandrochinello/distrobox/ubuntu_ros/lab/Lab2/install/interfaces/share/interfaces/package.ps1'
[8.086s] INFO:colcon.colcon_core.shell:Creating package descriptor '/Users/alessandrochinello/distrobox/ubuntu_ros/lab/Lab2/install/interfaces/share/interfaces/package.dsv'
[8.087s] INFO:colcon.colcon_core.shell:Creating package script '/Users/alessandrochinello/distrobox/ubuntu_ros/lab/Lab2/install/interfaces/share/interfaces/package.sh'
[8.088s] INFO:colcon.colcon_core.shell:Creating package script '/Users/alessandrochinello/distrobox/ubuntu_ros/lab/Lab2/install/interfaces/share/interfaces/package.bash'
[8.089s] INFO:colcon.colcon_core.shell:Creating package script '/Users/alessandrochinello/distrobox/ubuntu_ros/lab/Lab2/install/interfaces/share/interfaces/package.zsh'
[8.091s] Level 1:colcon.colcon_core.environment:create_file_with_runtime_dependencies(/Users/alessandrochinello/distrobox/ubuntu_ros/lab/Lab2/install/interfaces/share/colcon-core/packages/interfaces)
[8.092s] DEBUG:colcon.colcon_parallel_executor.executor.parallel:closing loop
[8.093s] DEBUG:colcon.colcon_parallel_executor.executor.parallel:loop closed
[8.093s] DEBUG:colcon.colcon_parallel_executor.executor.parallel:run_until_complete finished with '0'
[8.093s] DEBUG:colcon.colcon_core.event_reactor:joining thread
[8.102s] INFO:colcon.colcon_core.plugin_system:Skipping extension 'colcon_notification.desktop_notification.notify_send': Could not find 'notify-send'
[8.102s] INFO:colcon.colcon_core.plugin_system:Skipping extension 'colcon_notification.desktop_notification.terminal_notifier': Not used on non-Darwin systems
[8.103s] INFO:colcon.colcon_core.plugin_system:Skipping extension 'colcon_notification.desktop_notification.win32': Not used on non-Windows systems
[8.103s] INFO:colcon.colcon_notification.desktop_notification:Sending desktop notification using 'notify2'
[8.103s] DEBUG:colcon.colcon_notification.desktop_notification.notify2:Failed to initialize notify2: org.freedesktop.DBus.Error.NotSupported: Unable to autolaunch a dbus-daemon without a $DISPLAY for X11
[8.103s] DEBUG:colcon.colcon_core.event_reactor:joined thread
[8.104s] INFO:colcon.colcon_core.shell:Creating prefix script '/Users/alessandrochinello/distrobox/ubuntu_ros/lab/Lab2/install/local_setup.ps1'
[8.105s] INFO:colcon.colcon_core.shell:Creating prefix util module '/Users/alessandrochinello/distrobox/ubuntu_ros/lab/Lab2/install/_local_setup_util_ps1.py'
[8.107s] INFO:colcon.colcon_core.shell:Creating prefix chain script '/Users/alessandrochinello/distrobox/ubuntu_ros/lab/Lab2/install/setup.ps1'
[8.110s] INFO:colcon.colcon_core.shell:Creating prefix script '/Users/alessandrochinello/distrobox/ubuntu_ros/lab/Lab2/install/local_setup.sh'
[8.112s] INFO:colcon.colcon_core.shell:Creating prefix util module '/Users/alessandrochinello/distrobox/ubuntu_ros/lab/Lab2/install/_local_setup_util_sh.py'
[8.113s] INFO:colcon.colcon_core.shell:Creating prefix chain script '/Users/alessandrochinello/distrobox/ubuntu_ros/lab/Lab2/install/setup.sh'
[8.116s] INFO:colcon.colcon_core.shell:Creating prefix script '/Users/alessandrochinello/distrobox/ubuntu_ros/lab/Lab2/install/local_setup.bash'
[8.118s] INFO:colcon.colcon_core.shell:Creating prefix chain script '/Users/alessandrochinello/distrobox/ubuntu_ros/lab/Lab2/install/setup.bash'
[8.120s] INFO:colcon.colcon_core.shell:Creating prefix script '/Users/alessandrochinello/distrobox/ubuntu_ros/lab/Lab2/install/local_setup.zsh'
[8.122s] INFO:colcon.colcon_core.shell:Creating prefix chain script '/Users/alessandrochinello/distrobox/ubuntu_ros/lab/Lab2/install/setup.zsh'
