[0.035s] Invoking command in '/Users/alessandrochinello/distrobox/ubuntu_ros/lab/Lab3/build/custom_action_interfaces': CMAKE_PREFIX_PATH=${CMAKE_PREFIX_PATH}:/opt/ros/jazzy CXXFLAGS=-I/opt/homebrew/Cellar/opencv/4.11.0_1/include/opencv4 /usr/bin/cmake /Users/alessandrochinello/distrobox/ubuntu_ros/lab/Lab3/src/custom_action_interfaces -DCMAKE_INSTALL_PREFIX=/Users/alessandrochinello/distrobox/ubuntu_ros/lab/Lab3/install/custom_action_interfaces
[0.288s] -- The C compiler identification is GNU 13.3.0
[0.392s] -- The CXX compiler identification is GNU 13.3.0
[0.421s] -- Detecting C compiler ABI info
[0.570s] -- Detecting C compiler ABI info - done
[0.606s] -- Check for working C compiler: /usr/bin/cc - skipped
[0.607s] -- Detecting C compile features
[0.608s] -- Detecting C compile features - done
[0.620s] -- Detecting CXX compiler ABI info
[0.782s] -- Detecting CXX compiler ABI info - done
[0.823s] -- Check for working CXX compiler: /usr/bin/c++ - skipped
[0.824s] -- Detecting CXX compile features
[0.825s] -- Detecting CXX compile features - done
[0.834s] -- Found ament_cmake: 2.5.4 (/opt/ros/jazzy/share/ament_cmake/cmake)
[0.973s] -- Found Python3: /usr/bin/python3 (found version "3.12.3") found components: Interpreter 
[1.135s] -- Found rosidl_default_generators: 1.6.0 (/opt/ros/jazzy/share/rosidl_default_generators/cmake)
[1.148s] -- Using all available rosidl_typesupport_c: rosidl_typesupport_fastrtps_c;rosidl_typesupport_introspection_c
[1.272s] -- Using all available rosidl_typesupport_cpp: rosidl_typesupport_fastrtps_cpp;rosidl_typesupport_introspection_cpp
[1.357s] -- Found rosidl_adapter: 4.6.6 (/opt/ros/jazzy/share/rosidl_adapter/cmake)
[2.055s] -- Found ament_cmake_ros: 0.12.0 (/opt/ros/jazzy/share/ament_cmake_ros/cmake)
[2.544s] -- Using all available rosidl_typesupport_c: rosidl_typesupport_fastrtps_c;rosidl_typesupport_introspection_c
[3.117s] -- Using all available rosidl_typesupport_cpp: rosidl_typesupport_fastrtps_cpp;rosidl_typesupport_introspection_cpp
[3.124s] -- Found python_cmake_module: 0.11.1 (/opt/ros/jazzy/share/python_cmake_module/cmake)
[3.245s] -- Found PythonExtra: /usr/bin/python3  
[3.714s] -- Found Python3: /usr/bin/python3 (found version "3.12.3") found components: Interpreter Development NumPy Development.Module Development.Embed 
[3.781s] -- Found ament_lint_auto: 0.17.3 (/opt/ros/jazzy/share/ament_lint_auto/cmake)
[3.860s] -- Added test 'lint_cmake' to check CMake code style
[3.876s] -- Added test 'xmllint' to check XML markup files
[3.906s] -- Configuring done (3.9s)
[4.267s] -- Generating done (0.3s)
[4.405s] -- Build files have been written to: /Users/alessandrochinello/distrobox/ubuntu_ros/lab/Lab3/build/custom_action_interfaces
[4.434s] Invoked command in '/Users/alessandrochinello/distrobox/ubuntu_ros/lab/Lab3/build/custom_action_interfaces' returned '0': CMAKE_PREFIX_PATH=${CMAKE_PREFIX_PATH}:/opt/ros/jazzy CXXFLAGS=-I/opt/homebrew/Cellar/opencv/4.11.0_1/include/opencv4 /usr/bin/cmake /Users/alessandrochinello/distrobox/ubuntu_ros/lab/Lab3/src/custom_action_interfaces -DCMAKE_INSTALL_PREFIX=/Users/alessandrochinello/distrobox/ubuntu_ros/lab/Lab3/install/custom_action_interfaces
[4.440s] Invoking command in '/Users/alessandrochinello/distrobox/ubuntu_ros/lab/Lab3/build/custom_action_interfaces': CMAKE_PREFIX_PATH=${CMAKE_PREFIX_PATH}:/opt/ros/jazzy CXXFLAGS=-I/opt/homebrew/Cellar/opencv/4.11.0_1/include/opencv4 /usr/bin/cmake --build /Users/alessandrochinello/distrobox/ubuntu_ros/lab/Lab3/build/custom_action_interfaces -- -j4 -l4
[4.569s] [  2%] [34m[1mGenerating type hashes for ROS interfaces[0m
[4.596s] [  2%] Built target ament_cmake_python_copy_custom_action_interfaces
[4.989s] running egg_info
[4.990s] creating custom_action_interfaces.egg-info
[5.016s] writing custom_action_interfaces.egg-info/PKG-INFO
[5.018s] writing dependency_links to custom_action_interfaces.egg-info/dependency_links.txt
[5.019s] writing top-level names to custom_action_interfaces.egg-info/top_level.txt
[5.021s] writing manifest file 'custom_action_interfaces.egg-info/SOURCES.txt'
[5.041s] [  2%] Built target custom_action_interfaces__rosidl_generator_type_description
[5.068s] [  5%] [34m[1mGenerating C code for ROS interfaces[0m
[5.086s] [  8%] [34m[1mGenerating C++ code for ROS interfaces[0m
[5.107s] reading manifest file 'custom_action_interfaces.egg-info/SOURCES.txt'
[5.110s] writing manifest file 'custom_action_interfaces.egg-info/SOURCES.txt'
[5.183s] [  8%] Built target ament_cmake_python_build_custom_action_interfaces_egg
[6.018s] [  8%] Built target custom_action_interfaces__cpp
[6.113s] [ 17%] [32mBuilding C object CMakeFiles/custom_action_interfaces__rosidl_generator_c.dir/rosidl_generator_c/custom_action_interfaces/action/detail/fibonacci__type_support.c.o[0m
[6.118s] [ 17%] [32mBuilding C object CMakeFiles/custom_action_interfaces__rosidl_generator_c.dir/rosidl_generator_c/custom_action_interfaces/action/detail/fibonacci__description.c.o[0m
[6.132s] [ 17%] [32mBuilding C object CMakeFiles/custom_action_interfaces__rosidl_generator_c.dir/rosidl_generator_c/custom_action_interfaces/action/detail/fibonacci__functions.c.o[0m
[6.529s] [ 20%] [32m[1mLinking C shared library libcustom_action_interfaces__rosidl_generator_c.so[0m
[6.621s] [ 20%] Built target custom_action_interfaces__rosidl_generator_c
[6.647s] [ 29%] [34m[1mGenerating C++ type support dispatch for ROS interfaces[0m
[6.648s] [ 29%] [34m[1mGenerating C++ introspection for ROS interfaces[0m
[6.651s] [ 29%] [34m[1mGenerating C++ type support for eProsima Fast-RTPS[0m
[6.652s] [ 32%] [34m[1mGenerating C type support for eProsima Fast-RTPS[0m
[7.420s] [ 35%] [32mBuilding CXX object CMakeFiles/custom_action_interfaces__rosidl_typesupport_cpp.dir/rosidl_typesupport_cpp/custom_action_interfaces/action/fibonacci__type_support.cpp.o[0m
[7.520s] [ 38%] [32mBuilding CXX object CMakeFiles/custom_action_interfaces__rosidl_typesupport_introspection_cpp.dir/rosidl_typesupport_introspection_cpp/custom_action_interfaces/action/detail/fibonacci__type_support.cpp.o[0m
[7.767s] [ 41%] [32mBuilding CXX object CMakeFiles/custom_action_interfaces__rosidl_typesupport_fastrtps_cpp.dir/rosidl_typesupport_fastrtps_cpp/custom_action_interfaces/action/detail/dds_fastrtps/fibonacci__type_support.cpp.o[0m
[7.926s] [ 44%] [32mBuilding CXX object CMakeFiles/custom_action_interfaces__rosidl_typesupport_fastrtps_c.dir/rosidl_typesupport_fastrtps_c/custom_action_interfaces/action/detail/fibonacci__type_support_c.cpp.o[0m
[9.553s] [ 47%] [32m[1mLinking CXX shared library libcustom_action_interfaces__rosidl_typesupport_cpp.so[0m
[9.641s] [ 50%] [32m[1mLinking CXX shared library libcustom_action_interfaces__rosidl_typesupport_fastrtps_c.so[0m
[9.750s] [ 50%] Built target custom_action_interfaces__rosidl_typesupport_cpp
[9.764s] [ 50%] Built target custom_action_interfaces__rosidl_typesupport_fastrtps_c
[9.776s] [ 52%] [32m[1mLinking CXX shared library libcustom_action_interfaces__rosidl_typesupport_introspection_cpp.so[0m
[9.778s] [ 55%] [34m[1mGenerating C introspection for ROS interfaces[0m
[9.787s] [ 58%] [34m[1mGenerating C type support dispatch for ROS interfaces[0m
[10.055s] [ 58%] Built target custom_action_interfaces__rosidl_typesupport_introspection_cpp
[10.595s] [ 61%] [32mBuilding CXX object CMakeFiles/custom_action_interfaces__rosidl_typesupport_c.dir/rosidl_typesupport_c/custom_action_interfaces/action/fibonacci__type_support.cpp.o[0m
[10.720s] [ 64%] [32mBuilding C object CMakeFiles/custom_action_interfaces__rosidl_typesupport_introspection_c.dir/rosidl_typesupport_introspection_c/custom_action_interfaces/action/detail/fibonacci__type_support.c.o[0m
[10.815s] [ 67%] [32m[1mLinking CXX shared library libcustom_action_interfaces__rosidl_typesupport_c.so[0m
[10.826s] [ 70%] [32m[1mLinking CXX shared library libcustom_action_interfaces__rosidl_typesupport_fastrtps_cpp.so[0m
[10.919s] [ 70%] Built target custom_action_interfaces__rosidl_typesupport_c
[10.949s] [ 73%] [32m[1mLinking C shared library libcustom_action_interfaces__rosidl_typesupport_introspection_c.so[0m
[11.008s] [ 73%] Built target custom_action_interfaces__rosidl_typesupport_fastrtps_cpp
[11.016s] [ 73%] Built target custom_action_interfaces__rosidl_typesupport_introspection_c
[11.053s] [ 73%] Built target custom_action_interfaces
[11.091s] [ 76%] [34m[1mGenerating Python code for ROS interfaces[0m
[11.858s] [ 76%] Built target custom_action_interfaces__py
[11.884s] [ 79%] [32mBuilding C object CMakeFiles/custom_action_interfaces__rosidl_generator_py.dir/rosidl_generator_py/custom_action_interfaces/action/_fibonacci_s.c.o[0m
[12.211s] [ 82%] [32m[1mLinking C shared library libcustom_action_interfaces__rosidl_generator_py.so[0m
[12.291s] [ 82%] Built target custom_action_interfaces__rosidl_generator_py
[12.323s] [ 91%] [32mBuilding C object CMakeFiles/custom_action_interfaces_s__rosidl_typesupport_c.dir/rosidl_generator_py/custom_action_interfaces/_custom_action_interfaces_s.ep.rosidl_typesupport_c.c.o[0m
[12.325s] [ 91%] [32mBuilding C object CMakeFiles/custom_action_interfaces_s__rosidl_typesupport_fastrtps_c.dir/rosidl_generator_py/custom_action_interfaces/_custom_action_interfaces_s.ep.rosidl_typesupport_fastrtps_c.c.o[0m
[12.327s] [ 91%] [32mBuilding C object CMakeFiles/custom_action_interfaces_s__rosidl_typesupport_introspection_c.dir/rosidl_generator_py/custom_action_interfaces/_custom_action_interfaces_s.ep.rosidl_typesupport_introspection_c.c.o[0m
[12.698s] [ 94%] [32m[1mLinking C shared module rosidl_generator_py/custom_action_interfaces/custom_action_interfaces_s__rosidl_typesupport_c.so[0m
[12.706s] [ 97%] [32m[1mLinking C shared module rosidl_generator_py/custom_action_interfaces/custom_action_interfaces_s__rosidl_typesupport_introspection_c.so[0m
[12.725s] [100%] [32m[1mLinking C shared module rosidl_generator_py/custom_action_interfaces/custom_action_interfaces_s__rosidl_typesupport_fastrtps_c.so[0m
[12.794s] [100%] Built target custom_action_interfaces_s__rosidl_typesupport_c
[12.809s] [100%] Built target custom_action_interfaces_s__rosidl_typesupport_introspection_c
[12.814s] [100%] Built target custom_action_interfaces_s__rosidl_typesupport_fastrtps_c
[12.848s] Invoked command in '/Users/alessandrochinello/distrobox/ubuntu_ros/lab/Lab3/build/custom_action_interfaces' returned '0': CMAKE_PREFIX_PATH=${CMAKE_PREFIX_PATH}:/opt/ros/jazzy CXXFLAGS=-I/opt/homebrew/Cellar/opencv/4.11.0_1/include/opencv4 /usr/bin/cmake --build /Users/alessandrochinello/distrobox/ubuntu_ros/lab/Lab3/build/custom_action_interfaces -- -j4 -l4
[12.869s] Invoking command in '/Users/alessandrochinello/distrobox/ubuntu_ros/lab/Lab3/build/custom_action_interfaces': CMAKE_PREFIX_PATH=${CMAKE_PREFIX_PATH}:/opt/ros/jazzy CXXFLAGS=-I/opt/homebrew/Cellar/opencv/4.11.0_1/include/opencv4 /usr/bin/cmake --install /Users/alessandrochinello/distrobox/ubuntu_ros/lab/Lab3/build/custom_action_interfaces
[12.885s] -- Install configuration: ""
[12.888s] -- Installing: /Users/alessandrochinello/distrobox/ubuntu_ros/lab/Lab3/install/custom_action_interfaces/share/ament_index/resource_index/rosidl_interfaces/custom_action_interfaces
[12.897s] -- Installing: /Users/alessandrochinello/distrobox/ubuntu_ros/lab/Lab3/install/custom_action_interfaces/share/custom_action_interfaces/action/Fibonacci.json
[12.902s] -- Installing: /Users/alessandrochinello/distrobox/ubuntu_ros/lab/Lab3/install/custom_action_interfaces/include/custom_action_interfaces/custom_action_interfaces
[12.904s] -- Installing: /Users/alessandrochinello/distrobox/ubuntu_ros/lab/Lab3/install/custom_action_interfaces/include/custom_action_interfaces/custom_action_interfaces/msg
[12.906s] -- Installing: /Users/alessandrochinello/distrobox/ubuntu_ros/lab/Lab3/install/custom_action_interfaces/include/custom_action_interfaces/custom_action_interfaces/msg/rosidl_generator_c__visibility_control.h
[12.909s] -- Installing: /Users/alessandrochinello/distrobox/ubuntu_ros/lab/Lab3/install/custom_action_interfaces/include/custom_action_interfaces/custom_action_interfaces/action
[12.911s] -- Installing: /Users/alessandrochinello/distrobox/ubuntu_ros/lab/Lab3/install/custom_action_interfaces/include/custom_action_interfaces/custom_action_interfaces/action/detail
[12.913s] -- Installing: /Users/alessandrochinello/distrobox/ubuntu_ros/lab/Lab3/install/custom_action_interfaces/include/custom_action_interfaces/custom_action_interfaces/action/detail/fibonacci__functions.c
[12.917s] -- Installing: /Users/alessandrochinello/distrobox/ubuntu_ros/lab/Lab3/install/custom_action_interfaces/include/custom_action_interfaces/custom_action_interfaces/action/detail/fibonacci__type_support.h
[12.921s] -- Installing: /Users/alessandrochinello/distrobox/ubuntu_ros/lab/Lab3/install/custom_action_interfaces/include/custom_action_interfaces/custom_action_interfaces/action/detail/fibonacci__struct.h
[12.924s] -- Installing: /Users/alessandrochinello/distrobox/ubuntu_ros/lab/Lab3/install/custom_action_interfaces/include/custom_action_interfaces/custom_action_interfaces/action/detail/fibonacci__type_support.c
[12.926s] -- Installing: /Users/alessandrochinello/distrobox/ubuntu_ros/lab/Lab3/install/custom_action_interfaces/include/custom_action_interfaces/custom_action_interfaces/action/detail/fibonacci__functions.h
[12.933s] -- Installing: /Users/alessandrochinello/distrobox/ubuntu_ros/lab/Lab3/install/custom_action_interfaces/include/custom_action_interfaces/custom_action_interfaces/action/detail/fibonacci__description.c
[12.942s] -- Installing: /Users/alessandrochinello/distrobox/ubuntu_ros/lab/Lab3/install/custom_action_interfaces/include/custom_action_interfaces/custom_action_interfaces/action/fibonacci.h
[12.949s] -- Installing: /Users/alessandrochinello/distrobox/ubuntu_ros/lab/Lab3/install/custom_action_interfaces/share/custom_action_interfaces/environment/library_path.sh
[12.952s] -- Installing: /Users/alessandrochinello/distrobox/ubuntu_ros/lab/Lab3/install/custom_action_interfaces/share/custom_action_interfaces/environment/library_path.dsv
[12.957s] -- Installing: /Users/alessandrochinello/distrobox/ubuntu_ros/lab/Lab3/install/custom_action_interfaces/lib/libcustom_action_interfaces__rosidl_generator_c.so
[12.968s] -- Set non-toolchain portion of runtime path of "/Users/alessandrochinello/distrobox/ubuntu_ros/lab/Lab3/install/custom_action_interfaces/lib/libcustom_action_interfaces__rosidl_generator_c.so" to ""
[12.970s] -- Up-to-date: /Users/alessandrochinello/distrobox/ubuntu_ros/lab/Lab3/install/custom_action_interfaces/include/custom_action_interfaces/custom_action_interfaces
[12.971s] -- Up-to-date: /Users/alessandrochinello/distrobox/ubuntu_ros/lab/Lab3/install/custom_action_interfaces/include/custom_action_interfaces/custom_action_interfaces/msg
[12.972s] -- Installing: /Users/alessandrochinello/distrobox/ubuntu_ros/lab/Lab3/install/custom_action_interfaces/include/custom_action_interfaces/custom_action_interfaces/msg/rosidl_typesupport_fastrtps_c__visibility_control.h
[12.973s] -- Up-to-date: /Users/alessandrochinello/distrobox/ubuntu_ros/lab/Lab3/install/custom_action_interfaces/include/custom_action_interfaces/custom_action_interfaces/action
[12.975s] -- Up-to-date: /Users/alessandrochinello/distrobox/ubuntu_ros/lab/Lab3/install/custom_action_interfaces/include/custom_action_interfaces/custom_action_interfaces/action/detail
[12.976s] -- Installing: /Users/alessandrochinello/distrobox/ubuntu_ros/lab/Lab3/install/custom_action_interfaces/include/custom_action_interfaces/custom_action_interfaces/action/detail/fibonacci__rosidl_typesupport_fastrtps_c.h
[12.980s] -- Installing: /Users/alessandrochinello/distrobox/ubuntu_ros/lab/Lab3/install/custom_action_interfaces/lib/libcustom_action_interfaces__rosidl_typesupport_fastrtps_c.so
[12.990s] -- Set non-toolchain portion of runtime path of "/Users/alessandrochinello/distrobox/ubuntu_ros/lab/Lab3/install/custom_action_interfaces/lib/libcustom_action_interfaces__rosidl_typesupport_fastrtps_c.so" to ""
[12.991s] -- Up-to-date: /Users/alessandrochinello/distrobox/ubuntu_ros/lab/Lab3/install/custom_action_interfaces/include/custom_action_interfaces/custom_action_interfaces
[12.992s] -- Up-to-date: /Users/alessandrochinello/distrobox/ubuntu_ros/lab/Lab3/install/custom_action_interfaces/include/custom_action_interfaces/custom_action_interfaces/msg
[12.993s] -- Installing: /Users/alessandrochinello/distrobox/ubuntu_ros/lab/Lab3/install/custom_action_interfaces/include/custom_action_interfaces/custom_action_interfaces/msg/rosidl_typesupport_introspection_c__visibility_control.h
[12.995s] -- Up-to-date: /Users/alessandrochinello/distrobox/ubuntu_ros/lab/Lab3/install/custom_action_interfaces/include/custom_action_interfaces/custom_action_interfaces/action
[12.996s] -- Up-to-date: /Users/alessandrochinello/distrobox/ubuntu_ros/lab/Lab3/install/custom_action_interfaces/include/custom_action_interfaces/custom_action_interfaces/action/detail
[12.998s] -- Installing: /Users/alessandrochinello/distrobox/ubuntu_ros/lab/Lab3/install/custom_action_interfaces/include/custom_action_interfaces/custom_action_interfaces/action/detail/fibonacci__type_support.c
[13.006s] -- Installing: /Users/alessandrochinello/distrobox/ubuntu_ros/lab/Lab3/install/custom_action_interfaces/include/custom_action_interfaces/custom_action_interfaces/action/detail/fibonacci__rosidl_typesupport_introspection_c.h
[13.010s] -- Installing: /Users/alessandrochinello/distrobox/ubuntu_ros/lab/Lab3/install/custom_action_interfaces/lib/libcustom_action_interfaces__rosidl_typesupport_introspection_c.so
[13.017s] -- Set non-toolchain portion of runtime path of "/Users/alessandrochinello/distrobox/ubuntu_ros/lab/Lab3/install/custom_action_interfaces/lib/libcustom_action_interfaces__rosidl_typesupport_introspection_c.so" to ""
[13.018s] -- Installing: /Users/alessandrochinello/distrobox/ubuntu_ros/lab/Lab3/install/custom_action_interfaces/lib/libcustom_action_interfaces__rosidl_typesupport_c.so
[13.024s] -- Set non-toolchain portion of runtime path of "/Users/alessandrochinello/distrobox/ubuntu_ros/lab/Lab3/install/custom_action_interfaces/lib/libcustom_action_interfaces__rosidl_typesupport_c.so" to ""
[13.025s] -- Up-to-date: /Users/alessandrochinello/distrobox/ubuntu_ros/lab/Lab3/install/custom_action_interfaces/include/custom_action_interfaces/custom_action_interfaces
[13.026s] -- Up-to-date: /Users/alessandrochinello/distrobox/ubuntu_ros/lab/Lab3/install/custom_action_interfaces/include/custom_action_interfaces/custom_action_interfaces/msg
[13.027s] -- Installing: /Users/alessandrochinello/distrobox/ubuntu_ros/lab/Lab3/install/custom_action_interfaces/include/custom_action_interfaces/custom_action_interfaces/msg/rosidl_generator_cpp__visibility_control.hpp
[13.029s] -- Up-to-date: /Users/alessandrochinello/distrobox/ubuntu_ros/lab/Lab3/install/custom_action_interfaces/include/custom_action_interfaces/custom_action_interfaces/action
[13.030s] -- Installing: /Users/alessandrochinello/distrobox/ubuntu_ros/lab/Lab3/install/custom_action_interfaces/include/custom_action_interfaces/custom_action_interfaces/action/fibonacci.hpp
[13.033s] -- Up-to-date: /Users/alessandrochinello/distrobox/ubuntu_ros/lab/Lab3/install/custom_action_interfaces/include/custom_action_interfaces/custom_action_interfaces/action/detail
[13.034s] -- Installing: /Users/alessandrochinello/distrobox/ubuntu_ros/lab/Lab3/install/custom_action_interfaces/include/custom_action_interfaces/custom_action_interfaces/action/detail/fibonacci__builder.hpp
[13.038s] -- Installing: /Users/alessandrochinello/distrobox/ubuntu_ros/lab/Lab3/install/custom_action_interfaces/include/custom_action_interfaces/custom_action_interfaces/action/detail/fibonacci__struct.hpp
[13.042s] -- Installing: /Users/alessandrochinello/distrobox/ubuntu_ros/lab/Lab3/install/custom_action_interfaces/include/custom_action_interfaces/custom_action_interfaces/action/detail/fibonacci__traits.hpp
[13.047s] -- Installing: /Users/alessandrochinello/distrobox/ubuntu_ros/lab/Lab3/install/custom_action_interfaces/include/custom_action_interfaces/custom_action_interfaces/action/detail/fibonacci__type_support.hpp
[13.051s] -- Up-to-date: /Users/alessandrochinello/distrobox/ubuntu_ros/lab/Lab3/install/custom_action_interfaces/include/custom_action_interfaces/custom_action_interfaces
[13.052s] -- Up-to-date: /Users/alessandrochinello/distrobox/ubuntu_ros/lab/Lab3/install/custom_action_interfaces/include/custom_action_interfaces/custom_action_interfaces/msg
[13.054s] -- Installing: /Users/alessandrochinello/distrobox/ubuntu_ros/lab/Lab3/install/custom_action_interfaces/include/custom_action_interfaces/custom_action_interfaces/msg/rosidl_typesupport_fastrtps_cpp__visibility_control.h
[13.056s] -- Up-to-date: /Users/alessandrochinello/distrobox/ubuntu_ros/lab/Lab3/install/custom_action_interfaces/include/custom_action_interfaces/custom_action_interfaces/action
[13.058s] -- Up-to-date: /Users/alessandrochinello/distrobox/ubuntu_ros/lab/Lab3/install/custom_action_interfaces/include/custom_action_interfaces/custom_action_interfaces/action/detail
[13.059s] -- Installing: /Users/alessandrochinello/distrobox/ubuntu_ros/lab/Lab3/install/custom_action_interfaces/include/custom_action_interfaces/custom_action_interfaces/action/detail/fibonacci__rosidl_typesupport_fastrtps_cpp.hpp
[13.062s] -- Installing: /Users/alessandrochinello/distrobox/ubuntu_ros/lab/Lab3/install/custom_action_interfaces/include/custom_action_interfaces/custom_action_interfaces/action/detail/dds_fastrtps
[13.065s] -- Installing: /Users/alessandrochinello/distrobox/ubuntu_ros/lab/Lab3/install/custom_action_interfaces/lib/libcustom_action_interfaces__rosidl_typesupport_fastrtps_cpp.so
[13.077s] -- Set non-toolchain portion of runtime path of "/Users/alessandrochinello/distrobox/ubuntu_ros/lab/Lab3/install/custom_action_interfaces/lib/libcustom_action_interfaces__rosidl_typesupport_fastrtps_cpp.so" to ""
[13.078s] -- Up-to-date: /Users/alessandrochinello/distrobox/ubuntu_ros/lab/Lab3/install/custom_action_interfaces/include/custom_action_interfaces/custom_action_interfaces
[13.079s] -- Up-to-date: /Users/alessandrochinello/distrobox/ubuntu_ros/lab/Lab3/install/custom_action_interfaces/include/custom_action_interfaces/custom_action_interfaces/action
[13.080s] -- Up-to-date: /Users/alessandrochinello/distrobox/ubuntu_ros/lab/Lab3/install/custom_action_interfaces/include/custom_action_interfaces/custom_action_interfaces/action/detail
[13.081s] -- Installing: /Users/alessandrochinello/distrobox/ubuntu_ros/lab/Lab3/install/custom_action_interfaces/include/custom_action_interfaces/custom_action_interfaces/action/detail/fibonacci__rosidl_typesupport_introspection_cpp.hpp
[13.083s] -- Installing: /Users/alessandrochinello/distrobox/ubuntu_ros/lab/Lab3/install/custom_action_interfaces/include/custom_action_interfaces/custom_action_interfaces/action/detail/fibonacci__type_support.cpp
[13.091s] -- Installing: /Users/alessandrochinello/distrobox/ubuntu_ros/lab/Lab3/install/custom_action_interfaces/lib/libcustom_action_interfaces__rosidl_typesupport_introspection_cpp.so
[13.103s] -- Set non-toolchain portion of runtime path of "/Users/alessandrochinello/distrobox/ubuntu_ros/lab/Lab3/install/custom_action_interfaces/lib/libcustom_action_interfaces__rosidl_typesupport_introspection_cpp.so" to ""
[13.104s] -- Installing: /Users/alessandrochinello/distrobox/ubuntu_ros/lab/Lab3/install/custom_action_interfaces/lib/libcustom_action_interfaces__rosidl_typesupport_cpp.so
[13.114s] -- Set non-toolchain portion of runtime path of "/Users/alessandrochinello/distrobox/ubuntu_ros/lab/Lab3/install/custom_action_interfaces/lib/libcustom_action_interfaces__rosidl_typesupport_cpp.so" to ""
[13.115s] -- Installing: /Users/alessandrochinello/distrobox/ubuntu_ros/lab/Lab3/install/custom_action_interfaces/share/custom_action_interfaces/environment/pythonpath.sh
[13.117s] -- Installing: /Users/alessandrochinello/distrobox/ubuntu_ros/lab/Lab3/install/custom_action_interfaces/share/custom_action_interfaces/environment/pythonpath.dsv
[13.120s] -- Installing: /Users/alessandrochinello/distrobox/ubuntu_ros/lab/Lab3/install/custom_action_interfaces/lib/python3.12/site-packages/custom_action_interfaces-0.0.0-py3.12.egg-info
[13.123s] -- Installing: /Users/alessandrochinello/distrobox/ubuntu_ros/lab/Lab3/install/custom_action_interfaces/lib/python3.12/site-packages/custom_action_interfaces-0.0.0-py3.12.egg-info/PKG-INFO
[13.126s] -- Installing: /Users/alessandrochinello/distrobox/ubuntu_ros/lab/Lab3/install/custom_action_interfaces/lib/python3.12/site-packages/custom_action_interfaces-0.0.0-py3.12.egg-info/SOURCES.txt
[13.129s] -- Installing: /Users/alessandrochinello/distrobox/ubuntu_ros/lab/Lab3/install/custom_action_interfaces/lib/python3.12/site-packages/custom_action_interfaces-0.0.0-py3.12.egg-info/top_level.txt
[13.132s] -- Installing: /Users/alessandrochinello/distrobox/ubuntu_ros/lab/Lab3/install/custom_action_interfaces/lib/python3.12/site-packages/custom_action_interfaces-0.0.0-py3.12.egg-info/dependency_links.txt
[13.135s] -- Installing: /Users/alessandrochinello/distrobox/ubuntu_ros/lab/Lab3/install/custom_action_interfaces/lib/python3.12/site-packages/custom_action_interfaces
[13.138s] -- Installing: /Users/alessandrochinello/distrobox/ubuntu_ros/lab/Lab3/install/custom_action_interfaces/lib/python3.12/site-packages/custom_action_interfaces/_custom_action_interfaces_s.ep.rosidl_typesupport_fastrtps_c.c
[13.143s] -- Installing: /Users/alessandrochinello/distrobox/ubuntu_ros/lab/Lab3/install/custom_action_interfaces/lib/python3.12/site-packages/custom_action_interfaces/__init__.py
[13.148s] -- Installing: /Users/alessandrochinello/distrobox/ubuntu_ros/lab/Lab3/install/custom_action_interfaces/lib/python3.12/site-packages/custom_action_interfaces/custom_action_interfaces_s__rosidl_typesupport_introspection_c.so
[13.154s] -- Installing: /Users/alessandrochinello/distrobox/ubuntu_ros/lab/Lab3/install/custom_action_interfaces/lib/python3.12/site-packages/custom_action_interfaces/custom_action_interfaces_s__rosidl_typesupport_c.so
[13.158s] -- Installing: /Users/alessandrochinello/distrobox/ubuntu_ros/lab/Lab3/install/custom_action_interfaces/lib/python3.12/site-packages/custom_action_interfaces/action
[13.161s] -- Installing: /Users/alessandrochinello/distrobox/ubuntu_ros/lab/Lab3/install/custom_action_interfaces/lib/python3.12/site-packages/custom_action_interfaces/action/__init__.py
[13.164s] -- Installing: /Users/alessandrochinello/distrobox/ubuntu_ros/lab/Lab3/install/custom_action_interfaces/lib/python3.12/site-packages/custom_action_interfaces/action/_fibonacci.py
[13.168s] -- Installing: /Users/alessandrochinello/distrobox/ubuntu_ros/lab/Lab3/install/custom_action_interfaces/lib/python3.12/site-packages/custom_action_interfaces/action/_fibonacci_s.c
[13.173s] -- Installing: /Users/alessandrochinello/distrobox/ubuntu_ros/lab/Lab3/install/custom_action_interfaces/lib/python3.12/site-packages/custom_action_interfaces/custom_action_interfaces_s__rosidl_typesupport_fastrtps_c.so
[13.178s] -- Installing: /Users/alessandrochinello/distrobox/ubuntu_ros/lab/Lab3/install/custom_action_interfaces/lib/python3.12/site-packages/custom_action_interfaces/_custom_action_interfaces_s.ep.rosidl_typesupport_c.c
[13.182s] -- Installing: /Users/alessandrochinello/distrobox/ubuntu_ros/lab/Lab3/install/custom_action_interfaces/lib/python3.12/site-packages/custom_action_interfaces/_custom_action_interfaces_s.ep.rosidl_typesupport_introspection_c.c
[13.260s] Listing '/Users/alessandrochinello/distrobox/ubuntu_ros/lab/Lab3/install/custom_action_interfaces/lib/python3.12/site-packages/custom_action_interfaces'...
[13.261s] Compiling '/Users/alessandrochinello/distrobox/ubuntu_ros/lab/Lab3/install/custom_action_interfaces/lib/python3.12/site-packages/custom_action_interfaces/__init__.py'...
[13.262s] Listing '/Users/alessandrochinello/distrobox/ubuntu_ros/lab/Lab3/install/custom_action_interfaces/lib/python3.12/site-packages/custom_action_interfaces/action'...
[13.263s] Compiling '/Users/alessandrochinello/distrobox/ubuntu_ros/lab/Lab3/install/custom_action_interfaces/lib/python3.12/site-packages/custom_action_interfaces/action/__init__.py'...
[13.264s] Compiling '/Users/alessandrochinello/distrobox/ubuntu_ros/lab/Lab3/install/custom_action_interfaces/lib/python3.12/site-packages/custom_action_interfaces/action/_fibonacci.py'...
[13.270s] -- Installing: /Users/alessandrochinello/distrobox/ubuntu_ros/lab/Lab3/install/custom_action_interfaces/lib/python3.12/site-packages/custom_action_interfaces/custom_action_interfaces_s__rosidl_typesupport_fastrtps_c.so
[13.278s] -- Set non-toolchain portion of runtime path of "/Users/alessandrochinello/distrobox/ubuntu_ros/lab/Lab3/install/custom_action_interfaces/lib/python3.12/site-packages/custom_action_interfaces/custom_action_interfaces_s__rosidl_typesupport_fastrtps_c.so" to ""
[13.279s] -- Installing: /Users/alessandrochinello/distrobox/ubuntu_ros/lab/Lab3/install/custom_action_interfaces/lib/python3.12/site-packages/custom_action_interfaces/custom_action_interfaces_s__rosidl_typesupport_introspection_c.so
[13.286s] -- Set non-toolchain portion of runtime path of "/Users/alessandrochinello/distrobox/ubuntu_ros/lab/Lab3/install/custom_action_interfaces/lib/python3.12/site-packages/custom_action_interfaces/custom_action_interfaces_s__rosidl_typesupport_introspection_c.so" to ""
[13.287s] -- Installing: /Users/alessandrochinello/distrobox/ubuntu_ros/lab/Lab3/install/custom_action_interfaces/lib/python3.12/site-packages/custom_action_interfaces/custom_action_interfaces_s__rosidl_typesupport_c.so
[13.294s] -- Set non-toolchain portion of runtime path of "/Users/alessandrochinello/distrobox/ubuntu_ros/lab/Lab3/install/custom_action_interfaces/lib/python3.12/site-packages/custom_action_interfaces/custom_action_interfaces_s__rosidl_typesupport_c.so" to ""
[13.295s] -- Installing: /Users/alessandrochinello/distrobox/ubuntu_ros/lab/Lab3/install/custom_action_interfaces/lib/libcustom_action_interfaces__rosidl_generator_py.so
[13.302s] -- Set non-toolchain portion of runtime path of "/Users/alessandrochinello/distrobox/ubuntu_ros/lab/Lab3/install/custom_action_interfaces/lib/libcustom_action_interfaces__rosidl_generator_py.so" to ""
[13.303s] -- Installing: /Users/alessandrochinello/distrobox/ubuntu_ros/lab/Lab3/install/custom_action_interfaces/share/custom_action_interfaces/action/Fibonacci.idl
[13.306s] -- Installing: /Users/alessandrochinello/distrobox/ubuntu_ros/lab/Lab3/install/custom_action_interfaces/share/custom_action_interfaces/action/Fibonacci.action
[13.311s] -- Installing: /Users/alessandrochinello/distrobox/ubuntu_ros/lab/Lab3/install/custom_action_interfaces/share/ament_index/resource_index/package_run_dependencies/custom_action_interfaces
[13.316s] -- Installing: /Users/alessandrochinello/distrobox/ubuntu_ros/lab/Lab3/install/custom_action_interfaces/share/ament_index/resource_index/parent_prefix_path/custom_action_interfaces
[13.319s] -- Installing: /Users/alessandrochinello/distrobox/ubuntu_ros/lab/Lab3/install/custom_action_interfaces/share/custom_action_interfaces/environment/ament_prefix_path.sh
[13.321s] -- Installing: /Users/alessandrochinello/distrobox/ubuntu_ros/lab/Lab3/install/custom_action_interfaces/share/custom_action_interfaces/environment/ament_prefix_path.dsv
[13.324s] -- Installing: /Users/alessandrochinello/distrobox/ubuntu_ros/lab/Lab3/install/custom_action_interfaces/share/custom_action_interfaces/environment/path.sh
[13.327s] -- Installing: /Users/alessandrochinello/distrobox/ubuntu_ros/lab/Lab3/install/custom_action_interfaces/share/custom_action_interfaces/environment/path.dsv
[13.330s] -- Installing: /Users/alessandrochinello/distrobox/ubuntu_ros/lab/Lab3/install/custom_action_interfaces/share/custom_action_interfaces/local_setup.bash
[13.333s] -- Installing: /Users/alessandrochinello/distrobox/ubuntu_ros/lab/Lab3/install/custom_action_interfaces/share/custom_action_interfaces/local_setup.sh
[13.337s] -- Installing: /Users/alessandrochinello/distrobox/ubuntu_ros/lab/Lab3/install/custom_action_interfaces/share/custom_action_interfaces/local_setup.zsh
[13.340s] -- Installing: /Users/alessandrochinello/distrobox/ubuntu_ros/lab/Lab3/install/custom_action_interfaces/share/custom_action_interfaces/local_setup.dsv
[13.343s] -- Installing: /Users/alessandrochinello/distrobox/ubuntu_ros/lab/Lab3/install/custom_action_interfaces/share/custom_action_interfaces/package.dsv
[13.348s] -- Installing: /Users/alessandrochinello/distrobox/ubuntu_ros/lab/Lab3/install/custom_action_interfaces/share/ament_index/resource_index/packages/custom_action_interfaces
[13.352s] -- Installing: /Users/alessandrochinello/distrobox/ubuntu_ros/lab/Lab3/install/custom_action_interfaces/share/custom_action_interfaces/cmake/export_custom_action_interfaces__rosidl_generator_cExport.cmake
[13.356s] -- Installing: /Users/alessandrochinello/distrobox/ubuntu_ros/lab/Lab3/install/custom_action_interfaces/share/custom_action_interfaces/cmake/export_custom_action_interfaces__rosidl_generator_cExport-noconfig.cmake
[13.359s] -- Installing: /Users/alessandrochinello/distrobox/ubuntu_ros/lab/Lab3/install/custom_action_interfaces/share/custom_action_interfaces/cmake/export_custom_action_interfaces__rosidl_typesupport_fastrtps_cExport.cmake
[13.363s] -- Installing: /Users/alessandrochinello/distrobox/ubuntu_ros/lab/Lab3/install/custom_action_interfaces/share/custom_action_interfaces/cmake/export_custom_action_interfaces__rosidl_typesupport_fastrtps_cExport-noconfig.cmake
[13.367s] -- Installing: /Users/alessandrochinello/distrobox/ubuntu_ros/lab/Lab3/install/custom_action_interfaces/share/custom_action_interfaces/cmake/custom_action_interfaces__rosidl_typesupport_introspection_cExport.cmake
[13.371s] -- Installing: /Users/alessandrochinello/distrobox/ubuntu_ros/lab/Lab3/install/custom_action_interfaces/share/custom_action_interfaces/cmake/custom_action_interfaces__rosidl_typesupport_introspection_cExport-noconfig.cmake
[13.376s] -- Installing: /Users/alessandrochinello/distrobox/ubuntu_ros/lab/Lab3/install/custom_action_interfaces/share/custom_action_interfaces/cmake/custom_action_interfaces__rosidl_typesupport_cExport.cmake
[13.379s] -- Installing: /Users/alessandrochinello/distrobox/ubuntu_ros/lab/Lab3/install/custom_action_interfaces/share/custom_action_interfaces/cmake/custom_action_interfaces__rosidl_typesupport_cExport-noconfig.cmake
[13.383s] -- Installing: /Users/alessandrochinello/distrobox/ubuntu_ros/lab/Lab3/install/custom_action_interfaces/share/custom_action_interfaces/cmake/export_custom_action_interfaces__rosidl_generator_cppExport.cmake
[13.386s] -- Installing: /Users/alessandrochinello/distrobox/ubuntu_ros/lab/Lab3/install/custom_action_interfaces/share/custom_action_interfaces/cmake/export_custom_action_interfaces__rosidl_typesupport_fastrtps_cppExport.cmake
[13.390s] -- Installing: /Users/alessandrochinello/distrobox/ubuntu_ros/lab/Lab3/install/custom_action_interfaces/share/custom_action_interfaces/cmake/export_custom_action_interfaces__rosidl_typesupport_fastrtps_cppExport-noconfig.cmake
[13.394s] -- Installing: /Users/alessandrochinello/distrobox/ubuntu_ros/lab/Lab3/install/custom_action_interfaces/share/custom_action_interfaces/cmake/custom_action_interfaces__rosidl_typesupport_introspection_cppExport.cmake
[13.397s] -- Installing: /Users/alessandrochinello/distrobox/ubuntu_ros/lab/Lab3/install/custom_action_interfaces/share/custom_action_interfaces/cmake/custom_action_interfaces__rosidl_typesupport_introspection_cppExport-noconfig.cmake
[13.401s] -- Installing: /Users/alessandrochinello/distrobox/ubuntu_ros/lab/Lab3/install/custom_action_interfaces/share/custom_action_interfaces/cmake/custom_action_interfaces__rosidl_typesupport_cppExport.cmake
[13.404s] -- Installing: /Users/alessandrochinello/distrobox/ubuntu_ros/lab/Lab3/install/custom_action_interfaces/share/custom_action_interfaces/cmake/custom_action_interfaces__rosidl_typesupport_cppExport-noconfig.cmake
[13.408s] -- Installing: /Users/alessandrochinello/distrobox/ubuntu_ros/lab/Lab3/install/custom_action_interfaces/share/custom_action_interfaces/cmake/export_custom_action_interfaces__rosidl_generator_pyExport.cmake
[13.411s] -- Installing: /Users/alessandrochinello/distrobox/ubuntu_ros/lab/Lab3/install/custom_action_interfaces/share/custom_action_interfaces/cmake/export_custom_action_interfaces__rosidl_generator_pyExport-noconfig.cmake
[13.414s] -- Installing: /Users/alessandrochinello/distrobox/ubuntu_ros/lab/Lab3/install/custom_action_interfaces/share/custom_action_interfaces/cmake/rosidl_cmake-extras.cmake
[13.418s] -- Installing: /Users/alessandrochinello/distrobox/ubuntu_ros/lab/Lab3/install/custom_action_interfaces/share/custom_action_interfaces/cmake/ament_cmake_export_dependencies-extras.cmake
[13.421s] -- Installing: /Users/alessandrochinello/distrobox/ubuntu_ros/lab/Lab3/install/custom_action_interfaces/share/custom_action_interfaces/cmake/ament_cmake_export_include_directories-extras.cmake
[13.424s] -- Installing: /Users/alessandrochinello/distrobox/ubuntu_ros/lab/Lab3/install/custom_action_interfaces/share/custom_action_interfaces/cmake/ament_cmake_export_libraries-extras.cmake
[13.428s] -- Installing: /Users/alessandrochinello/distrobox/ubuntu_ros/lab/Lab3/install/custom_action_interfaces/share/custom_action_interfaces/cmake/ament_cmake_export_targets-extras.cmake
[13.431s] -- Installing: /Users/alessandrochinello/distrobox/ubuntu_ros/lab/Lab3/install/custom_action_interfaces/share/custom_action_interfaces/cmake/rosidl_cmake_export_typesupport_targets-extras.cmake
[13.434s] -- Installing: /Users/alessandrochinello/distrobox/ubuntu_ros/lab/Lab3/install/custom_action_interfaces/share/custom_action_interfaces/cmake/rosidl_cmake_export_typesupport_libraries-extras.cmake
[13.438s] -- Installing: /Users/alessandrochinello/distrobox/ubuntu_ros/lab/Lab3/install/custom_action_interfaces/share/custom_action_interfaces/cmake/custom_action_interfacesConfig.cmake
[13.441s] -- Installing: /Users/alessandrochinello/distrobox/ubuntu_ros/lab/Lab3/install/custom_action_interfaces/share/custom_action_interfaces/cmake/custom_action_interfacesConfig-version.cmake
[13.444s] -- Installing: /Users/alessandrochinello/distrobox/ubuntu_ros/lab/Lab3/install/custom_action_interfaces/share/custom_action_interfaces/package.xml
[13.453s] Invoked command in '/Users/alessandrochinello/distrobox/ubuntu_ros/lab/Lab3/build/custom_action_interfaces' returned '0': CMAKE_PREFIX_PATH=${CMAKE_PREFIX_PATH}:/opt/ros/jazzy CXXFLAGS=-I/opt/homebrew/Cellar/opencv/4.11.0_1/include/opencv4 /usr/bin/cmake --install /Users/alessandrochinello/distrobox/ubuntu_ros/lab/Lab3/build/custom_action_interfaces
