[0.217s] DEBUG:colcon:Command line arguments: ['/usr/bin/colcon', 'build']
[0.218s] DEBUG:colcon:Parsed command line arguments: Namespace(log_base=None, log_level=None, verb_name='build', build_base='build', install_base='install', merge_install=False, symlink_install=False, test_result_base=None, continue_on_error=False, executor='parallel', parallel_workers=4, event_handlers=None, ignore_user_meta=False, metas=['./colcon.meta'], base_paths=['.'], packages_ignore=None, packages_ignore_regex=None, paths=None, packages_up_to=None, packages_up_to_regex=None, packages_above=None, packages_above_and_dependencies=None, packages_above_depth=None, packages_select_by_dep=None, packages_skip_by_dep=None, packages_skip_up_to=None, packages_select_build_failed=False, packages_skip_build_finished=False, packages_select_test_failures=False, packages_skip_test_passed=False, packages_select=None, packages_skip=None, packages_select_regex=None, packages_skip_regex=None, packages_start=None, packages_end=None, allow_overriding=[], cmake_args=None, cmake_target=None, cmake_target_skip_unavailable=False, cmake_clean_cache=False, cmake_clean_first=False, cmake_force_configure=False, ament_cmake_args=None, catkin_cmake_args=None, catkin_skip_building_tests=False, verb_parser=<colcon_defaults.argument_parser.defaults.DefaultArgumentsDecorator object at 0xffffaee50980>, verb_extension=<colcon_core.verb.build.BuildVerb object at 0xffffaf1a6780>, main=<bound method BuildVerb.main of <colcon_core.verb.build.BuildVerb object at 0xffffaf1a6780>>)
[0.282s] Level 1:colcon.colcon_core.package_discovery:discover_packages(colcon_meta) check parameters
[0.282s] Level 1:colcon.colcon_core.package_discovery:discover_packages(recursive) check parameters
[0.282s] Level 1:colcon.colcon_core.package_discovery:discover_packages(ignore) check parameters
[0.283s] Level 1:colcon.colcon_core.package_discovery:discover_packages(path) check parameters
[0.283s] Level 1:colcon.colcon_core.package_discovery:discover_packages(colcon_meta) discover
[0.283s] Level 1:colcon.colcon_core.package_discovery:discover_packages(recursive) discover
[0.283s] INFO:colcon.colcon_core.package_discovery:Crawling recursively for packages in '/Users/alessandrochinello/distrobox/ubuntu_ros/lab/Lab3'
[0.284s] Level 1:colcon.colcon_core.package_identification:_identify(.) by extensions ['ignore', 'ignore_ament_install']
[0.284s] Level 1:colcon.colcon_core.package_identification:_identify(.) by extension 'ignore'
[0.284s] Level 1:colcon.colcon_core.package_identification:_identify(.) by extension 'ignore_ament_install'
[0.285s] Level 1:colcon.colcon_core.package_identification:_identify(.) by extensions ['colcon_pkg']
[0.285s] Level 1:colcon.colcon_core.package_identification:_identify(.) by extension 'colcon_pkg'
[0.285s] Level 1:colcon.colcon_core.package_identification:_identify(.) by extensions ['colcon_meta']
[0.285s] Level 1:colcon.colcon_core.package_identification:_identify(.) by extension 'colcon_meta'
[0.285s] Level 1:colcon.colcon_core.package_identification:_identify(.) by extensions ['ros']
[0.285s] Level 1:colcon.colcon_core.package_identification:_identify(.) by extension 'ros'
[0.328s] Level 1:colcon.colcon_core.package_identification:_identify(.) by extensions ['cmake', 'python']
[0.328s] Level 1:colcon.colcon_core.package_identification:_identify(.) by extension 'cmake'
[0.328s] Level 1:colcon.colcon_core.package_identification:_identify(.) by extension 'python'
[0.329s] Level 1:colcon.colcon_core.package_identification:_identify(.) by extensions ['python_setup_py']
[0.329s] Level 1:colcon.colcon_core.package_identification:_identify(.) by extension 'python_setup_py'
[0.329s] Level 1:colcon.colcon_core.package_identification:_identify(build) by extensions ['ignore', 'ignore_ament_install']
[0.330s] Level 1:colcon.colcon_core.package_identification:_identify(build) by extension 'ignore'
[0.330s] Level 1:colcon.colcon_core.package_identification:_identify(build) ignored
[0.330s] Level 1:colcon.colcon_core.package_identification:_identify(install) by extensions ['ignore', 'ignore_ament_install']
[0.331s] Level 1:colcon.colcon_core.package_identification:_identify(install) by extension 'ignore'
[0.331s] Level 1:colcon.colcon_core.package_identification:_identify(install) ignored
[0.332s] Level 1:colcon.colcon_core.package_identification:_identify(log) by extensions ['ignore', 'ignore_ament_install']
[0.332s] Level 1:colcon.colcon_core.package_identification:_identify(log) by extension 'ignore'
[0.332s] Level 1:colcon.colcon_core.package_identification:_identify(log) ignored
[0.333s] Level 1:colcon.colcon_core.package_identification:_identify(src) by extensions ['ignore', 'ignore_ament_install']
[0.333s] Level 1:colcon.colcon_core.package_identification:_identify(src) by extension 'ignore'
[0.333s] Level 1:colcon.colcon_core.package_identification:_identify(src) by extension 'ignore_ament_install'
[0.333s] Level 1:colcon.colcon_core.package_identification:_identify(src) by extensions ['colcon_pkg']
[0.334s] Level 1:colcon.colcon_core.package_identification:_identify(src) by extension 'colcon_pkg'
[0.334s] Level 1:colcon.colcon_core.package_identification:_identify(src) by extensions ['colcon_meta']
[0.334s] Level 1:colcon.colcon_core.package_identification:_identify(src) by extension 'colcon_meta'
[0.334s] Level 1:colcon.colcon_core.package_identification:_identify(src) by extensions ['ros']
[0.334s] Level 1:colcon.colcon_core.package_identification:_identify(src) by extension 'ros'
[0.335s] Level 1:colcon.colcon_core.package_identification:_identify(src) by extensions ['cmake', 'python']
[0.335s] Level 1:colcon.colcon_core.package_identification:_identify(src) by extension 'cmake'
[0.335s] Level 1:colcon.colcon_core.package_identification:_identify(src) by extension 'python'
[0.336s] Level 1:colcon.colcon_core.package_identification:_identify(src) by extensions ['python_setup_py']
[0.336s] Level 1:colcon.colcon_core.package_identification:_identify(src) by extension 'python_setup_py'
[0.337s] Level 1:colcon.colcon_core.package_identification:_identify(src/custom_action_cpp) by extensions ['ignore', 'ignore_ament_install']
[0.337s] Level 1:colcon.colcon_core.package_identification:_identify(src/custom_action_cpp) by extension 'ignore'
[0.337s] Level 1:colcon.colcon_core.package_identification:_identify(src/custom_action_cpp) by extension 'ignore_ament_install'
[0.338s] Level 1:colcon.colcon_core.package_identification:_identify(src/custom_action_cpp) by extensions ['colcon_pkg']
[0.338s] Level 1:colcon.colcon_core.package_identification:_identify(src/custom_action_cpp) by extension 'colcon_pkg'
[0.338s] Level 1:colcon.colcon_core.package_identification:_identify(src/custom_action_cpp) by extensions ['colcon_meta']
[0.338s] Level 1:colcon.colcon_core.package_identification:_identify(src/custom_action_cpp) by extension 'colcon_meta'
[0.339s] Level 1:colcon.colcon_core.package_identification:_identify(src/custom_action_cpp) by extensions ['ros']
[0.339s] Level 1:colcon.colcon_core.package_identification:_identify(src/custom_action_cpp) by extension 'ros'
[0.342s] DEBUG:colcon.colcon_core.package_identification:Package 'src/custom_action_cpp' with type 'ros.ament_cmake' and name 'custom_action_cpp'
[0.343s] Level 1:colcon.colcon_core.package_identification:_identify(src/custom_action_interfaces) by extensions ['ignore', 'ignore_ament_install']
[0.344s] Level 1:colcon.colcon_core.package_identification:_identify(src/custom_action_interfaces) by extension 'ignore'
[0.344s] Level 1:colcon.colcon_core.package_identification:_identify(src/custom_action_interfaces) by extension 'ignore_ament_install'
[0.344s] Level 1:colcon.colcon_core.package_identification:_identify(src/custom_action_interfaces) by extensions ['colcon_pkg']
[0.344s] Level 1:colcon.colcon_core.package_identification:_identify(src/custom_action_interfaces) by extension 'colcon_pkg'
[0.344s] Level 1:colcon.colcon_core.package_identification:_identify(src/custom_action_interfaces) by extensions ['colcon_meta']
[0.345s] Level 1:colcon.colcon_core.package_identification:_identify(src/custom_action_interfaces) by extension 'colcon_meta'
[0.345s] Level 1:colcon.colcon_core.package_identification:_identify(src/custom_action_interfaces) by extensions ['ros']
[0.345s] Level 1:colcon.colcon_core.package_identification:_identify(src/custom_action_interfaces) by extension 'ros'
[0.346s] DEBUG:colcon.colcon_core.package_identification:Package 'src/custom_action_interfaces' with type 'ros.ament_cmake' and name 'custom_action_interfaces'
[0.346s] Level 1:colcon.colcon_core.package_discovery:discover_packages(recursive) using defaults
[0.347s] Level 1:colcon.colcon_core.package_discovery:discover_packages(ignore) discover
[0.347s] Level 1:colcon.colcon_core.package_discovery:discover_packages(ignore) using defaults
[0.347s] Level 1:colcon.colcon_core.package_discovery:discover_packages(path) discover
[0.347s] Level 1:colcon.colcon_core.package_discovery:discover_packages(path) using defaults
[0.373s] Level 1:colcon.colcon_core.package_discovery:discover_packages(prefix_path) check parameters
[0.373s] Level 1:colcon.colcon_core.package_discovery:discover_packages(prefix_path) discover
[0.377s] DEBUG:colcon.colcon_installed_package_information.package_discovery:Found 285 installed packages in /opt/ros/jazzy
[0.378s] Level 1:colcon.colcon_core.package_discovery:discover_packages(prefix_path) using defaults
[0.421s] Level 5:colcon.colcon_core.verb:set package 'custom_action_interfaces' build argument 'cmake_args' from command line to 'None'
[0.421s] Level 5:colcon.colcon_core.verb:set package 'custom_action_interfaces' build argument 'cmake_target' from command line to 'None'
[0.422s] Level 5:colcon.colcon_core.verb:set package 'custom_action_interfaces' build argument 'cmake_target_skip_unavailable' from command line to 'False'
[0.422s] Level 5:colcon.colcon_core.verb:set package 'custom_action_interfaces' build argument 'cmake_clean_cache' from command line to 'False'
[0.422s] Level 5:colcon.colcon_core.verb:set package 'custom_action_interfaces' build argument 'cmake_clean_first' from command line to 'False'
[0.422s] Level 5:colcon.colcon_core.verb:set package 'custom_action_interfaces' build argument 'cmake_force_configure' from command line to 'False'
[0.422s] Level 5:colcon.colcon_core.verb:set package 'custom_action_interfaces' build argument 'ament_cmake_args' from command line to 'None'
[0.423s] Level 5:colcon.colcon_core.verb:set package 'custom_action_interfaces' build argument 'catkin_cmake_args' from command line to 'None'
[0.423s] Level 5:colcon.colcon_core.verb:set package 'custom_action_interfaces' build argument 'catkin_skip_building_tests' from command line to 'False'
[0.423s] DEBUG:colcon.colcon_core.verb:Building package 'custom_action_interfaces' with the following arguments: {'ament_cmake_args': None, 'build_base': '/Users/alessandrochinello/distrobox/ubuntu_ros/lab/Lab3/build/custom_action_interfaces', 'catkin_cmake_args': None, 'catkin_skip_building_tests': False, 'cmake_args': None, 'cmake_clean_cache': False, 'cmake_clean_first': False, 'cmake_force_configure': False, 'cmake_target': None, 'cmake_target_skip_unavailable': False, 'install_base': '/Users/alessandrochinello/distrobox/ubuntu_ros/lab/Lab3/install/custom_action_interfaces', 'merge_install': False, 'path': '/Users/alessandrochinello/distrobox/ubuntu_ros/lab/Lab3/src/custom_action_interfaces', 'symlink_install': False, 'test_result_base': None}
[0.424s] Level 5:colcon.colcon_core.verb:set package 'custom_action_cpp' build argument 'cmake_args' from command line to 'None'
[0.424s] Level 5:colcon.colcon_core.verb:set package 'custom_action_cpp' build argument 'cmake_target' from command line to 'None'
[0.424s] Level 5:colcon.colcon_core.verb:set package 'custom_action_cpp' build argument 'cmake_target_skip_unavailable' from command line to 'False'
[0.424s] Level 5:colcon.colcon_core.verb:set package 'custom_action_cpp' build argument 'cmake_clean_cache' from command line to 'False'
[0.424s] Level 5:colcon.colcon_core.verb:set package 'custom_action_cpp' build argument 'cmake_clean_first' from command line to 'False'
[0.424s] Level 5:colcon.colcon_core.verb:set package 'custom_action_cpp' build argument 'cmake_force_configure' from command line to 'False'
[0.425s] Level 5:colcon.colcon_core.verb:set package 'custom_action_cpp' build argument 'ament_cmake_args' from command line to 'None'
[0.425s] Level 5:colcon.colcon_core.verb:set package 'custom_action_cpp' build argument 'catkin_cmake_args' from command line to 'None'
[0.425s] Level 5:colcon.colcon_core.verb:set package 'custom_action_cpp' build argument 'catkin_skip_building_tests' from command line to 'False'
[0.425s] DEBUG:colcon.colcon_core.verb:Building package 'custom_action_cpp' with the following arguments: {'ament_cmake_args': None, 'build_base': '/Users/alessandrochinello/distrobox/ubuntu_ros/lab/Lab3/build/custom_action_cpp', 'catkin_cmake_args': None, 'catkin_skip_building_tests': False, 'cmake_args': None, 'cmake_clean_cache': False, 'cmake_clean_first': False, 'cmake_force_configure': False, 'cmake_target': None, 'cmake_target_skip_unavailable': False, 'install_base': '/Users/alessandrochinello/distrobox/ubuntu_ros/lab/Lab3/install/custom_action_cpp', 'merge_install': False, 'path': '/Users/alessandrochinello/distrobox/ubuntu_ros/lab/Lab3/src/custom_action_cpp', 'symlink_install': False, 'test_result_base': None}
[0.426s] INFO:colcon.colcon_core.executor:Executing jobs using 'parallel' executor
[0.427s] DEBUG:colcon.colcon_parallel_executor.executor.parallel:run_until_complete
[0.427s] INFO:colcon.colcon_ros.task.ament_cmake.build:Building ROS package in '/Users/alessandrochinello/distrobox/ubuntu_ros/lab/Lab3/src/custom_action_interfaces' with build type 'ament_cmake'
[0.427s] INFO:colcon.colcon_cmake.task.cmake.build:Building CMake package in '/Users/alessandrochinello/distrobox/ubuntu_ros/lab/Lab3/src/custom_action_interfaces'
[0.432s] INFO:colcon.colcon_core.plugin_system:Skipping extension 'colcon_core.shell.bat': Not used on non-Windows systems
[0.433s] INFO:colcon.colcon_core.shell:Skip shell extension 'powershell' for command environment: Not usable outside of PowerShell
[0.433s] DEBUG:colcon.colcon_core.shell:Skip shell extension 'dsv' for command environment
[0.464s] DEBUG:colcon.colcon_core.event_handler.log_command:Invoking command in '/Users/alessandrochinello/distrobox/ubuntu_ros/lab/Lab3/build/custom_action_interfaces': CMAKE_PREFIX_PATH=${CMAKE_PREFIX_PATH}:/opt/ros/jazzy CXXFLAGS=-I/opt/homebrew/Cellar/opencv/4.11.0_1/include/opencv4 /usr/bin/cmake /Users/alessandrochinello/distrobox/ubuntu_ros/lab/Lab3/src/custom_action_interfaces -DCMAKE_INSTALL_PREFIX=/Users/alessandrochinello/distrobox/ubuntu_ros/lab/Lab3/install/custom_action_interfaces
[4.863s] DEBUG:colcon.colcon_core.event_handler.log_command:Invoked command in '/Users/alessandrochinello/distrobox/ubuntu_ros/lab/Lab3/build/custom_action_interfaces' returned '0': CMAKE_PREFIX_PATH=${CMAKE_PREFIX_PATH}:/opt/ros/jazzy CXXFLAGS=-I/opt/homebrew/Cellar/opencv/4.11.0_1/include/opencv4 /usr/bin/cmake /Users/alessandrochinello/distrobox/ubuntu_ros/lab/Lab3/src/custom_action_interfaces -DCMAKE_INSTALL_PREFIX=/Users/alessandrochinello/distrobox/ubuntu_ros/lab/Lab3/install/custom_action_interfaces
[4.869s] DEBUG:colcon.colcon_core.event_handler.log_command:Invoking command in '/Users/alessandrochinello/distrobox/ubuntu_ros/lab/Lab3/build/custom_action_interfaces': CMAKE_PREFIX_PATH=${CMAKE_PREFIX_PATH}:/opt/ros/jazzy CXXFLAGS=-I/opt/homebrew/Cellar/opencv/4.11.0_1/include/opencv4 /usr/bin/cmake --build /Users/alessandrochinello/distrobox/ubuntu_ros/lab/Lab3/build/custom_action_interfaces -- -j4 -l4
[13.277s] DEBUG:colcon.colcon_core.event_handler.log_command:Invoked command in '/Users/alessandrochinello/distrobox/ubuntu_ros/lab/Lab3/build/custom_action_interfaces' returned '0': CMAKE_PREFIX_PATH=${CMAKE_PREFIX_PATH}:/opt/ros/jazzy CXXFLAGS=-I/opt/homebrew/Cellar/opencv/4.11.0_1/include/opencv4 /usr/bin/cmake --build /Users/alessandrochinello/distrobox/ubuntu_ros/lab/Lab3/build/custom_action_interfaces -- -j4 -l4
[13.298s] DEBUG:colcon.colcon_core.event_handler.log_command:Invoking command in '/Users/alessandrochinello/distrobox/ubuntu_ros/lab/Lab3/build/custom_action_interfaces': CMAKE_PREFIX_PATH=${CMAKE_PREFIX_PATH}:/opt/ros/jazzy CXXFLAGS=-I/opt/homebrew/Cellar/opencv/4.11.0_1/include/opencv4 /usr/bin/cmake --install /Users/alessandrochinello/distrobox/ubuntu_ros/lab/Lab3/build/custom_action_interfaces
[13.879s] Level 1:colcon.colcon_core.environment:create_environment_scripts_only(custom_action_interfaces)
[13.882s] DEBUG:colcon.colcon_core.event_handler.log_command:Invoked command in '/Users/alessandrochinello/distrobox/ubuntu_ros/lab/Lab3/build/custom_action_interfaces' returned '0': CMAKE_PREFIX_PATH=${CMAKE_PREFIX_PATH}:/opt/ros/jazzy CXXFLAGS=-I/opt/homebrew/Cellar/opencv/4.11.0_1/include/opencv4 /usr/bin/cmake --install /Users/alessandrochinello/distrobox/ubuntu_ros/lab/Lab3/build/custom_action_interfaces
[13.889s] Level 1:colcon.colcon_core.environment:checking '/Users/alessandrochinello/distrobox/ubuntu_ros/lab/Lab3/install/custom_action_interfaces' for CMake module files
[13.893s] Level 1:colcon.colcon_core.environment:checking '/Users/alessandrochinello/distrobox/ubuntu_ros/lab/Lab3/install/custom_action_interfaces' for CMake config files
[13.898s] Level 1:colcon.colcon_core.shell:create_environment_hook('custom_action_interfaces', 'cmake_prefix_path')
[13.899s] INFO:colcon.colcon_core.shell:Creating environment hook '/Users/alessandrochinello/distrobox/ubuntu_ros/lab/Lab3/install/custom_action_interfaces/share/custom_action_interfaces/hook/cmake_prefix_path.ps1'
[13.901s] INFO:colcon.colcon_core.shell:Creating environment descriptor '/Users/alessandrochinello/distrobox/ubuntu_ros/lab/Lab3/install/custom_action_interfaces/share/custom_action_interfaces/hook/cmake_prefix_path.dsv'
[13.903s] INFO:colcon.colcon_core.shell:Creating environment hook '/Users/alessandrochinello/distrobox/ubuntu_ros/lab/Lab3/install/custom_action_interfaces/share/custom_action_interfaces/hook/cmake_prefix_path.sh'
[13.906s] Level 1:colcon.colcon_core.environment:checking '/Users/alessandrochinello/distrobox/ubuntu_ros/lab/Lab3/install/custom_action_interfaces/lib'
[13.907s] Level 1:colcon.colcon_core.shell:create_environment_hook('custom_action_interfaces', 'ld_library_path_lib')
[13.907s] INFO:colcon.colcon_core.shell:Creating environment hook '/Users/alessandrochinello/distrobox/ubuntu_ros/lab/Lab3/install/custom_action_interfaces/share/custom_action_interfaces/hook/ld_library_path_lib.ps1'
[13.909s] INFO:colcon.colcon_core.shell:Creating environment descriptor '/Users/alessandrochinello/distrobox/ubuntu_ros/lab/Lab3/install/custom_action_interfaces/share/custom_action_interfaces/hook/ld_library_path_lib.dsv'
[13.910s] INFO:colcon.colcon_core.shell:Creating environment hook '/Users/alessandrochinello/distrobox/ubuntu_ros/lab/Lab3/install/custom_action_interfaces/share/custom_action_interfaces/hook/ld_library_path_lib.sh'
[13.912s] Level 1:colcon.colcon_core.environment:checking '/Users/alessandrochinello/distrobox/ubuntu_ros/lab/Lab3/install/custom_action_interfaces/bin'
[13.912s] Level 1:colcon.colcon_core.environment:checking '/Users/alessandrochinello/distrobox/ubuntu_ros/lab/Lab3/install/custom_action_interfaces/lib/pkgconfig/custom_action_interfaces.pc'
[13.913s] Level 1:colcon.colcon_core.environment:checking '/Users/alessandrochinello/distrobox/ubuntu_ros/lab/Lab3/install/custom_action_interfaces/lib/python3.12/site-packages'
[13.913s] Level 1:colcon.colcon_core.shell:create_environment_hook('custom_action_interfaces', 'pythonpath')
[13.914s] INFO:colcon.colcon_core.shell:Creating environment hook '/Users/alessandrochinello/distrobox/ubuntu_ros/lab/Lab3/install/custom_action_interfaces/share/custom_action_interfaces/hook/pythonpath.ps1'
[13.916s] INFO:colcon.colcon_core.shell:Creating environment descriptor '/Users/alessandrochinello/distrobox/ubuntu_ros/lab/Lab3/install/custom_action_interfaces/share/custom_action_interfaces/hook/pythonpath.dsv'
[13.917s] INFO:colcon.colcon_core.shell:Creating environment hook '/Users/alessandrochinello/distrobox/ubuntu_ros/lab/Lab3/install/custom_action_interfaces/share/custom_action_interfaces/hook/pythonpath.sh'
[13.921s] Level 1:colcon.colcon_core.environment:checking '/Users/alessandrochinello/distrobox/ubuntu_ros/lab/Lab3/install/custom_action_interfaces/bin'
[13.922s] INFO:colcon.colcon_core.shell:Creating package script '/Users/alessandrochinello/distrobox/ubuntu_ros/lab/Lab3/install/custom_action_interfaces/share/custom_action_interfaces/package.ps1'
[13.924s] INFO:colcon.colcon_core.shell:Creating package descriptor '/Users/alessandrochinello/distrobox/ubuntu_ros/lab/Lab3/install/custom_action_interfaces/share/custom_action_interfaces/package.dsv'
[13.926s] INFO:colcon.colcon_core.shell:Creating package script '/Users/alessandrochinello/distrobox/ubuntu_ros/lab/Lab3/install/custom_action_interfaces/share/custom_action_interfaces/package.sh'
[13.928s] INFO:colcon.colcon_core.shell:Creating package script '/Users/alessandrochinello/distrobox/ubuntu_ros/lab/Lab3/install/custom_action_interfaces/share/custom_action_interfaces/package.bash'
[13.930s] INFO:colcon.colcon_core.shell:Creating package script '/Users/alessandrochinello/distrobox/ubuntu_ros/lab/Lab3/install/custom_action_interfaces/share/custom_action_interfaces/package.zsh'
[13.932s] Level 1:colcon.colcon_core.environment:create_file_with_runtime_dependencies(/Users/alessandrochinello/distrobox/ubuntu_ros/lab/Lab3/install/custom_action_interfaces/share/colcon-core/packages/custom_action_interfaces)
[13.936s] Level 1:colcon.colcon_core.environment:create_environment_scripts_only(custom_action_interfaces)
[13.937s] Level 1:colcon.colcon_core.environment:checking '/Users/alessandrochinello/distrobox/ubuntu_ros/lab/Lab3/install/custom_action_interfaces' for CMake module files
[13.941s] Level 1:colcon.colcon_core.environment:checking '/Users/alessandrochinello/distrobox/ubuntu_ros/lab/Lab3/install/custom_action_interfaces' for CMake config files
[13.950s] Level 1:colcon.colcon_core.shell:create_environment_hook('custom_action_interfaces', 'cmake_prefix_path')
[13.951s] INFO:colcon.colcon_core.shell:Creating environment hook '/Users/alessandrochinello/distrobox/ubuntu_ros/lab/Lab3/install/custom_action_interfaces/share/custom_action_interfaces/hook/cmake_prefix_path.ps1'
[13.953s] INFO:colcon.colcon_core.shell:Creating environment descriptor '/Users/alessandrochinello/distrobox/ubuntu_ros/lab/Lab3/install/custom_action_interfaces/share/custom_action_interfaces/hook/cmake_prefix_path.dsv'
[13.954s] INFO:colcon.colcon_core.shell:Creating environment hook '/Users/alessandrochinello/distrobox/ubuntu_ros/lab/Lab3/install/custom_action_interfaces/share/custom_action_interfaces/hook/cmake_prefix_path.sh'
[13.956s] Level 1:colcon.colcon_core.environment:checking '/Users/alessandrochinello/distrobox/ubuntu_ros/lab/Lab3/install/custom_action_interfaces/lib'
[13.957s] Level 1:colcon.colcon_core.shell:create_environment_hook('custom_action_interfaces', 'ld_library_path_lib')
[13.957s] INFO:colcon.colcon_core.shell:Creating environment hook '/Users/alessandrochinello/distrobox/ubuntu_ros/lab/Lab3/install/custom_action_interfaces/share/custom_action_interfaces/hook/ld_library_path_lib.ps1'
[13.959s] INFO:colcon.colcon_core.shell:Creating environment descriptor '/Users/alessandrochinello/distrobox/ubuntu_ros/lab/Lab3/install/custom_action_interfaces/share/custom_action_interfaces/hook/ld_library_path_lib.dsv'
[13.960s] INFO:colcon.colcon_core.shell:Creating environment hook '/Users/alessandrochinello/distrobox/ubuntu_ros/lab/Lab3/install/custom_action_interfaces/share/custom_action_interfaces/hook/ld_library_path_lib.sh'
[13.962s] Level 1:colcon.colcon_core.environment:checking '/Users/alessandrochinello/distrobox/ubuntu_ros/lab/Lab3/install/custom_action_interfaces/bin'
[13.962s] Level 1:colcon.colcon_core.environment:checking '/Users/alessandrochinello/distrobox/ubuntu_ros/lab/Lab3/install/custom_action_interfaces/lib/pkgconfig/custom_action_interfaces.pc'
[13.963s] Level 1:colcon.colcon_core.environment:checking '/Users/alessandrochinello/distrobox/ubuntu_ros/lab/Lab3/install/custom_action_interfaces/lib/python3.12/site-packages'
[13.963s] Level 1:colcon.colcon_core.shell:create_environment_hook('custom_action_interfaces', 'pythonpath')
[13.963s] INFO:colcon.colcon_core.shell:Creating environment hook '/Users/alessandrochinello/distrobox/ubuntu_ros/lab/Lab3/install/custom_action_interfaces/share/custom_action_interfaces/hook/pythonpath.ps1'
[13.965s] INFO:colcon.colcon_core.shell:Creating environment descriptor '/Users/alessandrochinello/distrobox/ubuntu_ros/lab/Lab3/install/custom_action_interfaces/share/custom_action_interfaces/hook/pythonpath.dsv'
[13.966s] INFO:colcon.colcon_core.shell:Creating environment hook '/Users/alessandrochinello/distrobox/ubuntu_ros/lab/Lab3/install/custom_action_interfaces/share/custom_action_interfaces/hook/pythonpath.sh'
[13.968s] Level 1:colcon.colcon_core.environment:checking '/Users/alessandrochinello/distrobox/ubuntu_ros/lab/Lab3/install/custom_action_interfaces/bin'
[13.968s] INFO:colcon.colcon_core.shell:Creating package script '/Users/alessandrochinello/distrobox/ubuntu_ros/lab/Lab3/install/custom_action_interfaces/share/custom_action_interfaces/package.ps1'
[13.970s] INFO:colcon.colcon_core.shell:Creating package descriptor '/Users/alessandrochinello/distrobox/ubuntu_ros/lab/Lab3/install/custom_action_interfaces/share/custom_action_interfaces/package.dsv'
[13.971s] INFO:colcon.colcon_core.shell:Creating package script '/Users/alessandrochinello/distrobox/ubuntu_ros/lab/Lab3/install/custom_action_interfaces/share/custom_action_interfaces/package.sh'
[13.973s] INFO:colcon.colcon_core.shell:Creating package script '/Users/alessandrochinello/distrobox/ubuntu_ros/lab/Lab3/install/custom_action_interfaces/share/custom_action_interfaces/package.bash'
[13.974s] INFO:colcon.colcon_core.shell:Creating package script '/Users/alessandrochinello/distrobox/ubuntu_ros/lab/Lab3/install/custom_action_interfaces/share/custom_action_interfaces/package.zsh'
[13.975s] Level 1:colcon.colcon_core.environment:create_file_with_runtime_dependencies(/Users/alessandrochinello/distrobox/ubuntu_ros/lab/Lab3/install/custom_action_interfaces/share/colcon-core/packages/custom_action_interfaces)
[13.977s] INFO:colcon.colcon_ros.task.ament_cmake.build:Building ROS package in '/Users/alessandrochinello/distrobox/ubuntu_ros/lab/Lab3/src/custom_action_cpp' with build type 'ament_cmake'
[13.977s] INFO:colcon.colcon_cmake.task.cmake.build:Building CMake package in '/Users/alessandrochinello/distrobox/ubuntu_ros/lab/Lab3/src/custom_action_cpp'
[13.978s] INFO:colcon.colcon_core.shell:Skip shell extension 'powershell' for command environment: Not usable outside of PowerShell
[13.978s] DEBUG:colcon.colcon_core.shell:Skip shell extension 'dsv' for command environment
[14.003s] DEBUG:colcon.colcon_core.event_handler.log_command:Invoking command in '/Users/alessandrochinello/distrobox/ubuntu_ros/lab/Lab3/build/custom_action_cpp': AMENT_PREFIX_PATH=/Users/alessandrochinello/distrobox/ubuntu_ros/lab/Lab3/install/custom_action_interfaces:${AMENT_PREFIX_PATH} CMAKE_PREFIX_PATH=/Users/alessandrochinello/distrobox/ubuntu_ros/lab/Lab3/install/custom_action_interfaces:/opt/ros/jazzy/opt/gz_math_vendor:/opt/ros/jazzy/opt/gz_utils_vendor:/opt/ros/jazzy/opt/gz_cmake_vendor:/opt/ros/jazzy CXXFLAGS=-I/opt/homebrew/Cellar/opencv/4.11.0_1/include/opencv4 LD_LIBRARY_PATH=/Users/alessandrochinello/distrobox/ubuntu_ros/lab/Lab3/install/custom_action_interfaces/lib:${LD_LIBRARY_PATH} PYTHONPATH=/Users/alessandrochinello/distrobox/ubuntu_ros/lab/Lab3/install/custom_action_interfaces/lib/python3.12/site-packages:${PYTHONPATH} /usr/bin/cmake /Users/alessandrochinello/distrobox/ubuntu_ros/lab/Lab3/src/custom_action_cpp -DCMAKE_INSTALL_PREFIX=/Users/alessandrochinello/distrobox/ubuntu_ros/lab/Lab3/install/custom_action_cpp
[17.157s] DEBUG:colcon.colcon_core.event_handler.log_command:Invoked command in '/Users/alessandrochinello/distrobox/ubuntu_ros/lab/Lab3/build/custom_action_cpp' returned '0': AMENT_PREFIX_PATH=/Users/alessandrochinello/distrobox/ubuntu_ros/lab/Lab3/install/custom_action_interfaces:${AMENT_PREFIX_PATH} CMAKE_PREFIX_PATH=/Users/alessandrochinello/distrobox/ubuntu_ros/lab/Lab3/install/custom_action_interfaces:/opt/ros/jazzy/opt/gz_math_vendor:/opt/ros/jazzy/opt/gz_utils_vendor:/opt/ros/jazzy/opt/gz_cmake_vendor:/opt/ros/jazzy CXXFLAGS=-I/opt/homebrew/Cellar/opencv/4.11.0_1/include/opencv4 LD_LIBRARY_PATH=/Users/alessandrochinello/distrobox/ubuntu_ros/lab/Lab3/install/custom_action_interfaces/lib:${LD_LIBRARY_PATH} PYTHONPATH=/Users/alessandrochinello/distrobox/ubuntu_ros/lab/Lab3/install/custom_action_interfaces/lib/python3.12/site-packages:${PYTHONPATH} /usr/bin/cmake /Users/alessandrochinello/distrobox/ubuntu_ros/lab/Lab3/src/custom_action_cpp -DCMAKE_INSTALL_PREFIX=/Users/alessandrochinello/distrobox/ubuntu_ros/lab/Lab3/install/custom_action_cpp
[17.162s] DEBUG:colcon.colcon_core.event_handler.log_command:Invoking command in '/Users/alessandrochinello/distrobox/ubuntu_ros/lab/Lab3/build/custom_action_cpp': AMENT_PREFIX_PATH=/Users/alessandrochinello/distrobox/ubuntu_ros/lab/Lab3/install/custom_action_interfaces:${AMENT_PREFIX_PATH} CMAKE_PREFIX_PATH=/Users/alessandrochinello/distrobox/ubuntu_ros/lab/Lab3/install/custom_action_interfaces:/opt/ros/jazzy/opt/gz_math_vendor:/opt/ros/jazzy/opt/gz_utils_vendor:/opt/ros/jazzy/opt/gz_cmake_vendor:/opt/ros/jazzy CXXFLAGS=-I/opt/homebrew/Cellar/opencv/4.11.0_1/include/opencv4 LD_LIBRARY_PATH=/Users/alessandrochinello/distrobox/ubuntu_ros/lab/Lab3/install/custom_action_interfaces/lib:${LD_LIBRARY_PATH} PYTHONPATH=/Users/alessandrochinello/distrobox/ubuntu_ros/lab/Lab3/install/custom_action_interfaces/lib/python3.12/site-packages:${PYTHONPATH} /usr/bin/cmake --build /Users/alessandrochinello/distrobox/ubuntu_ros/lab/Lab3/build/custom_action_cpp -- -j4 -l4
[32.101s] DEBUG:colcon.colcon_core.event_handler.log_command:Invoked command in '/Users/alessandrochinello/distrobox/ubuntu_ros/lab/Lab3/build/custom_action_cpp' returned '0': AMENT_PREFIX_PATH=/Users/alessandrochinello/distrobox/ubuntu_ros/lab/Lab3/install/custom_action_interfaces:${AMENT_PREFIX_PATH} CMAKE_PREFIX_PATH=/Users/alessandrochinello/distrobox/ubuntu_ros/lab/Lab3/install/custom_action_interfaces:/opt/ros/jazzy/opt/gz_math_vendor:/opt/ros/jazzy/opt/gz_utils_vendor:/opt/ros/jazzy/opt/gz_cmake_vendor:/opt/ros/jazzy CXXFLAGS=-I/opt/homebrew/Cellar/opencv/4.11.0_1/include/opencv4 LD_LIBRARY_PATH=/Users/alessandrochinello/distrobox/ubuntu_ros/lab/Lab3/install/custom_action_interfaces/lib:${LD_LIBRARY_PATH} PYTHONPATH=/Users/alessandrochinello/distrobox/ubuntu_ros/lab/Lab3/install/custom_action_interfaces/lib/python3.12/site-packages:${PYTHONPATH} /usr/bin/cmake --build /Users/alessandrochinello/distrobox/ubuntu_ros/lab/Lab3/build/custom_action_cpp -- -j4 -l4
[32.106s] DEBUG:colcon.colcon_core.event_handler.log_command:Invoking command in '/Users/alessandrochinello/distrobox/ubuntu_ros/lab/Lab3/build/custom_action_cpp': AMENT_PREFIX_PATH=/Users/alessandrochinello/distrobox/ubuntu_ros/lab/Lab3/install/custom_action_interfaces:${AMENT_PREFIX_PATH} CMAKE_PREFIX_PATH=/Users/alessandrochinello/distrobox/ubuntu_ros/lab/Lab3/install/custom_action_interfaces:/opt/ros/jazzy/opt/gz_math_vendor:/opt/ros/jazzy/opt/gz_utils_vendor:/opt/ros/jazzy/opt/gz_cmake_vendor:/opt/ros/jazzy CXXFLAGS=-I/opt/homebrew/Cellar/opencv/4.11.0_1/include/opencv4 LD_LIBRARY_PATH=/Users/alessandrochinello/distrobox/ubuntu_ros/lab/Lab3/install/custom_action_interfaces/lib:${LD_LIBRARY_PATH} PYTHONPATH=/Users/alessandrochinello/distrobox/ubuntu_ros/lab/Lab3/install/custom_action_interfaces/lib/python3.12/site-packages:${PYTHONPATH} /usr/bin/cmake --install /Users/alessandrochinello/distrobox/ubuntu_ros/lab/Lab3/build/custom_action_cpp
[32.320s] Level 1:colcon.colcon_core.environment:create_environment_scripts_only(custom_action_cpp)
[32.321s] Level 1:colcon.colcon_core.environment:checking '/Users/alessandrochinello/distrobox/ubuntu_ros/lab/Lab3/install/custom_action_cpp' for CMake module files
[32.322s] DEBUG:colcon.colcon_core.event_handler.log_command:Invoked command in '/Users/alessandrochinello/distrobox/ubuntu_ros/lab/Lab3/build/custom_action_cpp' returned '0': AMENT_PREFIX_PATH=/Users/alessandrochinello/distrobox/ubuntu_ros/lab/Lab3/install/custom_action_interfaces:${AMENT_PREFIX_PATH} CMAKE_PREFIX_PATH=/Users/alessandrochinello/distrobox/ubuntu_ros/lab/Lab3/install/custom_action_interfaces:/opt/ros/jazzy/opt/gz_math_vendor:/opt/ros/jazzy/opt/gz_utils_vendor:/opt/ros/jazzy/opt/gz_cmake_vendor:/opt/ros/jazzy CXXFLAGS=-I/opt/homebrew/Cellar/opencv/4.11.0_1/include/opencv4 LD_LIBRARY_PATH=/Users/alessandrochinello/distrobox/ubuntu_ros/lab/Lab3/install/custom_action_interfaces/lib:${LD_LIBRARY_PATH} PYTHONPATH=/Users/alessandrochinello/distrobox/ubuntu_ros/lab/Lab3/install/custom_action_interfaces/lib/python3.12/site-packages:${PYTHONPATH} /usr/bin/cmake --install /Users/alessandrochinello/distrobox/ubuntu_ros/lab/Lab3/build/custom_action_cpp
[32.327s] Level 1:colcon.colcon_core.environment:checking '/Users/alessandrochinello/distrobox/ubuntu_ros/lab/Lab3/install/custom_action_cpp' for CMake config files
[32.331s] Level 1:colcon.colcon_core.shell:create_environment_hook('custom_action_cpp', 'cmake_prefix_path')
[32.331s] INFO:colcon.colcon_core.shell:Creating environment hook '/Users/alessandrochinello/distrobox/ubuntu_ros/lab/Lab3/install/custom_action_cpp/share/custom_action_cpp/hook/cmake_prefix_path.ps1'
[32.336s] INFO:colcon.colcon_core.shell:Creating environment descriptor '/Users/alessandrochinello/distrobox/ubuntu_ros/lab/Lab3/install/custom_action_cpp/share/custom_action_cpp/hook/cmake_prefix_path.dsv'
[32.340s] INFO:colcon.colcon_core.shell:Creating environment hook '/Users/alessandrochinello/distrobox/ubuntu_ros/lab/Lab3/install/custom_action_cpp/share/custom_action_cpp/hook/cmake_prefix_path.sh'
[32.343s] Level 1:colcon.colcon_core.environment:checking '/Users/alessandrochinello/distrobox/ubuntu_ros/lab/Lab3/install/custom_action_cpp/lib'
[32.343s] Level 1:colcon.colcon_core.shell:create_environment_hook('custom_action_cpp', 'ld_library_path_lib')
[32.344s] INFO:colcon.colcon_core.shell:Creating environment hook '/Users/alessandrochinello/distrobox/ubuntu_ros/lab/Lab3/install/custom_action_cpp/share/custom_action_cpp/hook/ld_library_path_lib.ps1'
[32.345s] INFO:colcon.colcon_core.shell:Creating environment descriptor '/Users/alessandrochinello/distrobox/ubuntu_ros/lab/Lab3/install/custom_action_cpp/share/custom_action_cpp/hook/ld_library_path_lib.dsv'
[32.346s] INFO:colcon.colcon_core.shell:Creating environment hook '/Users/alessandrochinello/distrobox/ubuntu_ros/lab/Lab3/install/custom_action_cpp/share/custom_action_cpp/hook/ld_library_path_lib.sh'
[32.347s] Level 1:colcon.colcon_core.environment:checking '/Users/alessandrochinello/distrobox/ubuntu_ros/lab/Lab3/install/custom_action_cpp/bin'
[32.348s] Level 1:colcon.colcon_core.environment:checking '/Users/alessandrochinello/distrobox/ubuntu_ros/lab/Lab3/install/custom_action_cpp/lib/pkgconfig/custom_action_cpp.pc'
[32.348s] Level 1:colcon.colcon_core.environment:checking '/Users/alessandrochinello/distrobox/ubuntu_ros/lab/Lab3/install/custom_action_cpp/lib/python3.12/site-packages'
[32.349s] Level 1:colcon.colcon_core.environment:checking '/Users/alessandrochinello/distrobox/ubuntu_ros/lab/Lab3/install/custom_action_cpp/bin'
[32.349s] INFO:colcon.colcon_core.shell:Creating package script '/Users/alessandrochinello/distrobox/ubuntu_ros/lab/Lab3/install/custom_action_cpp/share/custom_action_cpp/package.ps1'
[32.351s] INFO:colcon.colcon_core.shell:Creating package descriptor '/Users/alessandrochinello/distrobox/ubuntu_ros/lab/Lab3/install/custom_action_cpp/share/custom_action_cpp/package.dsv'
[32.353s] INFO:colcon.colcon_core.shell:Creating package script '/Users/alessandrochinello/distrobox/ubuntu_ros/lab/Lab3/install/custom_action_cpp/share/custom_action_cpp/package.sh'
[32.354s] INFO:colcon.colcon_core.shell:Creating package script '/Users/alessandrochinello/distrobox/ubuntu_ros/lab/Lab3/install/custom_action_cpp/share/custom_action_cpp/package.bash'
[32.356s] INFO:colcon.colcon_core.shell:Creating package script '/Users/alessandrochinello/distrobox/ubuntu_ros/lab/Lab3/install/custom_action_cpp/share/custom_action_cpp/package.zsh'
[32.358s] Level 1:colcon.colcon_core.environment:create_file_with_runtime_dependencies(/Users/alessandrochinello/distrobox/ubuntu_ros/lab/Lab3/install/custom_action_cpp/share/colcon-core/packages/custom_action_cpp)
[32.361s] Level 1:colcon.colcon_core.environment:create_environment_scripts_only(custom_action_cpp)
[32.362s] Level 1:colcon.colcon_core.environment:checking '/Users/alessandrochinello/distrobox/ubuntu_ros/lab/Lab3/install/custom_action_cpp' for CMake module files
[32.370s] Level 1:colcon.colcon_core.environment:checking '/Users/alessandrochinello/distrobox/ubuntu_ros/lab/Lab3/install/custom_action_cpp' for CMake config files
[32.382s] Level 1:colcon.colcon_core.shell:create_environment_hook('custom_action_cpp', 'cmake_prefix_path')
[32.383s] INFO:colcon.colcon_core.shell:Creating environment hook '/Users/alessandrochinello/distrobox/ubuntu_ros/lab/Lab3/install/custom_action_cpp/share/custom_action_cpp/hook/cmake_prefix_path.ps1'
[32.385s] INFO:colcon.colcon_core.shell:Creating environment descriptor '/Users/alessandrochinello/distrobox/ubuntu_ros/lab/Lab3/install/custom_action_cpp/share/custom_action_cpp/hook/cmake_prefix_path.dsv'
[32.388s] INFO:colcon.colcon_core.shell:Creating environment hook '/Users/alessandrochinello/distrobox/ubuntu_ros/lab/Lab3/install/custom_action_cpp/share/custom_action_cpp/hook/cmake_prefix_path.sh'
[32.391s] Level 1:colcon.colcon_core.environment:checking '/Users/alessandrochinello/distrobox/ubuntu_ros/lab/Lab3/install/custom_action_cpp/lib'
[32.391s] Level 1:colcon.colcon_core.shell:create_environment_hook('custom_action_cpp', 'ld_library_path_lib')
[32.392s] INFO:colcon.colcon_core.shell:Creating environment hook '/Users/alessandrochinello/distrobox/ubuntu_ros/lab/Lab3/install/custom_action_cpp/share/custom_action_cpp/hook/ld_library_path_lib.ps1'
[32.395s] INFO:colcon.colcon_core.shell:Creating environment descriptor '/Users/alessandrochinello/distrobox/ubuntu_ros/lab/Lab3/install/custom_action_cpp/share/custom_action_cpp/hook/ld_library_path_lib.dsv'
[32.398s] INFO:colcon.colcon_core.shell:Creating environment hook '/Users/alessandrochinello/distrobox/ubuntu_ros/lab/Lab3/install/custom_action_cpp/share/custom_action_cpp/hook/ld_library_path_lib.sh'
[32.402s] Level 1:colcon.colcon_core.environment:checking '/Users/alessandrochinello/distrobox/ubuntu_ros/lab/Lab3/install/custom_action_cpp/bin'
[32.404s] Level 1:colcon.colcon_core.environment:checking '/Users/alessandrochinello/distrobox/ubuntu_ros/lab/Lab3/install/custom_action_cpp/lib/pkgconfig/custom_action_cpp.pc'
[32.405s] Level 1:colcon.colcon_core.environment:checking '/Users/alessandrochinello/distrobox/ubuntu_ros/lab/Lab3/install/custom_action_cpp/lib/python3.12/site-packages'
[32.406s] Level 1:colcon.colcon_core.environment:checking '/Users/alessandrochinello/distrobox/ubuntu_ros/lab/Lab3/install/custom_action_cpp/bin'
[32.407s] INFO:colcon.colcon_core.shell:Creating package script '/Users/alessandrochinello/distrobox/ubuntu_ros/lab/Lab3/install/custom_action_cpp/share/custom_action_cpp/package.ps1'
[32.410s] INFO:colcon.colcon_core.shell:Creating package descriptor '/Users/alessandrochinello/distrobox/ubuntu_ros/lab/Lab3/install/custom_action_cpp/share/custom_action_cpp/package.dsv'
[32.412s] INFO:colcon.colcon_core.shell:Creating package script '/Users/alessandrochinello/distrobox/ubuntu_ros/lab/Lab3/install/custom_action_cpp/share/custom_action_cpp/package.sh'
[32.414s] INFO:colcon.colcon_core.shell:Creating package script '/Users/alessandrochinello/distrobox/ubuntu_ros/lab/Lab3/install/custom_action_cpp/share/custom_action_cpp/package.bash'
[32.415s] INFO:colcon.colcon_core.shell:Creating package script '/Users/alessandrochinello/distrobox/ubuntu_ros/lab/Lab3/install/custom_action_cpp/share/custom_action_cpp/package.zsh'
[32.416s] Level 1:colcon.colcon_core.environment:create_file_with_runtime_dependencies(/Users/alessandrochinello/distrobox/ubuntu_ros/lab/Lab3/install/custom_action_cpp/share/colcon-core/packages/custom_action_cpp)
[32.419s] DEBUG:colcon.colcon_parallel_executor.executor.parallel:closing loop
[32.421s] DEBUG:colcon.colcon_parallel_executor.executor.parallel:loop closed
[32.422s] DEBUG:colcon.colcon_parallel_executor.executor.parallel:run_until_complete finished with '0'
[32.423s] DEBUG:colcon.colcon_core.event_reactor:joining thread
[32.462s] INFO:colcon.colcon_core.plugin_system:Skipping extension 'colcon_notification.desktop_notification.notify_send': Could not find 'notify-send'
[32.463s] INFO:colcon.colcon_core.plugin_system:Skipping extension 'colcon_notification.desktop_notification.terminal_notifier': Not used on non-Darwin systems
[32.463s] INFO:colcon.colcon_core.plugin_system:Skipping extension 'colcon_notification.desktop_notification.win32': Not used on non-Windows systems
[32.463s] INFO:colcon.colcon_notification.desktop_notification:Sending desktop notification using 'notify2'
[32.464s] DEBUG:colcon.colcon_notification.desktop_notification.notify2:Failed to initialize notify2: org.freedesktop.DBus.Error.NotSupported: Unable to autolaunch a dbus-daemon without a $DISPLAY for X11
[32.464s] DEBUG:colcon.colcon_core.event_reactor:joined thread
[32.464s] INFO:colcon.colcon_core.shell:Creating prefix script '/Users/alessandrochinello/distrobox/ubuntu_ros/lab/Lab3/install/local_setup.ps1'
[32.467s] INFO:colcon.colcon_core.shell:Creating prefix util module '/Users/alessandrochinello/distrobox/ubuntu_ros/lab/Lab3/install/_local_setup_util_ps1.py'
[32.474s] INFO:colcon.colcon_core.shell:Creating prefix chain script '/Users/alessandrochinello/distrobox/ubuntu_ros/lab/Lab3/install/setup.ps1'
[32.476s] INFO:colcon.colcon_core.shell:Creating prefix script '/Users/alessandrochinello/distrobox/ubuntu_ros/lab/Lab3/install/local_setup.sh'
[32.478s] INFO:colcon.colcon_core.shell:Creating prefix util module '/Users/alessandrochinello/distrobox/ubuntu_ros/lab/Lab3/install/_local_setup_util_sh.py'
[32.480s] INFO:colcon.colcon_core.shell:Creating prefix chain script '/Users/alessandrochinello/distrobox/ubuntu_ros/lab/Lab3/install/setup.sh'
[32.482s] INFO:colcon.colcon_core.shell:Creating prefix script '/Users/alessandrochinello/distrobox/ubuntu_ros/lab/Lab3/install/local_setup.bash'
[32.483s] INFO:colcon.colcon_core.shell:Creating prefix chain script '/Users/alessandrochinello/distrobox/ubuntu_ros/lab/Lab3/install/setup.bash'
[32.486s] INFO:colcon.colcon_core.shell:Creating prefix script '/Users/alessandrochinello/distrobox/ubuntu_ros/lab/Lab3/install/local_setup.zsh'
[32.489s] INFO:colcon.colcon_core.shell:Creating prefix chain script '/Users/alessandrochinello/distrobox/ubuntu_ros/lab/Lab3/install/setup.zsh'
