-- The C compiler identification is GNU 13.3.0
-- The CXX compiler identification is GNU 13.3.0
-- Detecting C compiler ABI info
-- Detecting C compiler ABI info - done
-- Check for working C compiler: /usr/bin/cc - skipped
-- Detecting C compile features
-- Detecting C compile features - done
-- Detecting CXX compiler ABI info
-- Detecting CXX compiler ABI info - done
-- Check for working CXX compiler: /usr/bin/c++ - skipped
-- Detecting CXX compile features
-- Detecting CXX compile features - done
-- Found ament_cmake: 2.5.4 (/opt/ros/jazzy/share/ament_cmake/cmake)
-- Found Python3: /usr/bin/python3 (found version "3.12.3") found components: Interpreter 
-- Found rclcpp: 28.1.12 (/opt/ros/jazzy/share/rclcpp/cmake)
-- Found rosidl_generator_c: 4.6.6 (/opt/ros/jazzy/share/rosidl_generator_c/cmake)
-- Found rosidl_generator_cpp: 4.6.6 (/opt/ros/jazzy/share/rosidl_generator_cpp/cmake)
-- Using all available rosidl_typesupport_c: rosidl_typesupport_fastrtps_c;rosidl_typesupport_introspection_c
-- Using all available rosidl_typesupport_cpp: rosidl_typesupport_fastrtps_cpp;rosidl_typesupport_introspection_cpp
-- Found rmw_implementation_cmake: 7.3.2 (/opt/ros/jazzy/share/rmw_implementation_cmake/cmake)
-- Found rmw_fastrtps_cpp: 8.4.3 (/opt/ros/jazzy/share/rmw_fastrtps_cpp/cmake)
-- Found OpenSSL: /usr/lib/aarch64-linux-gnu/libcrypto.so (found version "3.0.13")  
-- Found FastRTPS: /opt/ros/jazzy/include (Required is at least version "2.13") 
-- Using RMW implementation 'rmw_fastrtps_cpp' as default
-- Found interfaces: 0.0.0 (/Users/alessandrochinello/distrobox/ubuntu_ros/lab/Lab2/install/interfaces/share/interfaces/cmake)
-- Found ament_lint_auto: 0.17.3 (/opt/ros/jazzy/share/ament_lint_auto/cmake)
-- Added test 'cppcheck' to perform static code analysis on C / C++ code
-- Configured cppcheck include dirs: 
-- Configured cppcheck exclude dirs and/or files: 
-- Added test 'lint_cmake' to check CMake code style
-- Added test 'uncrustify' to check C / C++ code style
-- Configured uncrustify additional arguments: 
-- Added test 'xmllint' to check XML markup files
-- Configuring done (1.9s)
-- Generating done (0.1s)
-- Build files have been written to: /Users/alessandrochinello/distrobox/ubuntu_ros/lab/Lab2/build/cpp_pubsub_custom_msg
[ 50%] [32mBuilding CXX object CMakeFiles/charge_station.dir/src/charge_station.cpp.o[0m
[ 50%] [32mBuilding CXX object CMakeFiles/robot.dir/src/robot.cpp.o[0m
[ 75%] [32m[1mLinking CXX executable robot[0m
[ 75%] Built target robot
[100%] [32m[1mLinking CXX executable charge_station[0m
[100%] Built target charge_station
-- Install configuration: ""
-- Installing: /Users/alessandrochinello/distrobox/ubuntu_ros/lab/Lab2/install/cpp_pubsub_custom_msg/lib/cpp_pubsub_custom_msg/robot
-- Set non-toolchain portion of runtime path of "/Users/alessandrochinello/distrobox/ubuntu_ros/lab/Lab2/install/cpp_pubsub_custom_msg/lib/cpp_pubsub_custom_msg/robot" to ""
-- Installing: /Users/alessandrochinello/distrobox/ubuntu_ros/lab/Lab2/install/cpp_pubsub_custom_msg/lib/cpp_pubsub_custom_msg/charge_station
-- Set non-toolchain portion of runtime path of "/Users/alessandrochinello/distrobox/ubuntu_ros/lab/Lab2/install/cpp_pubsub_custom_msg/lib/cpp_pubsub_custom_msg/charge_station" to ""
-- Installing: /Users/alessandrochinello/distrobox/ubuntu_ros/lab/Lab2/install/cpp_pubsub_custom_msg/share/ament_index/resource_index/package_run_dependencies/cpp_pubsub_custom_msg
-- Installing: /Users/alessandrochinello/distrobox/ubuntu_ros/lab/Lab2/install/cpp_pubsub_custom_msg/share/ament_index/resource_index/parent_prefix_path/cpp_pubsub_custom_msg
-- Installing: /Users/alessandrochinello/distrobox/ubuntu_ros/lab/Lab2/install/cpp_pubsub_custom_msg/share/cpp_pubsub_custom_msg/environment/ament_prefix_path.sh
-- Installing: /Users/alessandrochinello/distrobox/ubuntu_ros/lab/Lab2/install/cpp_pubsub_custom_msg/share/cpp_pubsub_custom_msg/environment/ament_prefix_path.dsv
-- Installing: /Users/alessandrochinello/distrobox/ubuntu_ros/lab/Lab2/install/cpp_pubsub_custom_msg/share/cpp_pubsub_custom_msg/environment/path.sh
-- Installing: /Users/alessandrochinello/distrobox/ubuntu_ros/lab/Lab2/install/cpp_pubsub_custom_msg/share/cpp_pubsub_custom_msg/environment/path.dsv
-- Installing: /Users/alessandrochinello/distrobox/ubuntu_ros/lab/Lab2/install/cpp_pubsub_custom_msg/share/cpp_pubsub_custom_msg/local_setup.bash
-- Installing: /Users/alessandrochinello/distrobox/ubuntu_ros/lab/Lab2/install/cpp_pubsub_custom_msg/share/cpp_pubsub_custom_msg/local_setup.sh
-- Installing: /Users/alessandrochinello/distrobox/ubuntu_ros/lab/Lab2/install/cpp_pubsub_custom_msg/share/cpp_pubsub_custom_msg/local_setup.zsh
-- Installing: /Users/alessandrochinello/distrobox/ubuntu_ros/lab/Lab2/install/cpp_pubsub_custom_msg/share/cpp_pubsub_custom_msg/local_setup.dsv
-- Installing: /Users/alessandrochinello/distrobox/ubuntu_ros/lab/Lab2/install/cpp_pubsub_custom_msg/share/cpp_pubsub_custom_msg/package.dsv
-- Installing: /Users/alessandrochinello/distrobox/ubuntu_ros/lab/Lab2/install/cpp_pubsub_custom_msg/share/ament_index/resource_index/packages/cpp_pubsub_custom_msg
-- Installing: /Users/alessandrochinello/distrobox/ubuntu_ros/lab/Lab2/install/cpp_pubsub_custom_msg/share/cpp_pubsub_custom_msg/cmake/cpp_pubsub_custom_msgConfig.cmake
-- Installing: /Users/alessandrochinello/distrobox/ubuntu_ros/lab/Lab2/install/cpp_pubsub_custom_msg/share/cpp_pubsub_custom_msg/cmake/cpp_pubsub_custom_msgConfig-version.cmake
-- Installing: /Users/alessandrochinello/distrobox/ubuntu_ros/lab/Lab2/install/cpp_pubsub_custom_msg/share/cpp_pubsub_custom_msg/package.xml
