[0.021s] Invoking command in '/Users/alessandrochinello/distrobox/ubuntu_ros/lab/Lab2/build/cpp_pubsub_custom_msg': CMAKE_PREFIX_PATH=${CMAKE_PREFIX_PATH}:/opt/ros/jazzy CXXFLAGS=-I/opt/homebrew/Cellar/opencv/4.11.0_1/include/opencv4 /usr/bin/cmake /Users/alessandrochinello/distrobox/ubuntu_ros/lab/Lab2/src/cpp_pubsub_custom_msg -DCMAKE_INSTALL_PREFIX=/Users/alessandrochinello/distrobox/ubuntu_ros/lab/Lab2/install/cpp_pubsub_custom_msg
[0.119s] -- The C compiler identification is GNU 13.3.0
[0.204s] -- The CXX compiler identification is GNU 13.3.0
[0.223s] -- Detecting C compiler ABI info
[0.379s] -- Detecting C compiler ABI info - done
[0.412s] -- Check for working C compiler: /usr/bin/cc - skipped
[0.413s] -- Detecting C compile features
[0.415s] -- Detecting C compile features - done
[0.426s] -- Detecting CXX compiler ABI info
[0.584s] -- Detecting CXX compiler ABI info - done
[0.617s] -- Check for working CXX compiler: /usr/bin/c++ - skipped
[0.618s] -- Detecting CXX compile features
[0.619s] -- Detecting CXX compile features - done
[0.632s] -- Found ament_cmake: 2.5.4 (/opt/ros/jazzy/share/ament_cmake/cmake)
[0.843s] -- Found Python3: /usr/bin/python3 (found version "3.12.3") found components: Interpreter 
[1.061s] -- Found rclcpp: 28.1.12 (/opt/ros/jazzy/share/rclcpp/cmake)
[1.150s] -- Found rosidl_generator_c: 4.6.6 (/opt/ros/jazzy/share/rosidl_generator_c/cmake)
[1.177s] -- Found rosidl_generator_cpp: 4.6.6 (/opt/ros/jazzy/share/rosidl_generator_cpp/cmake)
[1.208s] -- Using all available rosidl_typesupport_c: rosidl_typesupport_fastrtps_c;rosidl_typesupport_introspection_c
[1.243s] -- Using all available rosidl_typesupport_cpp: rosidl_typesupport_fastrtps_cpp;rosidl_typesupport_introspection_cpp
[1.381s] -- Found rmw_implementation_cmake: 7.3.2 (/opt/ros/jazzy/share/rmw_implementation_cmake/cmake)
[1.388s] -- Found rmw_fastrtps_cpp: 8.4.3 (/opt/ros/jazzy/share/rmw_fastrtps_cpp/cmake)
[1.515s] -- Found OpenSSL: /usr/lib/aarch64-linux-gnu/libcrypto.so (found version "3.0.13")  
[1.550s] -- Found FastRTPS: /opt/ros/jazzy/include (Required is at least version "2.13") 
[1.578s] -- Using RMW implementation 'rmw_fastrtps_cpp' as default
[1.718s] -- Found interfaces: 0.0.0 (/Users/alessandrochinello/distrobox/ubuntu_ros/lab/Lab2/install/interfaces/share/interfaces/cmake)
[1.758s] -- Found ament_lint_auto: 0.17.3 (/opt/ros/jazzy/share/ament_lint_auto/cmake)
[1.938s] -- Added test 'cppcheck' to perform static code analysis on C / C++ code
[1.938s] -- Configured cppcheck include dirs: 
[1.939s] -- Configured cppcheck exclude dirs and/or files: 
[1.945s] -- Added test 'lint_cmake' to check CMake code style
[1.959s] -- Added test 'uncrustify' to check C / C++ code style
[1.959s] -- Configured uncrustify additional arguments: 
[1.963s] -- Added test 'xmllint' to check XML markup files
[1.977s] -- Configuring done (1.9s)
[2.054s] -- Generating done (0.1s)
[2.081s] -- Build files have been written to: /Users/alessandrochinello/distrobox/ubuntu_ros/lab/Lab2/build/cpp_pubsub_custom_msg
[2.088s] Invoked command in '/Users/alessandrochinello/distrobox/ubuntu_ros/lab/Lab2/build/cpp_pubsub_custom_msg' returned '0': CMAKE_PREFIX_PATH=${CMAKE_PREFIX_PATH}:/opt/ros/jazzy CXXFLAGS=-I/opt/homebrew/Cellar/opencv/4.11.0_1/include/opencv4 /usr/bin/cmake /Users/alessandrochinello/distrobox/ubuntu_ros/lab/Lab2/src/cpp_pubsub_custom_msg -DCMAKE_INSTALL_PREFIX=/Users/alessandrochinello/distrobox/ubuntu_ros/lab/Lab2/install/cpp_pubsub_custom_msg
[2.090s] Invoking command in '/Users/alessandrochinello/distrobox/ubuntu_ros/lab/Lab2/build/cpp_pubsub_custom_msg': CMAKE_PREFIX_PATH=${CMAKE_PREFIX_PATH}:/opt/ros/jazzy CXXFLAGS=-I/opt/homebrew/Cellar/opencv/4.11.0_1/include/opencv4 /usr/bin/cmake --build /Users/alessandrochinello/distrobox/ubuntu_ros/lab/Lab2/build/cpp_pubsub_custom_msg -- -j4 -l4
[2.163s] [ 50%] [32mBuilding CXX object CMakeFiles/charge_station.dir/src/charge_station.cpp.o[0m
[2.164s] [ 50%] [32mBuilding CXX object CMakeFiles/robot.dir/src/robot.cpp.o[0m
[6.908s] [ 75%] [32m[1mLinking CXX executable robot[0m
[7.221s] [ 75%] Built target robot
[9.369s] [100%] [32m[1mLinking CXX executable charge_station[0m
[9.955s] [100%] Built target charge_station
[9.975s] Invoked command in '/Users/alessandrochinello/distrobox/ubuntu_ros/lab/Lab2/build/cpp_pubsub_custom_msg' returned '0': CMAKE_PREFIX_PATH=${CMAKE_PREFIX_PATH}:/opt/ros/jazzy CXXFLAGS=-I/opt/homebrew/Cellar/opencv/4.11.0_1/include/opencv4 /usr/bin/cmake --build /Users/alessandrochinello/distrobox/ubuntu_ros/lab/Lab2/build/cpp_pubsub_custom_msg -- -j4 -l4
[9.995s] Invoking command in '/Users/alessandrochinello/distrobox/ubuntu_ros/lab/Lab2/build/cpp_pubsub_custom_msg': CMAKE_PREFIX_PATH=${CMAKE_PREFIX_PATH}:/opt/ros/jazzy CXXFLAGS=-I/opt/homebrew/Cellar/opencv/4.11.0_1/include/opencv4 /usr/bin/cmake --install /Users/alessandrochinello/distrobox/ubuntu_ros/lab/Lab2/build/cpp_pubsub_custom_msg
[10.007s] -- Install configuration: ""
[10.009s] -- Installing: /Users/alessandrochinello/distrobox/ubuntu_ros/lab/Lab2/install/cpp_pubsub_custom_msg/lib/cpp_pubsub_custom_msg/robot
[10.040s] -- Set non-toolchain portion of runtime path of "/Users/alessandrochinello/distrobox/ubuntu_ros/lab/Lab2/install/cpp_pubsub_custom_msg/lib/cpp_pubsub_custom_msg/robot" to ""
[10.040s] -- Installing: /Users/alessandrochinello/distrobox/ubuntu_ros/lab/Lab2/install/cpp_pubsub_custom_msg/lib/cpp_pubsub_custom_msg/charge_station
[10.144s] -- Set non-toolchain portion of runtime path of "/Users/alessandrochinello/distrobox/ubuntu_ros/lab/Lab2/install/cpp_pubsub_custom_msg/lib/cpp_pubsub_custom_msg/charge_station" to ""
[10.146s] -- Installing: /Users/alessandrochinello/distrobox/ubuntu_ros/lab/Lab2/install/cpp_pubsub_custom_msg/share/ament_index/resource_index/package_run_dependencies/cpp_pubsub_custom_msg
[10.150s] -- Installing: /Users/alessandrochinello/distrobox/ubuntu_ros/lab/Lab2/install/cpp_pubsub_custom_msg/share/ament_index/resource_index/parent_prefix_path/cpp_pubsub_custom_msg
[10.153s] -- Installing: /Users/alessandrochinello/distrobox/ubuntu_ros/lab/Lab2/install/cpp_pubsub_custom_msg/share/cpp_pubsub_custom_msg/environment/ament_prefix_path.sh
[10.155s] -- Installing: /Users/alessandrochinello/distrobox/ubuntu_ros/lab/Lab2/install/cpp_pubsub_custom_msg/share/cpp_pubsub_custom_msg/environment/ament_prefix_path.dsv
[10.158s] -- Installing: /Users/alessandrochinello/distrobox/ubuntu_ros/lab/Lab2/install/cpp_pubsub_custom_msg/share/cpp_pubsub_custom_msg/environment/path.sh
[10.160s] -- Installing: /Users/alessandrochinello/distrobox/ubuntu_ros/lab/Lab2/install/cpp_pubsub_custom_msg/share/cpp_pubsub_custom_msg/environment/path.dsv
[10.162s] -- Installing: /Users/alessandrochinello/distrobox/ubuntu_ros/lab/Lab2/install/cpp_pubsub_custom_msg/share/cpp_pubsub_custom_msg/local_setup.bash
[10.164s] -- Installing: /Users/alessandrochinello/distrobox/ubuntu_ros/lab/Lab2/install/cpp_pubsub_custom_msg/share/cpp_pubsub_custom_msg/local_setup.sh
[10.168s] -- Installing: /Users/alessandrochinello/distrobox/ubuntu_ros/lab/Lab2/install/cpp_pubsub_custom_msg/share/cpp_pubsub_custom_msg/local_setup.zsh
[10.170s] -- Installing: /Users/alessandrochinello/distrobox/ubuntu_ros/lab/Lab2/install/cpp_pubsub_custom_msg/share/cpp_pubsub_custom_msg/local_setup.dsv
[10.173s] -- Installing: /Users/alessandrochinello/distrobox/ubuntu_ros/lab/Lab2/install/cpp_pubsub_custom_msg/share/cpp_pubsub_custom_msg/package.dsv
[10.176s] -- Installing: /Users/alessandrochinello/distrobox/ubuntu_ros/lab/Lab2/install/cpp_pubsub_custom_msg/share/ament_index/resource_index/packages/cpp_pubsub_custom_msg
[10.179s] -- Installing: /Users/alessandrochinello/distrobox/ubuntu_ros/lab/Lab2/install/cpp_pubsub_custom_msg/share/cpp_pubsub_custom_msg/cmake/cpp_pubsub_custom_msgConfig.cmake
[10.181s] -- Installing: /Users/alessandrochinello/distrobox/ubuntu_ros/lab/Lab2/install/cpp_pubsub_custom_msg/share/cpp_pubsub_custom_msg/cmake/cpp_pubsub_custom_msgConfig-version.cmake
[10.184s] -- Installing: /Users/alessandrochinello/distrobox/ubuntu_ros/lab/Lab2/install/cpp_pubsub_custom_msg/share/cpp_pubsub_custom_msg/package.xml
[10.190s] Invoked command in '/Users/alessandrochinello/distrobox/ubuntu_ros/lab/Lab2/build/cpp_pubsub_custom_msg' returned '0': CMAKE_PREFIX_PATH=${CMAKE_PREFIX_PATH}:/opt/ros/jazzy CXXFLAGS=-I/opt/homebrew/Cellar/opencv/4.11.0_1/include/opencv4 /usr/bin/cmake --install /Users/alessandrochinello/distrobox/ubuntu_ros/lab/Lab2/build/cpp_pubsub_custom_msg
